{"/Users/mac/nibbs/api/v1/controllers/authentication.js": {"path":"/Users/mac/nibbs/api/v1/controllers/authentication.js","statementMap":{"0":{"start":{"line":1,"column":17},"end":{"line":1,"column":36}},"1":{"start":{"line":2,"column":15},"end":{"line":2,"column":47}},"2":{"start":{"line":3,"column":15},"end":{"line":3,"column":37}},"3":{"start":{"line":4,"column":16},"end":{"line":4,"column":42}},"4":{"start":{"line":5,"column":17},"end":{"line":5,"column":55}},"5":{"start":{"line":6,"column":20},"end":{"line":6,"column":64}},"6":{"start":{"line":7,"column":18},"end":{"line":7,"column":59}},"7":{"start":{"line":8,"column":11},"end":{"line":8,"column":42}},"8":{"start":{"line":9,"column":11},"end":{"line":9,"column":43}},"9":{"start":{"line":11,"column":59},"end":{"line":11,"column":94}},"10":{"start":{"line":26,"column":4},"end":{"line":81,"column":5}},"11":{"start":{"line":27,"column":22},"end":{"line":27,"column":43}},"12":{"start":{"line":28,"column":6},"end":{"line":33,"column":7}},"13":{"start":{"line":29,"column":8},"end":{"line":32,"column":11}},"14":{"start":{"line":34,"column":22},"end":{"line":41,"column":7}},"15":{"start":{"line":44,"column":24},"end":{"line":53,"column":7}},"16":{"start":{"line":54,"column":6},"end":{"line":54,"column":52}},"17":{"start":{"line":55,"column":6},"end":{"line":57,"column":7}},"18":{"start":{"line":56,"column":8},"end":{"line":56,"column":76}},"19":{"start":{"line":58,"column":19},"end":{"line":58,"column":24}},"20":{"start":{"line":59,"column":17},"end":{"line":59,"column":41}},"21":{"start":{"line":60,"column":24},"end":{"line":60,"column":76}},"22":{"start":{"line":61,"column":6},"end":{"line":61,"column":43}},"23":{"start":{"line":62,"column":6},"end":{"line":65,"column":7}},"24":{"start":{"line":63,"column":8},"end":{"line":63,"column":22}},"25":{"start":{"line":64,"column":8},"end":{"line":64,"column":28}},"26":{"start":{"line":66,"column":6},"end":{"line":66,"column":37}},"27":{"start":{"line":67,"column":26},"end":{"line":71,"column":8}},"28":{"start":{"line":72,"column":6},"end":{"line":72,"column":33}},"29":{"start":{"line":73,"column":6},"end":{"line":77,"column":9}},"30":{"start":{"line":79,"column":6},"end":{"line":79,"column":25}},"31":{"start":{"line":80,"column":6},"end":{"line":80,"column":25}},"32":{"start":{"line":93,"column":4},"end":{"line":104,"column":5}},"33":{"start":{"line":94,"column":6},"end":{"line":96,"column":7}},"34":{"start":{"line":95,"column":8},"end":{"line":95,"column":78}},"35":{"start":{"line":97,"column":24},"end":{"line":97,"column":51}},"36":{"start":{"line":98,"column":6},"end":{"line":100,"column":7}},"37":{"start":{"line":99,"column":8},"end":{"line":99,"column":106}},"38":{"start":{"line":101,"column":6},"end":{"line":101,"column":70}},"39":{"start":{"line":103,"column":6},"end":{"line":103,"column":25}},"40":{"start":{"line":116,"column":4},"end":{"line":124,"column":5}},"41":{"start":{"line":117,"column":22},"end":{"line":117,"column":48}},"42":{"start":{"line":118,"column":6},"end":{"line":120,"column":7}},"43":{"start":{"line":119,"column":8},"end":{"line":119,"column":91}},"44":{"start":{"line":121,"column":6},"end":{"line":121,"column":95}},"45":{"start":{"line":123,"column":6},"end":{"line":123,"column":25}},"46":{"start":{"line":136,"column":4},"end":{"line":148,"column":5}},"47":{"start":{"line":137,"column":19},"end":{"line":137,"column":36}},"48":{"start":{"line":138,"column":6},"end":{"line":140,"column":7}},"49":{"start":{"line":139,"column":8},"end":{"line":139,"column":73}},"50":{"start":{"line":141,"column":24},"end":{"line":141,"column":60}},"51":{"start":{"line":142,"column":6},"end":{"line":144,"column":7}},"52":{"start":{"line":143,"column":8},"end":{"line":143,"column":68}},"53":{"start":{"line":145,"column":6},"end":{"line":145,"column":77}},"54":{"start":{"line":147,"column":6},"end":{"line":147,"column":25}},"55":{"start":{"line":151,"column":0},"end":{"line":151,"column":41}}},"fnMap":{"0":{"name":"(anonymous_0)","decl":{"start":{"line":25,"column":2},"end":{"line":25,"column":3}},"loc":{"start":{"line":25,"column":37},"end":{"line":82,"column":3}},"line":25},"1":{"name":"(anonymous_1)","decl":{"start":{"line":92,"column":2},"end":{"line":92,"column":3}},"loc":{"start":{"line":92,"column":42},"end":{"line":105,"column":3}},"line":92},"2":{"name":"(anonymous_2)","decl":{"start":{"line":115,"column":2},"end":{"line":115,"column":3}},"loc":{"start":{"line":115,"column":39},"end":{"line":125,"column":3}},"line":115},"3":{"name":"(anonymous_3)","decl":{"start":{"line":135,"column":2},"end":{"line":135,"column":3}},"loc":{"start":{"line":135,"column":42},"end":{"line":149,"column":3}},"line":135}},"branchMap":{"0":{"loc":{"start":{"line":28,"column":6},"end":{"line":33,"column":7}},"type":"if","locations":[{"start":{"line":28,"column":6},"end":{"line":33,"column":7}},{"start":{"line":28,"column":6},"end":{"line":33,"column":7}}],"line":28},"1":{"loc":{"start":{"line":46,"column":17},"end":{"line":46,"column":37}},"type":"binary-expr","locations":[{"start":{"line":46,"column":17},"end":{"line":46,"column":31}},{"start":{"line":46,"column":35},"end":{"line":46,"column":37}}],"line":46},"2":{"loc":{"start":{"line":55,"column":6},"end":{"line":57,"column":7}},"type":"if","locations":[{"start":{"line":55,"column":6},"end":{"line":57,"column":7}},{"start":{"line":55,"column":6},"end":{"line":57,"column":7}}],"line":55},"3":{"loc":{"start":{"line":62,"column":6},"end":{"line":65,"column":7}},"type":"if","locations":[{"start":{"line":62,"column":6},"end":{"line":65,"column":7}},{"start":{"line":62,"column":6},"end":{"line":65,"column":7}}],"line":62},"4":{"loc":{"start":{"line":69,"column":16},"end":{"line":69,"column":42}},"type":"binary-expr","locations":[{"start":{"line":69,"column":16},"end":{"line":69,"column":29}},{"start":{"line":69,"column":33},"end":{"line":69,"column":42}}],"line":69},"5":{"loc":{"start":{"line":94,"column":6},"end":{"line":96,"column":7}},"type":"if","locations":[{"start":{"line":94,"column":6},"end":{"line":96,"column":7}},{"start":{"line":94,"column":6},"end":{"line":96,"column":7}}],"line":94},"6":{"loc":{"start":{"line":98,"column":6},"end":{"line":100,"column":7}},"type":"if","locations":[{"start":{"line":98,"column":6},"end":{"line":100,"column":7}},{"start":{"line":98,"column":6},"end":{"line":100,"column":7}}],"line":98},"7":{"loc":{"start":{"line":118,"column":6},"end":{"line":120,"column":7}},"type":"if","locations":[{"start":{"line":118,"column":6},"end":{"line":120,"column":7}},{"start":{"line":118,"column":6},"end":{"line":120,"column":7}}],"line":118},"8":{"loc":{"start":{"line":138,"column":6},"end":{"line":140,"column":7}},"type":"if","locations":[{"start":{"line":138,"column":6},"end":{"line":140,"column":7}},{"start":{"line":138,"column":6},"end":{"line":140,"column":7}}],"line":138},"9":{"loc":{"start":{"line":142,"column":6},"end":{"line":144,"column":7}},"type":"if","locations":[{"start":{"line":142,"column":6},"end":{"line":144,"column":7}},{"start":{"line":142,"column":6},"end":{"line":144,"column":7}}],"line":142}},"s":{"0":6,"1":6,"2":6,"3":6,"4":6,"5":6,"6":6,"7":6,"8":6,"9":6,"10":11,"11":11,"12":11,"13":1,"14":10,"15":10,"16":10,"17":10,"18":0,"19":10,"20":10,"21":10,"22":10,"23":10,"24":7,"25":7,"26":10,"27":10,"28":10,"29":10,"30":0,"31":0,"32":1,"33":1,"34":0,"35":1,"36":1,"37":1,"38":0,"39":0,"40":1,"41":1,"42":1,"43":1,"44":0,"45":0,"46":1,"47":1,"48":1,"49":0,"50":1,"51":1,"52":1,"53":0,"54":0,"55":6},"f":{"0":11,"1":1,"2":1,"3":1},"b":{"0":[1,10],"1":[10,0],"2":[0,10],"3":[7,3],"4":[10,3],"5":[0,1],"6":[1,0],"7":[1,0],"8":[0,1],"9":[1,0]},"_coverageSchema":"1a1c01bbd47fc00a2c39e90264f33305004495a9","hash":"389f45911a1330aa11bc5ceb2622b9558e5f729a"}
,"/Users/mac/nibbs/api/v1/controllers/document.js": {"path":"/Users/mac/nibbs/api/v1/controllers/document.js","statementMap":{"0":{"start":{"line":1,"column":17},"end":{"line":1,"column":36}},"1":{"start":{"line":2,"column":16},"end":{"line":2,"column":50}},"2":{"start":{"line":3,"column":15},"end":{"line":3,"column":47}},"3":{"start":{"line":4,"column":11},"end":{"line":4,"column":24}},"4":{"start":{"line":5,"column":20},"end":{"line":5,"column":49}},"5":{"start":{"line":6,"column":15},"end":{"line":6,"column":37}},"6":{"start":{"line":7,"column":16},"end":{"line":7,"column":42}},"7":{"start":{"line":8,"column":17},"end":{"line":8,"column":55}},"8":{"start":{"line":9,"column":11},"end":{"line":9,"column":42}},"9":{"start":{"line":10,"column":15},"end":{"line":10,"column":50}},"10":{"start":{"line":11,"column":18},"end":{"line":11,"column":57}},"11":{"start":{"line":12,"column":14},"end":{"line":12,"column":35}},"12":{"start":{"line":13,"column":13},"end":{"line":13,"column":46}},"13":{"start":{"line":14,"column":19},"end":{"line":14,"column":43}},"14":{"start":{"line":15,"column":18},"end":{"line":15,"column":59}},"15":{"start":{"line":16,"column":18},"end":{"line":16,"column":59}},"16":{"start":{"line":17,"column":29},"end":{"line":17,"column":83}},"17":{"start":{"line":18,"column":32},"end":{"line":18,"column":89}},"18":{"start":{"line":19,"column":19},"end":{"line":19,"column":49}},"19":{"start":{"line":20,"column":59},"end":{"line":20,"column":94}},"20":{"start":{"line":21,"column":18},"end":{"line":21,"column":59}},"21":{"start":{"line":27,"column":4},"end":{"line":105,"column":5}},"22":{"start":{"line":28,"column":6},"end":{"line":30,"column":7}},"23":{"start":{"line":29,"column":8},"end":{"line":29,"column":83}},"24":{"start":{"line":31,"column":6},"end":{"line":31,"column":48}},"25":{"start":{"line":32,"column":17},"end":{"line":32,"column":32}},"26":{"start":{"line":33,"column":18},"end":{"line":33,"column":20}},"27":{"start":{"line":34,"column":6},"end":{"line":34,"column":36}},"28":{"start":{"line":35,"column":6},"end":{"line":37,"column":7}},"29":{"start":{"line":36,"column":8},"end":{"line":36,"column":60}},"30":{"start":{"line":38,"column":6},"end":{"line":40,"column":7}},"31":{"start":{"line":39,"column":8},"end":{"line":39,"column":62}},"32":{"start":{"line":41,"column":22},"end":{"line":41,"column":60}},"33":{"start":{"line":42,"column":6},"end":{"line":47,"column":7}},"34":{"start":{"line":43,"column":8},"end":{"line":46,"column":11}},"35":{"start":{"line":48,"column":6},"end":{"line":67,"column":7}},"36":{"start":{"line":49,"column":23},"end":{"line":49,"column":35}},"37":{"start":{"line":50,"column":8},"end":{"line":50,"column":38}},"38":{"start":{"line":51,"column":8},"end":{"line":60,"column":9}},"39":{"start":{"line":52,"column":10},"end":{"line":59,"column":11}},"40":{"start":{"line":53,"column":31},"end":{"line":53,"column":63}},"41":{"start":{"line":54,"column":12},"end":{"line":54,"column":55}},"42":{"start":{"line":55,"column":12},"end":{"line":57,"column":13}},"43":{"start":{"line":56,"column":14},"end":{"line":56,"column":23}},"44":{"start":{"line":58,"column":12},"end":{"line":58,"column":83}},"45":{"start":{"line":61,"column":19},"end":{"line":61,"column":57}},"46":{"start":{"line":62,"column":8},"end":{"line":62,"column":43}},"47":{"start":{"line":63,"column":8},"end":{"line":65,"column":9}},"48":{"start":{"line":64,"column":10},"end":{"line":64,"column":19}},"49":{"start":{"line":66,"column":8},"end":{"line":66,"column":63}},"50":{"start":{"line":68,"column":30},"end":{"line":68,"column":138}},"51":{"start":{"line":70,"column":6},"end":{"line":97,"column":7}},"52":{"start":{"line":71,"column":8},"end":{"line":90,"column":9}},"53":{"start":{"line":72,"column":26},"end":{"line":72,"column":69}},"54":{"start":{"line":73,"column":30},"end":{"line":77,"column":12}},"55":{"start":{"line":78,"column":10},"end":{"line":78,"column":56}},"56":{"start":{"line":79,"column":10},"end":{"line":89,"column":13}},"57":{"start":{"line":91,"column":8},"end":{"line":95,"column":11}},"58":{"start":{"line":96,"column":8},"end":{"line":96,"column":130}},"59":{"start":{"line":98,"column":6},"end":{"line":101,"column":9}},"60":{"start":{"line":103,"column":6},"end":{"line":103,"column":25}},"61":{"start":{"line":104,"column":6},"end":{"line":104,"column":25}},"62":{"start":{"line":108,"column":4},"end":{"line":316,"column":5}},"63":{"start":{"line":109,"column":17},"end":{"line":109,"column":32}},"64":{"start":{"line":110,"column":6},"end":{"line":139,"column":7}},"65":{"start":{"line":111,"column":20},"end":{"line":111,"column":22}},"66":{"start":{"line":112,"column":8},"end":{"line":131,"column":9}},"67":{"start":{"line":113,"column":25},"end":{"line":113,"column":37}},"68":{"start":{"line":115,"column":10},"end":{"line":115,"column":40}},"69":{"start":{"line":116,"column":10},"end":{"line":124,"column":11}},"70":{"start":{"line":117,"column":12},"end":{"line":123,"column":13}},"71":{"start":{"line":118,"column":38},"end":{"line":118,"column":75}},"72":{"start":{"line":119,"column":14},"end":{"line":121,"column":15}},"73":{"start":{"line":120,"column":16},"end":{"line":120,"column":25}},"74":{"start":{"line":122,"column":14},"end":{"line":122,"column":49}},"75":{"start":{"line":125,"column":21},"end":{"line":125,"column":64}},"76":{"start":{"line":126,"column":10},"end":{"line":126,"column":45}},"77":{"start":{"line":127,"column":10},"end":{"line":129,"column":11}},"78":{"start":{"line":128,"column":12},"end":{"line":128,"column":21}},"79":{"start":{"line":130,"column":10},"end":{"line":130,"column":32}},"80":{"start":{"line":132,"column":8},"end":{"line":134,"column":9}},"81":{"start":{"line":133,"column":10},"end":{"line":133,"column":82}},"82":{"start":{"line":135,"column":8},"end":{"line":135,"column":36}},"83":{"start":{"line":136,"column":8},"end":{"line":138,"column":11}},"84":{"start":{"line":140,"column":22},"end":{"line":140,"column":57}},"85":{"start":{"line":141,"column":6},"end":{"line":146,"column":7}},"86":{"start":{"line":142,"column":8},"end":{"line":145,"column":11}},"87":{"start":{"line":147,"column":28},"end":{"line":147,"column":79}},"88":{"start":{"line":148,"column":24},"end":{"line":148,"column":50}},"89":{"start":{"line":149,"column":27},"end":{"line":149,"column":70}},"90":{"start":{"line":149,"column":49},"end":{"line":149,"column":69}},"91":{"start":{"line":150,"column":6},"end":{"line":155,"column":7}},"92":{"start":{"line":151,"column":8},"end":{"line":154,"column":11}},"93":{"start":{"line":156,"column":26},"end":{"line":156,"column":56}},"94":{"start":{"line":157,"column":6},"end":{"line":157,"column":46}},"95":{"start":{"line":158,"column":20},"end":{"line":158,"column":49}},"96":{"start":{"line":159,"column":21},"end":{"line":159,"column":58}},"97":{"start":{"line":160,"column":6},"end":{"line":160,"column":41}},"98":{"start":{"line":161,"column":6},"end":{"line":312,"column":7}},"99":{"start":{"line":162,"column":27},"end":{"line":162,"column":59}},"100":{"start":{"line":163,"column":31},"end":{"line":163,"column":62}},"101":{"start":{"line":164,"column":33},"end":{"line":164,"column":62}},"102":{"start":{"line":165,"column":28},"end":{"line":165,"column":75}},"103":{"start":{"line":166,"column":31},"end":{"line":166,"column":57}},"104":{"start":{"line":167,"column":34},"end":{"line":167,"column":63}},"105":{"start":{"line":168,"column":23},"end":{"line":168,"column":63}},"106":{"start":{"line":169,"column":8},"end":{"line":169,"column":35}},"107":{"start":{"line":170,"column":25},"end":{"line":170,"column":133}},"108":{"start":{"line":171,"column":24},"end":{"line":171,"column":43}},"109":{"start":{"line":173,"column":21},"end":{"line":173,"column":69}},"110":{"start":{"line":174,"column":8},"end":{"line":179,"column":11}},"111":{"start":{"line":180,"column":25},"end":{"line":180,"column":44}},"112":{"start":{"line":181,"column":8},"end":{"line":181,"column":38}},"113":{"start":{"line":182,"column":17},"end":{"line":182,"column":27}},"114":{"start":{"line":183,"column":24},"end":{"line":183,"column":52}},"115":{"start":{"line":184,"column":8},"end":{"line":184,"column":45}},"116":{"start":{"line":185,"column":19},"end":{"line":185,"column":69}},"117":{"start":{"line":186,"column":8},"end":{"line":186,"column":50}},"118":{"start":{"line":187,"column":8},"end":{"line":192,"column":9}},"119":{"start":{"line":188,"column":10},"end":{"line":191,"column":13}},"120":{"start":{"line":193,"column":31},"end":{"line":197,"column":23}},"121":{"start":{"line":198,"column":8},"end":{"line":229,"column":9}},"122":{"start":{"line":199,"column":10},"end":{"line":203,"column":13}},"123":{"start":{"line":204,"column":10},"end":{"line":226,"column":11}},"124":{"start":{"line":205,"column":12},"end":{"line":205,"column":45}},"125":{"start":{"line":206,"column":12},"end":{"line":206,"column":89}},"126":{"start":{"line":207,"column":12},"end":{"line":225,"column":13}},"127":{"start":{"line":208,"column":14},"end":{"line":224,"column":17}},"128":{"start":{"line":227,"column":10},"end":{"line":227,"column":30}},"129":{"start":{"line":228,"column":10},"end":{"line":228,"column":117}},"130":{"start":{"line":230,"column":8},"end":{"line":233,"column":11}},"131":{"start":{"line":235,"column":23},"end":{"line":235,"column":49}},"132":{"start":{"line":237,"column":31},"end":{"line":237,"column":62}},"133":{"start":{"line":238,"column":33},"end":{"line":238,"column":62}},"134":{"start":{"line":239,"column":28},"end":{"line":239,"column":75}},"135":{"start":{"line":240,"column":23},"end":{"line":240,"column":55}},"136":{"start":{"line":241,"column":34},"end":{"line":241,"column":63}},"137":{"start":{"line":242,"column":29},"end":{"line":242,"column":52}},"138":{"start":{"line":243,"column":30},"end":{"line":243,"column":123}},"139":{"start":{"line":244,"column":24},"end":{"line":244,"column":132}},"140":{"start":{"line":245,"column":24},"end":{"line":245,"column":43}},"141":{"start":{"line":246,"column":21},"end":{"line":246,"column":80}},"142":{"start":{"line":247,"column":8},"end":{"line":252,"column":11}},"143":{"start":{"line":253,"column":8},"end":{"line":258,"column":11}},"144":{"start":{"line":259,"column":25},"end":{"line":259,"column":44}},"145":{"start":{"line":260,"column":8},"end":{"line":260,"column":38}},"146":{"start":{"line":261,"column":17},"end":{"line":261,"column":30}},"147":{"start":{"line":262,"column":24},"end":{"line":262,"column":52}},"148":{"start":{"line":263,"column":8},"end":{"line":263,"column":45}},"149":{"start":{"line":264,"column":19},"end":{"line":264,"column":69}},"150":{"start":{"line":265,"column":8},"end":{"line":265,"column":50}},"151":{"start":{"line":266,"column":8},"end":{"line":271,"column":9}},"152":{"start":{"line":267,"column":10},"end":{"line":270,"column":13}},"153":{"start":{"line":272,"column":31},"end":{"line":276,"column":30}},"154":{"start":{"line":277,"column":8},"end":{"line":307,"column":9}},"155":{"start":{"line":278,"column":10},"end":{"line":282,"column":13}},"156":{"start":{"line":283,"column":10},"end":{"line":305,"column":11}},"157":{"start":{"line":284,"column":12},"end":{"line":284,"column":45}},"158":{"start":{"line":285,"column":12},"end":{"line":285,"column":82}},"159":{"start":{"line":286,"column":12},"end":{"line":304,"column":13}},"160":{"start":{"line":287,"column":14},"end":{"line":303,"column":17}},"161":{"start":{"line":306,"column":10},"end":{"line":306,"column":117}},"162":{"start":{"line":308,"column":8},"end":{"line":311,"column":11}},"163":{"start":{"line":314,"column":6},"end":{"line":314,"column":25}},"164":{"start":{"line":315,"column":6},"end":{"line":315,"column":25}},"165":{"start":{"line":319,"column":4},"end":{"line":375,"column":5}},"166":{"start":{"line":320,"column":31},"end":{"line":320,"column":62}},"167":{"start":{"line":321,"column":26},"end":{"line":321,"column":55}},"168":{"start":{"line":322,"column":6},"end":{"line":322,"column":28}},"169":{"start":{"line":323,"column":6},"end":{"line":323,"column":29}},"170":{"start":{"line":324,"column":19},"end":{"line":324,"column":53}},"171":{"start":{"line":325,"column":29},"end":{"line":330,"column":29}},"172":{"start":{"line":331,"column":27},"end":{"line":335,"column":10}},"173":{"start":{"line":336,"column":28},"end":{"line":340,"column":10}},"174":{"start":{"line":341,"column":29},"end":{"line":345,"column":10}},"175":{"start":{"line":346,"column":24},"end":{"line":350,"column":65}},"176":{"start":{"line":351,"column":25},"end":{"line":351,"column":69}},"177":{"start":{"line":353,"column":6},"end":{"line":370,"column":7}},"178":{"start":{"line":354,"column":32},"end":{"line":368,"column":9}},"179":{"start":{"line":369,"column":8},"end":{"line":369,"column":95}},"180":{"start":{"line":371,"column":6},"end":{"line":371,"column":99}},"181":{"start":{"line":373,"column":6},"end":{"line":373,"column":25}},"182":{"start":{"line":374,"column":6},"end":{"line":374,"column":25}},"183":{"start":{"line":378,"column":4},"end":{"line":402,"column":5}},"184":{"start":{"line":379,"column":6},"end":{"line":381,"column":7}},"185":{"start":{"line":380,"column":8},"end":{"line":380,"column":98}},"186":{"start":{"line":383,"column":6},"end":{"line":385,"column":7}},"187":{"start":{"line":384,"column":8},"end":{"line":384,"column":73}},"188":{"start":{"line":387,"column":21},"end":{"line":387,"column":74}},"189":{"start":{"line":388,"column":6},"end":{"line":394,"column":7}},"190":{"start":{"line":389,"column":8},"end":{"line":393,"column":11}},"191":{"start":{"line":395,"column":6},"end":{"line":398,"column":9}},"192":{"start":{"line":400,"column":6},"end":{"line":400,"column":25}},"193":{"start":{"line":401,"column":6},"end":{"line":401,"column":25}},"194":{"start":{"line":414,"column":2},"end":{"line":428,"column":3}},"195":{"start":{"line":415,"column":4},"end":{"line":415,"column":37}},"196":{"start":{"line":416,"column":21},"end":{"line":416,"column":51}},"197":{"start":{"line":417,"column":23},"end":{"line":423,"column":6}},"198":{"start":{"line":424,"column":4},"end":{"line":424,"column":86}},"199":{"start":{"line":426,"column":4},"end":{"line":426,"column":23}},"200":{"start":{"line":427,"column":4},"end":{"line":427,"column":17}},"201":{"start":{"line":438,"column":2},"end":{"line":452,"column":3}},"202":{"start":{"line":439,"column":4},"end":{"line":439,"column":37}},"203":{"start":{"line":440,"column":21},"end":{"line":440,"column":53}},"204":{"start":{"line":441,"column":23},"end":{"line":447,"column":6}},"205":{"start":{"line":448,"column":4},"end":{"line":448,"column":52}},"206":{"start":{"line":450,"column":4},"end":{"line":450,"column":23}},"207":{"start":{"line":451,"column":4},"end":{"line":451,"column":17}},"208":{"start":{"line":463,"column":2},"end":{"line":475,"column":3}},"209":{"start":{"line":464,"column":4},"end":{"line":464,"column":37}},"210":{"start":{"line":465,"column":23},"end":{"line":469,"column":6}},"211":{"start":{"line":470,"column":4},"end":{"line":470,"column":38}},"212":{"start":{"line":471,"column":4},"end":{"line":471,"column":43}},"213":{"start":{"line":473,"column":4},"end":{"line":473,"column":23}},"214":{"start":{"line":474,"column":4},"end":{"line":474,"column":17}},"215":{"start":{"line":485,"column":12},"end":{"line":485,"column":13}},"216":{"start":{"line":486,"column":2},"end":{"line":490,"column":3}},"217":{"start":{"line":487,"column":4},"end":{"line":489,"column":5}},"218":{"start":{"line":488,"column":6},"end":{"line":488,"column":14}},"219":{"start":{"line":491,"column":2},"end":{"line":491,"column":30}},"220":{"start":{"line":492,"column":2},"end":{"line":492,"column":40}},"221":{"start":{"line":503,"column":2},"end":{"line":512,"column":5}},"222":{"start":{"line":504,"column":4},"end":{"line":511,"column":7}},"223":{"start":{"line":505,"column":6},"end":{"line":508,"column":7}},"224":{"start":{"line":506,"column":8},"end":{"line":506,"column":25}},"225":{"start":{"line":507,"column":8},"end":{"line":507,"column":23}},"226":{"start":{"line":509,"column":6},"end":{"line":509,"column":29}},"227":{"start":{"line":510,"column":6},"end":{"line":510,"column":17}},"228":{"start":{"line":514,"column":0},"end":{"line":514,"column":34}}},"fnMap":{"0":{"name":"(anonymous_0)","decl":{"start":{"line":26,"column":2},"end":{"line":26,"column":3}},"loc":{"start":{"line":26,"column":47},"end":{"line":106,"column":3}},"line":26},"1":{"name":"(anonymous_1)","decl":{"start":{"line":107,"column":2},"end":{"line":107,"column":3}},"loc":{"start":{"line":107,"column":44},"end":{"line":317,"column":3}},"line":107},"2":{"name":"(anonymous_2)","decl":{"start":{"line":149,"column":44},"end":{"line":149,"column":45}},"loc":{"start":{"line":149,"column":49},"end":{"line":149,"column":69}},"line":149},"3":{"name":"(anonymous_3)","decl":{"start":{"line":318,"column":2},"end":{"line":318,"column":3}},"loc":{"start":{"line":318,"column":48},"end":{"line":376,"column":3}},"line":318},"4":{"name":"(anonymous_4)","decl":{"start":{"line":377,"column":2},"end":{"line":377,"column":3}},"loc":{"start":{"line":377,"column":53},"end":{"line":403,"column":3}},"line":377},"5":{"name":"uploadFile","decl":{"start":{"line":413,"column":15},"end":{"line":413,"column":25}},"loc":{"start":{"line":413,"column":37},"end":{"line":429,"column":1}},"line":413},"6":{"name":"uploadSignature","decl":{"start":{"line":437,"column":15},"end":{"line":437,"column":30}},"loc":{"start":{"line":437,"column":42},"end":{"line":453,"column":1}},"line":437},"7":{"name":"uploadSignedDoc","decl":{"start":{"line":462,"column":15},"end":{"line":462,"column":30}},"loc":{"start":{"line":462,"column":44},"end":{"line":476,"column":1}},"line":462},"8":{"name":"checkSignatureAllSigned","decl":{"start":{"line":484,"column":9},"end":{"line":484,"column":32}},"loc":{"start":{"line":484,"column":39},"end":{"line":493,"column":1}},"line":484},"9":{"name":"saveFile","decl":{"start":{"line":502,"column":9},"end":{"line":502,"column":17}},"loc":{"start":{"line":502,"column":28},"end":{"line":513,"column":1}},"line":502},"10":{"name":"(anonymous_10)","decl":{"start":{"line":503,"column":21},"end":{"line":503,"column":22}},"loc":{"start":{"line":503,"column":32},"end":{"line":512,"column":3}},"line":503},"11":{"name":"(anonymous_11)","decl":{"start":{"line":504,"column":32},"end":{"line":504,"column":33}},"loc":{"start":{"line":504,"column":42},"end":{"line":511,"column":5}},"line":504}},"branchMap":{"0":{"loc":{"start":{"line":28,"column":6},"end":{"line":30,"column":7}},"type":"if","locations":[{"start":{"line":28,"column":6},"end":{"line":30,"column":7}},{"start":{"line":28,"column":6},"end":{"line":30,"column":7}}],"line":28},"1":{"loc":{"start":{"line":28,"column":10},"end":{"line":28,"column":59}},"type":"binary-expr","locations":[{"start":{"line":28,"column":10},"end":{"line":28,"column":20}},{"start":{"line":28,"column":24},"end":{"line":28,"column":59}}],"line":28},"2":{"loc":{"start":{"line":35,"column":6},"end":{"line":37,"column":7}},"type":"if","locations":[{"start":{"line":35,"column":6},"end":{"line":37,"column":7}},{"start":{"line":35,"column":6},"end":{"line":37,"column":7}}],"line":35},"3":{"loc":{"start":{"line":38,"column":6},"end":{"line":40,"column":7}},"type":"if","locations":[{"start":{"line":38,"column":6},"end":{"line":40,"column":7}},{"start":{"line":38,"column":6},"end":{"line":40,"column":7}}],"line":38},"4":{"loc":{"start":{"line":42,"column":6},"end":{"line":47,"column":7}},"type":"if","locations":[{"start":{"line":42,"column":6},"end":{"line":47,"column":7}},{"start":{"line":42,"column":6},"end":{"line":47,"column":7}}],"line":42},"5":{"loc":{"start":{"line":51,"column":8},"end":{"line":60,"column":9}},"type":"if","locations":[{"start":{"line":51,"column":8},"end":{"line":60,"column":9}},{"start":{"line":51,"column":8},"end":{"line":60,"column":9}}],"line":51},"6":{"loc":{"start":{"line":55,"column":12},"end":{"line":57,"column":13}},"type":"if","locations":[{"start":{"line":55,"column":12},"end":{"line":57,"column":13}},{"start":{"line":55,"column":12},"end":{"line":57,"column":13}}],"line":55},"7":{"loc":{"start":{"line":63,"column":8},"end":{"line":65,"column":9}},"type":"if","locations":[{"start":{"line":63,"column":8},"end":{"line":65,"column":9}},{"start":{"line":63,"column":8},"end":{"line":65,"column":9}}],"line":63},"8":{"loc":{"start":{"line":70,"column":6},"end":{"line":97,"column":7}},"type":"if","locations":[{"start":{"line":70,"column":6},"end":{"line":97,"column":7}},{"start":{"line":70,"column":6},"end":{"line":97,"column":7}}],"line":70},"9":{"loc":{"start":{"line":75,"column":20},"end":{"line":75,"column":46}},"type":"binary-expr","locations":[{"start":{"line":75,"column":20},"end":{"line":75,"column":33}},{"start":{"line":75,"column":37},"end":{"line":75,"column":46}}],"line":75},"10":{"loc":{"start":{"line":110,"column":6},"end":{"line":139,"column":7}},"type":"if","locations":[{"start":{"line":110,"column":6},"end":{"line":139,"column":7}},{"start":{"line":110,"column":6},"end":{"line":139,"column":7}}],"line":110},"11":{"loc":{"start":{"line":110,"column":10},"end":{"line":110,"column":56}},"type":"binary-expr","locations":[{"start":{"line":110,"column":10},"end":{"line":110,"column":19}},{"start":{"line":110,"column":23},"end":{"line":110,"column":56}}],"line":110},"12":{"loc":{"start":{"line":116,"column":10},"end":{"line":124,"column":11}},"type":"if","locations":[{"start":{"line":116,"column":10},"end":{"line":124,"column":11}},{"start":{"line":116,"column":10},"end":{"line":124,"column":11}}],"line":116},"13":{"loc":{"start":{"line":119,"column":14},"end":{"line":121,"column":15}},"type":"if","locations":[{"start":{"line":119,"column":14},"end":{"line":121,"column":15}},{"start":{"line":119,"column":14},"end":{"line":121,"column":15}}],"line":119},"14":{"loc":{"start":{"line":127,"column":10},"end":{"line":129,"column":11}},"type":"if","locations":[{"start":{"line":127,"column":10},"end":{"line":129,"column":11}},{"start":{"line":127,"column":10},"end":{"line":129,"column":11}}],"line":127},"15":{"loc":{"start":{"line":132,"column":8},"end":{"line":134,"column":9}},"type":"if","locations":[{"start":{"line":132,"column":8},"end":{"line":134,"column":9}},{"start":{"line":132,"column":8},"end":{"line":134,"column":9}}],"line":132},"16":{"loc":{"start":{"line":141,"column":6},"end":{"line":146,"column":7}},"type":"if","locations":[{"start":{"line":141,"column":6},"end":{"line":146,"column":7}},{"start":{"line":141,"column":6},"end":{"line":146,"column":7}}],"line":141},"17":{"loc":{"start":{"line":150,"column":6},"end":{"line":155,"column":7}},"type":"if","locations":[{"start":{"line":150,"column":6},"end":{"line":155,"column":7}},{"start":{"line":150,"column":6},"end":{"line":155,"column":7}}],"line":150},"18":{"loc":{"start":{"line":161,"column":6},"end":{"line":312,"column":7}},"type":"if","locations":[{"start":{"line":161,"column":6},"end":{"line":312,"column":7}},{"start":{"line":161,"column":6},"end":{"line":312,"column":7}}],"line":161},"19":{"loc":{"start":{"line":170,"column":25},"end":{"line":170,"column":133}},"type":"cond-expr","locations":[{"start":{"line":170,"column":47},"end":{"line":170,"column":89}},{"start":{"line":170,"column":91},"end":{"line":170,"column":133}}],"line":170},"20":{"loc":{"start":{"line":173,"column":36},"end":{"line":173,"column":68}},"type":"binary-expr","locations":[{"start":{"line":173,"column":36},"end":{"line":173,"column":63}},{"start":{"line":173,"column":67},"end":{"line":173,"column":68}}],"line":173},"21":{"loc":{"start":{"line":187,"column":8},"end":{"line":192,"column":9}},"type":"if","locations":[{"start":{"line":187,"column":8},"end":{"line":192,"column":9}},{"start":{"line":187,"column":8},"end":{"line":192,"column":9}}],"line":187},"22":{"loc":{"start":{"line":198,"column":8},"end":{"line":229,"column":9}},"type":"if","locations":[{"start":{"line":198,"column":8},"end":{"line":229,"column":9}},{"start":{"line":198,"column":8},"end":{"line":229,"column":9}}],"line":198},"23":{"loc":{"start":{"line":204,"column":10},"end":{"line":226,"column":11}},"type":"if","locations":[{"start":{"line":204,"column":10},"end":{"line":226,"column":11}},{"start":{"line":204,"column":10},"end":{"line":226,"column":11}}],"line":204},"24":{"loc":{"start":{"line":243,"column":30},"end":{"line":243,"column":123}},"type":"cond-expr","locations":[{"start":{"line":243,"column":47},"end":{"line":243,"column":84}},{"start":{"line":243,"column":86},"end":{"line":243,"column":123}}],"line":243},"25":{"loc":{"start":{"line":244,"column":24},"end":{"line":244,"column":132}},"type":"cond-expr","locations":[{"start":{"line":244,"column":46},"end":{"line":244,"column":88}},{"start":{"line":244,"column":90},"end":{"line":244,"column":132}}],"line":244},"26":{"loc":{"start":{"line":266,"column":8},"end":{"line":271,"column":9}},"type":"if","locations":[{"start":{"line":266,"column":8},"end":{"line":271,"column":9}},{"start":{"line":266,"column":8},"end":{"line":271,"column":9}}],"line":266},"27":{"loc":{"start":{"line":277,"column":8},"end":{"line":307,"column":9}},"type":"if","locations":[{"start":{"line":277,"column":8},"end":{"line":307,"column":9}},{"start":{"line":277,"column":8},"end":{"line":307,"column":9}}],"line":277},"28":{"loc":{"start":{"line":283,"column":10},"end":{"line":305,"column":11}},"type":"if","locations":[{"start":{"line":283,"column":10},"end":{"line":305,"column":11}},{"start":{"line":283,"column":10},"end":{"line":305,"column":11}}],"line":283},"29":{"loc":{"start":{"line":320,"column":31},"end":{"line":320,"column":62}},"type":"binary-expr","locations":[{"start":{"line":320,"column":31},"end":{"line":320,"column":56}},{"start":{"line":320,"column":60},"end":{"line":320,"column":62}}],"line":320},"30":{"loc":{"start":{"line":321,"column":26},"end":{"line":321,"column":55}},"type":"binary-expr","locations":[{"start":{"line":321,"column":26},"end":{"line":321,"column":50}},{"start":{"line":321,"column":54},"end":{"line":321,"column":55}}],"line":321},"31":{"loc":{"start":{"line":353,"column":6},"end":{"line":370,"column":7}},"type":"if","locations":[{"start":{"line":353,"column":6},"end":{"line":370,"column":7}},{"start":{"line":353,"column":6},"end":{"line":370,"column":7}}],"line":353},"32":{"loc":{"start":{"line":353,"column":10},"end":{"line":353,"column":39}},"type":"binary-expr","locations":[{"start":{"line":353,"column":10},"end":{"line":353,"column":19}},{"start":{"line":353,"column":23},"end":{"line":353,"column":39}}],"line":353},"33":{"loc":{"start":{"line":365,"column":20},"end":{"line":365,"column":78}},"type":"cond-expr","locations":[{"start":{"line":365,"column":49},"end":{"line":365,"column":60}},{"start":{"line":365,"column":63},"end":{"line":365,"column":78}}],"line":365},"34":{"loc":{"start":{"line":379,"column":6},"end":{"line":381,"column":7}},"type":"if","locations":[{"start":{"line":379,"column":6},"end":{"line":381,"column":7}},{"start":{"line":379,"column":6},"end":{"line":381,"column":7}}],"line":379},"35":{"loc":{"start":{"line":383,"column":6},"end":{"line":385,"column":7}},"type":"if","locations":[{"start":{"line":383,"column":6},"end":{"line":385,"column":7}},{"start":{"line":383,"column":6},"end":{"line":385,"column":7}}],"line":383},"36":{"loc":{"start":{"line":388,"column":6},"end":{"line":394,"column":7}},"type":"if","locations":[{"start":{"line":388,"column":6},"end":{"line":394,"column":7}},{"start":{"line":388,"column":6},"end":{"line":394,"column":7}}],"line":388},"37":{"loc":{"start":{"line":487,"column":4},"end":{"line":489,"column":5}},"type":"if","locations":[{"start":{"line":487,"column":4},"end":{"line":489,"column":5}},{"start":{"line":487,"column":4},"end":{"line":489,"column":5}}],"line":487},"38":{"loc":{"start":{"line":492,"column":9},"end":{"line":492,"column":39}},"type":"cond-expr","locations":[{"start":{"line":492,"column":29},"end":{"line":492,"column":33}},{"start":{"line":492,"column":34},"end":{"line":492,"column":39}}],"line":492},"39":{"loc":{"start":{"line":505,"column":6},"end":{"line":508,"column":7}},"type":"if","locations":[{"start":{"line":505,"column":6},"end":{"line":508,"column":7}},{"start":{"line":505,"column":6},"end":{"line":508,"column":7}}],"line":505}},"s":{"0":6,"1":6,"2":6,"3":6,"4":6,"5":6,"6":6,"7":6,"8":6,"9":6,"10":6,"11":6,"12":6,"13":6,"14":6,"15":6,"16":6,"17":6,"18":6,"19":6,"20":6,"21":0,"22":0,"23":0,"24":0,"25":0,"26":0,"27":0,"28":0,"29":0,"30":0,"31":0,"32":0,"33":0,"34":0,"35":0,"36":0,"37":0,"38":0,"39":0,"40":0,"41":0,"42":0,"43":0,"44":0,"45":0,"46":0,"47":0,"48":0,"49":0,"50":0,"51":0,"52":0,"53":0,"54":0,"55":0,"56":0,"57":0,"58":0,"59":0,"60":0,"61":0,"62":0,"63":0,"64":0,"65":0,"66":0,"67":0,"68":0,"69":0,"70":0,"71":0,"72":0,"73":0,"74":0,"75":0,"76":0,"77":0,"78":0,"79":0,"80":0,"81":0,"82":0,"83":0,"84":0,"85":0,"86":0,"87":0,"88":0,"89":0,"90":0,"91":0,"92":0,"93":0,"94":0,"95":0,"96":0,"97":0,"98":0,"99":0,"100":0,"101":0,"102":0,"103":0,"104":0,"105":0,"106":0,"107":0,"108":0,"109":0,"110":0,"111":0,"112":0,"113":0,"114":0,"115":0,"116":0,"117":0,"118":0,"119":0,"120":0,"121":0,"122":0,"123":0,"124":0,"125":0,"126":0,"127":0,"128":0,"129":0,"130":0,"131":0,"132":0,"133":0,"134":0,"135":0,"136":0,"137":0,"138":0,"139":0,"140":0,"141":0,"142":0,"143":0,"144":0,"145":0,"146":0,"147":0,"148":0,"149":0,"150":0,"151":0,"152":0,"153":0,"154":0,"155":0,"156":0,"157":0,"158":0,"159":0,"160":0,"161":0,"162":0,"163":0,"164":0,"165":0,"166":0,"167":0,"168":0,"169":0,"170":0,"171":0,"172":0,"173":0,"174":0,"175":0,"176":0,"177":0,"178":0,"179":0,"180":0,"181":0,"182":0,"183":0,"184":0,"185":0,"186":0,"187":0,"188":0,"189":0,"190":0,"191":0,"192":0,"193":0,"194":0,"195":0,"196":0,"197":0,"198":0,"199":0,"200":0,"201":0,"202":0,"203":0,"204":0,"205":0,"206":0,"207":0,"208":0,"209":0,"210":0,"211":0,"212":0,"213":0,"214":0,"215":0,"216":0,"217":0,"218":0,"219":0,"220":0,"221":0,"222":0,"223":0,"224":0,"225":0,"226":0,"227":0,"228":6},"f":{"0":0,"1":0,"2":0,"3":0,"4":0,"5":0,"6":0,"7":0,"8":0,"9":0,"10":0,"11":0},"b":{"0":[0,0],"1":[0,0],"2":[0,0],"3":[0,0],"4":[0,0],"5":[0,0],"6":[0,0],"7":[0,0],"8":[0,0],"9":[0,0],"10":[0,0],"11":[0,0],"12":[0,0],"13":[0,0],"14":[0,0],"15":[0,0],"16":[0,0],"17":[0,0],"18":[0,0],"19":[0,0],"20":[0,0],"21":[0,0],"22":[0,0],"23":[0,0],"24":[0,0],"25":[0,0],"26":[0,0],"27":[0,0],"28":[0,0],"29":[0,0],"30":[0,0],"31":[0,0],"32":[0,0],"33":[0,0],"34":[0,0],"35":[0,0],"36":[0,0],"37":[0,0],"38":[0,0],"39":[0,0]},"_coverageSchema":"1a1c01bbd47fc00a2c39e90264f33305004495a9","hash":"14c90a6322e0c84f43ce40bee2fc907b25ae938d"}
,"/Users/mac/nibbs/api/v1/controllers/receipient.js": {"path":"/Users/mac/nibbs/api/v1/controllers/receipient.js","statementMap":{"0":{"start":{"line":1,"column":17},"end":{"line":1,"column":36}},"1":{"start":{"line":2,"column":15},"end":{"line":2,"column":47}},"2":{"start":{"line":3,"column":15},"end":{"line":3,"column":37}},"3":{"start":{"line":4,"column":16},"end":{"line":4,"column":42}},"4":{"start":{"line":5,"column":17},"end":{"line":5,"column":55}},"5":{"start":{"line":6,"column":18},"end":{"line":6,"column":59}},"6":{"start":{"line":7,"column":16},"end":{"line":7,"column":53}},"7":{"start":{"line":8,"column":10},"end":{"line":8,"column":41}},"8":{"start":{"line":9,"column":26},"end":{"line":9,"column":77}},"9":{"start":{"line":22,"column":4},"end":{"line":42,"column":5}},"10":{"start":{"line":23,"column":22},"end":{"line":23,"column":49}},"11":{"start":{"line":24,"column":6},"end":{"line":29,"column":7}},"12":{"start":{"line":25,"column":8},"end":{"line":28,"column":11}},"13":{"start":{"line":30,"column":27},"end":{"line":30,"column":75}},"14":{"start":{"line":31,"column":6},"end":{"line":33,"column":7}},"15":{"start":{"line":32,"column":8},"end":{"line":32,"column":95}},"16":{"start":{"line":34,"column":29},"end":{"line":34,"column":61}},"17":{"start":{"line":35,"column":6},"end":{"line":37,"column":7}},"18":{"start":{"line":36,"column":8},"end":{"line":36,"column":115}},"19":{"start":{"line":38,"column":6},"end":{"line":38,"column":76}},"20":{"start":{"line":40,"column":6},"end":{"line":40,"column":25}},"21":{"start":{"line":41,"column":6},"end":{"line":41,"column":25}},"22":{"start":{"line":52,"column":4},"end":{"line":75,"column":5}},"23":{"start":{"line":53,"column":6},"end":{"line":58,"column":7}},"24":{"start":{"line":54,"column":8},"end":{"line":57,"column":11}},"25":{"start":{"line":59,"column":23},"end":{"line":59,"column":25}},"26":{"start":{"line":60,"column":6},"end":{"line":67,"column":7}},"27":{"start":{"line":61,"column":29},"end":{"line":61,"column":70}},"28":{"start":{"line":62,"column":8},"end":{"line":64,"column":9}},"29":{"start":{"line":63,"column":10},"end":{"line":63,"column":19}},"30":{"start":{"line":65,"column":31},"end":{"line":65,"column":56}},"31":{"start":{"line":66,"column":8},"end":{"line":66,"column":41}},"32":{"start":{"line":68,"column":6},"end":{"line":70,"column":7}},"33":{"start":{"line":69,"column":8},"end":{"line":69,"column":110}},"34":{"start":{"line":71,"column":6},"end":{"line":71,"column":76}},"35":{"start":{"line":73,"column":6},"end":{"line":73,"column":25}},"36":{"start":{"line":74,"column":6},"end":{"line":74,"column":25}},"37":{"start":{"line":85,"column":4},"end":{"line":104,"column":5}},"38":{"start":{"line":86,"column":6},"end":{"line":91,"column":7}},"39":{"start":{"line":87,"column":8},"end":{"line":90,"column":11}},"40":{"start":{"line":92,"column":21},"end":{"line":92,"column":61}},"41":{"start":{"line":93,"column":6},"end":{"line":95,"column":7}},"42":{"start":{"line":94,"column":8},"end":{"line":94,"column":81}},"43":{"start":{"line":96,"column":22},"end":{"line":96,"column":48}},"44":{"start":{"line":97,"column":6},"end":{"line":99,"column":7}},"45":{"start":{"line":98,"column":8},"end":{"line":98,"column":102}},"46":{"start":{"line":100,"column":6},"end":{"line":100,"column":69}},"47":{"start":{"line":102,"column":6},"end":{"line":102,"column":25}},"48":{"start":{"line":103,"column":6},"end":{"line":103,"column":25}},"49":{"start":{"line":107,"column":4},"end":{"line":130,"column":5}},"50":{"start":{"line":108,"column":6},"end":{"line":113,"column":7}},"51":{"start":{"line":109,"column":8},"end":{"line":112,"column":11}},"52":{"start":{"line":114,"column":17},"end":{"line":114,"column":19}},"53":{"start":{"line":115,"column":6},"end":{"line":122,"column":7}},"54":{"start":{"line":116,"column":23},"end":{"line":116,"column":51}},"55":{"start":{"line":117,"column":8},"end":{"line":119,"column":9}},"56":{"start":{"line":118,"column":10},"end":{"line":118,"column":19}},"57":{"start":{"line":120,"column":24},"end":{"line":120,"column":51}},"58":{"start":{"line":121,"column":8},"end":{"line":121,"column":28}},"59":{"start":{"line":123,"column":6},"end":{"line":125,"column":7}},"60":{"start":{"line":124,"column":8},"end":{"line":124,"column":98}},"61":{"start":{"line":126,"column":6},"end":{"line":126,"column":73}},"62":{"start":{"line":128,"column":6},"end":{"line":128,"column":25}},"63":{"start":{"line":129,"column":6},"end":{"line":129,"column":25}},"64":{"start":{"line":133,"column":4},"end":{"line":156,"column":5}},"65":{"start":{"line":134,"column":6},"end":{"line":136,"column":7}},"66":{"start":{"line":135,"column":8},"end":{"line":135,"column":93}},"67":{"start":{"line":138,"column":6},"end":{"line":140,"column":7}},"68":{"start":{"line":139,"column":8},"end":{"line":139,"column":68}},"69":{"start":{"line":141,"column":23},"end":{"line":141,"column":88}},"70":{"start":{"line":142,"column":6},"end":{"line":148,"column":7}},"71":{"start":{"line":143,"column":8},"end":{"line":147,"column":11}},"72":{"start":{"line":149,"column":6},"end":{"line":152,"column":9}},"73":{"start":{"line":154,"column":6},"end":{"line":154,"column":25}},"74":{"start":{"line":155,"column":6},"end":{"line":155,"column":25}},"75":{"start":{"line":159,"column":4},"end":{"line":179,"column":5}},"76":{"start":{"line":164,"column":23},"end":{"line":164,"column":58}},"77":{"start":{"line":165,"column":18},"end":{"line":165,"column":54}},"78":{"start":{"line":168,"column":6},"end":{"line":174,"column":7}},"79":{"start":{"line":169,"column":32},"end":{"line":172,"column":9}},"80":{"start":{"line":173,"column":8},"end":{"line":173,"column":90}},"81":{"start":{"line":175,"column":6},"end":{"line":175,"column":94}},"82":{"start":{"line":177,"column":6},"end":{"line":177,"column":25}},"83":{"start":{"line":178,"column":6},"end":{"line":178,"column":25}},"84":{"start":{"line":182,"column":4},"end":{"line":216,"column":5}},"85":{"start":{"line":183,"column":32},"end":{"line":183,"column":63}},"86":{"start":{"line":184,"column":26},"end":{"line":184,"column":55}},"87":{"start":{"line":185,"column":19},"end":{"line":185,"column":54}},"88":{"start":{"line":186,"column":25},"end":{"line":188,"column":7}},"89":{"start":{"line":189,"column":6},"end":{"line":192,"column":7}},"90":{"start":{"line":190,"column":8},"end":{"line":191,"column":46}},"91":{"start":{"line":193,"column":6},"end":{"line":193,"column":42}},"92":{"start":{"line":195,"column":30},"end":{"line":195,"column":86}},"93":{"start":{"line":196,"column":25},"end":{"line":196,"column":120}},"94":{"start":{"line":197,"column":25},"end":{"line":197,"column":71}},"95":{"start":{"line":199,"column":6},"end":{"line":211,"column":7}},"96":{"start":{"line":200,"column":32},"end":{"line":209,"column":9}},"97":{"start":{"line":210,"column":8},"end":{"line":210,"column":97}},"98":{"start":{"line":212,"column":6},"end":{"line":212,"column":101}},"99":{"start":{"line":214,"column":6},"end":{"line":214,"column":25}},"100":{"start":{"line":215,"column":6},"end":{"line":215,"column":25}},"101":{"start":{"line":219,"column":4},"end":{"line":258,"column":5}},"102":{"start":{"line":220,"column":32},"end":{"line":220,"column":63}},"103":{"start":{"line":221,"column":26},"end":{"line":221,"column":55}},"104":{"start":{"line":222,"column":19},"end":{"line":222,"column":54}},"105":{"start":{"line":223,"column":25},"end":{"line":225,"column":7}},"106":{"start":{"line":226,"column":6},"end":{"line":228,"column":7}},"107":{"start":{"line":227,"column":8},"end":{"line":227,"column":62}},"108":{"start":{"line":229,"column":6},"end":{"line":229,"column":42}},"109":{"start":{"line":230,"column":21},"end":{"line":230,"column":37}},"110":{"start":{"line":231,"column":6},"end":{"line":236,"column":7}},"111":{"start":{"line":232,"column":8},"end":{"line":235,"column":10}},"112":{"start":{"line":237,"column":30},"end":{"line":237,"column":86}},"113":{"start":{"line":238,"column":25},"end":{"line":238,"column":120}},"114":{"start":{"line":239,"column":25},"end":{"line":239,"column":71}},"115":{"start":{"line":241,"column":6},"end":{"line":253,"column":7}},"116":{"start":{"line":242,"column":32},"end":{"line":251,"column":9}},"117":{"start":{"line":252,"column":8},"end":{"line":252,"column":97}},"118":{"start":{"line":254,"column":6},"end":{"line":254,"column":101}},"119":{"start":{"line":256,"column":6},"end":{"line":256,"column":25}},"120":{"start":{"line":257,"column":6},"end":{"line":257,"column":25}},"121":{"start":{"line":261,"column":4},"end":{"line":285,"column":5}},"122":{"start":{"line":262,"column":6},"end":{"line":264,"column":7}},"123":{"start":{"line":263,"column":8},"end":{"line":263,"column":99}},"124":{"start":{"line":266,"column":6},"end":{"line":268,"column":7}},"125":{"start":{"line":267,"column":8},"end":{"line":267,"column":74}},"126":{"start":{"line":270,"column":23},"end":{"line":270,"column":79}},"127":{"start":{"line":271,"column":6},"end":{"line":277,"column":7}},"128":{"start":{"line":272,"column":8},"end":{"line":276,"column":11}},"129":{"start":{"line":278,"column":6},"end":{"line":281,"column":9}},"130":{"start":{"line":283,"column":6},"end":{"line":283,"column":25}},"131":{"start":{"line":284,"column":6},"end":{"line":284,"column":25}},"132":{"start":{"line":288,"column":4},"end":{"line":324,"column":5}},"133":{"start":{"line":289,"column":6},"end":{"line":291,"column":7}},"134":{"start":{"line":290,"column":8},"end":{"line":290,"column":99}},"135":{"start":{"line":293,"column":6},"end":{"line":295,"column":7}},"136":{"start":{"line":294,"column":8},"end":{"line":294,"column":74}},"137":{"start":{"line":296,"column":19},"end":{"line":296,"column":27}},"138":{"start":{"line":297,"column":6},"end":{"line":308,"column":7}},"139":{"start":{"line":298,"column":29},"end":{"line":298,"column":85}},"140":{"start":{"line":299,"column":8},"end":{"line":307,"column":9}},"141":{"start":{"line":300,"column":33},"end":{"line":300,"column":81}},"142":{"start":{"line":301,"column":10},"end":{"line":306,"column":11}},"143":{"start":{"line":302,"column":12},"end":{"line":305,"column":15}},"144":{"start":{"line":309,"column":29},"end":{"line":309,"column":115}},"145":{"start":{"line":310,"column":6},"end":{"line":316,"column":7}},"146":{"start":{"line":311,"column":8},"end":{"line":315,"column":11}},"147":{"start":{"line":317,"column":6},"end":{"line":320,"column":9}},"148":{"start":{"line":322,"column":6},"end":{"line":322,"column":25}},"149":{"start":{"line":323,"column":6},"end":{"line":323,"column":25}},"150":{"start":{"line":327,"column":4},"end":{"line":350,"column":5}},"151":{"start":{"line":328,"column":6},"end":{"line":330,"column":7}},"152":{"start":{"line":329,"column":8},"end":{"line":329,"column":99}},"153":{"start":{"line":332,"column":6},"end":{"line":334,"column":7}},"154":{"start":{"line":333,"column":8},"end":{"line":333,"column":74}},"155":{"start":{"line":335,"column":29},"end":{"line":335,"column":107}},"156":{"start":{"line":336,"column":6},"end":{"line":342,"column":7}},"157":{"start":{"line":337,"column":8},"end":{"line":341,"column":11}},"158":{"start":{"line":343,"column":6},"end":{"line":346,"column":9}},"159":{"start":{"line":348,"column":6},"end":{"line":348,"column":25}},"160":{"start":{"line":349,"column":6},"end":{"line":349,"column":25}},"161":{"start":{"line":353,"column":0},"end":{"line":353,"column":36}}},"fnMap":{"0":{"name":"(anonymous_0)","decl":{"start":{"line":21,"column":2},"end":{"line":21,"column":3}},"loc":{"start":{"line":21,"column":38},"end":{"line":43,"column":3}},"line":21},"1":{"name":"(anonymous_1)","decl":{"start":{"line":51,"column":2},"end":{"line":51,"column":3}},"loc":{"start":{"line":51,"column":55},"end":{"line":76,"column":3}},"line":51},"2":{"name":"(anonymous_2)","decl":{"start":{"line":84,"column":2},"end":{"line":84,"column":3}},"loc":{"start":{"line":84,"column":41},"end":{"line":105,"column":3}},"line":84},"3":{"name":"(anonymous_3)","decl":{"start":{"line":106,"column":2},"end":{"line":106,"column":3}},"loc":{"start":{"line":106,"column":48},"end":{"line":131,"column":3}},"line":106},"4":{"name":"(anonymous_4)","decl":{"start":{"line":132,"column":2},"end":{"line":132,"column":3}},"loc":{"start":{"line":132,"column":41},"end":{"line":157,"column":3}},"line":132},"5":{"name":"(anonymous_5)","decl":{"start":{"line":158,"column":2},"end":{"line":158,"column":3}},"loc":{"start":{"line":158,"column":43},"end":{"line":180,"column":3}},"line":158},"6":{"name":"(anonymous_6)","decl":{"start":{"line":181,"column":2},"end":{"line":181,"column":3}},"loc":{"start":{"line":181,"column":40},"end":{"line":217,"column":3}},"line":181},"7":{"name":"(anonymous_7)","decl":{"start":{"line":218,"column":2},"end":{"line":218,"column":3}},"loc":{"start":{"line":218,"column":41},"end":{"line":259,"column":3}},"line":218},"8":{"name":"(anonymous_8)","decl":{"start":{"line":260,"column":2},"end":{"line":260,"column":3}},"loc":{"start":{"line":260,"column":55},"end":{"line":286,"column":3}},"line":260},"9":{"name":"(anonymous_9)","decl":{"start":{"line":287,"column":2},"end":{"line":287,"column":3}},"loc":{"start":{"line":287,"column":47},"end":{"line":325,"column":3}},"line":287},"10":{"name":"(anonymous_10)","decl":{"start":{"line":326,"column":2},"end":{"line":326,"column":3}},"loc":{"start":{"line":326,"column":47},"end":{"line":351,"column":3}},"line":326}},"branchMap":{"0":{"loc":{"start":{"line":24,"column":6},"end":{"line":29,"column":7}},"type":"if","locations":[{"start":{"line":24,"column":6},"end":{"line":29,"column":7}},{"start":{"line":24,"column":6},"end":{"line":29,"column":7}}],"line":24},"1":{"loc":{"start":{"line":31,"column":6},"end":{"line":33,"column":7}},"type":"if","locations":[{"start":{"line":31,"column":6},"end":{"line":33,"column":7}},{"start":{"line":31,"column":6},"end":{"line":33,"column":7}}],"line":31},"2":{"loc":{"start":{"line":35,"column":6},"end":{"line":37,"column":7}},"type":"if","locations":[{"start":{"line":35,"column":6},"end":{"line":37,"column":7}},{"start":{"line":35,"column":6},"end":{"line":37,"column":7}}],"line":35},"3":{"loc":{"start":{"line":53,"column":6},"end":{"line":58,"column":7}},"type":"if","locations":[{"start":{"line":53,"column":6},"end":{"line":58,"column":7}},{"start":{"line":53,"column":6},"end":{"line":58,"column":7}}],"line":53},"4":{"loc":{"start":{"line":62,"column":8},"end":{"line":64,"column":9}},"type":"if","locations":[{"start":{"line":62,"column":8},"end":{"line":64,"column":9}},{"start":{"line":62,"column":8},"end":{"line":64,"column":9}}],"line":62},"5":{"loc":{"start":{"line":68,"column":6},"end":{"line":70,"column":7}},"type":"if","locations":[{"start":{"line":68,"column":6},"end":{"line":70,"column":7}},{"start":{"line":68,"column":6},"end":{"line":70,"column":7}}],"line":68},"6":{"loc":{"start":{"line":68,"column":10},"end":{"line":68,"column":43}},"type":"binary-expr","locations":[{"start":{"line":68,"column":10},"end":{"line":68,"column":20}},{"start":{"line":68,"column":24},"end":{"line":68,"column":43}}],"line":68},"7":{"loc":{"start":{"line":86,"column":6},"end":{"line":91,"column":7}},"type":"if","locations":[{"start":{"line":86,"column":6},"end":{"line":91,"column":7}},{"start":{"line":86,"column":6},"end":{"line":91,"column":7}}],"line":86},"8":{"loc":{"start":{"line":93,"column":6},"end":{"line":95,"column":7}},"type":"if","locations":[{"start":{"line":93,"column":6},"end":{"line":95,"column":7}},{"start":{"line":93,"column":6},"end":{"line":95,"column":7}}],"line":93},"9":{"loc":{"start":{"line":97,"column":6},"end":{"line":99,"column":7}},"type":"if","locations":[{"start":{"line":97,"column":6},"end":{"line":99,"column":7}},{"start":{"line":97,"column":6},"end":{"line":99,"column":7}}],"line":97},"10":{"loc":{"start":{"line":108,"column":6},"end":{"line":113,"column":7}},"type":"if","locations":[{"start":{"line":108,"column":6},"end":{"line":113,"column":7}},{"start":{"line":108,"column":6},"end":{"line":113,"column":7}}],"line":108},"11":{"loc":{"start":{"line":117,"column":8},"end":{"line":119,"column":9}},"type":"if","locations":[{"start":{"line":117,"column":8},"end":{"line":119,"column":9}},{"start":{"line":117,"column":8},"end":{"line":119,"column":9}}],"line":117},"12":{"loc":{"start":{"line":123,"column":6},"end":{"line":125,"column":7}},"type":"if","locations":[{"start":{"line":123,"column":6},"end":{"line":125,"column":7}},{"start":{"line":123,"column":6},"end":{"line":125,"column":7}}],"line":123},"13":{"loc":{"start":{"line":123,"column":10},"end":{"line":123,"column":31}},"type":"binary-expr","locations":[{"start":{"line":123,"column":10},"end":{"line":123,"column":14}},{"start":{"line":123,"column":18},"end":{"line":123,"column":31}}],"line":123},"14":{"loc":{"start":{"line":134,"column":6},"end":{"line":136,"column":7}},"type":"if","locations":[{"start":{"line":134,"column":6},"end":{"line":136,"column":7}},{"start":{"line":134,"column":6},"end":{"line":136,"column":7}}],"line":134},"15":{"loc":{"start":{"line":138,"column":6},"end":{"line":140,"column":7}},"type":"if","locations":[{"start":{"line":138,"column":6},"end":{"line":140,"column":7}},{"start":{"line":138,"column":6},"end":{"line":140,"column":7}}],"line":138},"16":{"loc":{"start":{"line":142,"column":6},"end":{"line":148,"column":7}},"type":"if","locations":[{"start":{"line":142,"column":6},"end":{"line":148,"column":7}},{"start":{"line":142,"column":6},"end":{"line":148,"column":7}}],"line":142},"17":{"loc":{"start":{"line":168,"column":6},"end":{"line":174,"column":7}},"type":"if","locations":[{"start":{"line":168,"column":6},"end":{"line":174,"column":7}},{"start":{"line":168,"column":6},"end":{"line":174,"column":7}}],"line":168},"18":{"loc":{"start":{"line":168,"column":10},"end":{"line":168,"column":27}},"type":"binary-expr","locations":[{"start":{"line":168,"column":10},"end":{"line":168,"column":13}},{"start":{"line":168,"column":17},"end":{"line":168,"column":27}}],"line":168},"19":{"loc":{"start":{"line":183,"column":32},"end":{"line":183,"column":63}},"type":"binary-expr","locations":[{"start":{"line":183,"column":32},"end":{"line":183,"column":57}},{"start":{"line":183,"column":61},"end":{"line":183,"column":63}}],"line":183},"20":{"loc":{"start":{"line":184,"column":26},"end":{"line":184,"column":55}},"type":"binary-expr","locations":[{"start":{"line":184,"column":26},"end":{"line":184,"column":50}},{"start":{"line":184,"column":54},"end":{"line":184,"column":55}}],"line":184},"21":{"loc":{"start":{"line":189,"column":6},"end":{"line":192,"column":7}},"type":"if","locations":[{"start":{"line":189,"column":6},"end":{"line":192,"column":7}},{"start":{"line":189,"column":6},"end":{"line":192,"column":7}}],"line":189},"22":{"loc":{"start":{"line":199,"column":6},"end":{"line":211,"column":7}},"type":"if","locations":[{"start":{"line":199,"column":6},"end":{"line":211,"column":7}},{"start":{"line":199,"column":6},"end":{"line":211,"column":7}}],"line":199},"23":{"loc":{"start":{"line":199,"column":10},"end":{"line":199,"column":41}},"type":"binary-expr","locations":[{"start":{"line":199,"column":10},"end":{"line":199,"column":20}},{"start":{"line":199,"column":24},"end":{"line":199,"column":41}}],"line":199},"24":{"loc":{"start":{"line":206,"column":20},"end":{"line":206,"column":78}},"type":"cond-expr","locations":[{"start":{"line":206,"column":49},"end":{"line":206,"column":60}},{"start":{"line":206,"column":63},"end":{"line":206,"column":78}}],"line":206},"25":{"loc":{"start":{"line":220,"column":32},"end":{"line":220,"column":63}},"type":"binary-expr","locations":[{"start":{"line":220,"column":32},"end":{"line":220,"column":57}},{"start":{"line":220,"column":61},"end":{"line":220,"column":63}}],"line":220},"26":{"loc":{"start":{"line":221,"column":26},"end":{"line":221,"column":55}},"type":"binary-expr","locations":[{"start":{"line":221,"column":26},"end":{"line":221,"column":50}},{"start":{"line":221,"column":54},"end":{"line":221,"column":55}}],"line":221},"27":{"loc":{"start":{"line":226,"column":6},"end":{"line":228,"column":7}},"type":"if","locations":[{"start":{"line":226,"column":6},"end":{"line":228,"column":7}},{"start":{"line":226,"column":6},"end":{"line":228,"column":7}}],"line":226},"28":{"loc":{"start":{"line":231,"column":6},"end":{"line":236,"column":7}},"type":"if","locations":[{"start":{"line":231,"column":6},"end":{"line":236,"column":7}},{"start":{"line":231,"column":6},"end":{"line":236,"column":7}}],"line":231},"29":{"loc":{"start":{"line":241,"column":6},"end":{"line":253,"column":7}},"type":"if","locations":[{"start":{"line":241,"column":6},"end":{"line":253,"column":7}},{"start":{"line":241,"column":6},"end":{"line":253,"column":7}}],"line":241},"30":{"loc":{"start":{"line":241,"column":10},"end":{"line":241,"column":41}},"type":"binary-expr","locations":[{"start":{"line":241,"column":10},"end":{"line":241,"column":20}},{"start":{"line":241,"column":24},"end":{"line":241,"column":41}}],"line":241},"31":{"loc":{"start":{"line":248,"column":20},"end":{"line":248,"column":78}},"type":"cond-expr","locations":[{"start":{"line":248,"column":49},"end":{"line":248,"column":60}},{"start":{"line":248,"column":63},"end":{"line":248,"column":78}}],"line":248},"32":{"loc":{"start":{"line":262,"column":6},"end":{"line":264,"column":7}},"type":"if","locations":[{"start":{"line":262,"column":6},"end":{"line":264,"column":7}},{"start":{"line":262,"column":6},"end":{"line":264,"column":7}}],"line":262},"33":{"loc":{"start":{"line":266,"column":6},"end":{"line":268,"column":7}},"type":"if","locations":[{"start":{"line":266,"column":6},"end":{"line":268,"column":7}},{"start":{"line":266,"column":6},"end":{"line":268,"column":7}}],"line":266},"34":{"loc":{"start":{"line":271,"column":6},"end":{"line":277,"column":7}},"type":"if","locations":[{"start":{"line":271,"column":6},"end":{"line":277,"column":7}},{"start":{"line":271,"column":6},"end":{"line":277,"column":7}}],"line":271},"35":{"loc":{"start":{"line":289,"column":6},"end":{"line":291,"column":7}},"type":"if","locations":[{"start":{"line":289,"column":6},"end":{"line":291,"column":7}},{"start":{"line":289,"column":6},"end":{"line":291,"column":7}}],"line":289},"36":{"loc":{"start":{"line":293,"column":6},"end":{"line":295,"column":7}},"type":"if","locations":[{"start":{"line":293,"column":6},"end":{"line":295,"column":7}},{"start":{"line":293,"column":6},"end":{"line":295,"column":7}}],"line":293},"37":{"loc":{"start":{"line":297,"column":6},"end":{"line":308,"column":7}},"type":"if","locations":[{"start":{"line":297,"column":6},"end":{"line":308,"column":7}},{"start":{"line":297,"column":6},"end":{"line":308,"column":7}}],"line":297},"38":{"loc":{"start":{"line":299,"column":8},"end":{"line":307,"column":9}},"type":"if","locations":[{"start":{"line":299,"column":8},"end":{"line":307,"column":9}},{"start":{"line":299,"column":8},"end":{"line":307,"column":9}}],"line":299},"39":{"loc":{"start":{"line":301,"column":10},"end":{"line":306,"column":11}},"type":"if","locations":[{"start":{"line":301,"column":10},"end":{"line":306,"column":11}},{"start":{"line":301,"column":10},"end":{"line":306,"column":11}}],"line":301},"40":{"loc":{"start":{"line":310,"column":6},"end":{"line":316,"column":7}},"type":"if","locations":[{"start":{"line":310,"column":6},"end":{"line":316,"column":7}},{"start":{"line":310,"column":6},"end":{"line":316,"column":7}}],"line":310},"41":{"loc":{"start":{"line":328,"column":6},"end":{"line":330,"column":7}},"type":"if","locations":[{"start":{"line":328,"column":6},"end":{"line":330,"column":7}},{"start":{"line":328,"column":6},"end":{"line":330,"column":7}}],"line":328},"42":{"loc":{"start":{"line":332,"column":6},"end":{"line":334,"column":7}},"type":"if","locations":[{"start":{"line":332,"column":6},"end":{"line":334,"column":7}},{"start":{"line":332,"column":6},"end":{"line":334,"column":7}}],"line":332},"43":{"loc":{"start":{"line":336,"column":6},"end":{"line":342,"column":7}},"type":"if","locations":[{"start":{"line":336,"column":6},"end":{"line":342,"column":7}},{"start":{"line":336,"column":6},"end":{"line":342,"column":7}}],"line":336}},"s":{"0":6,"1":6,"2":6,"3":6,"4":6,"5":6,"6":6,"7":6,"8":6,"9":1,"10":1,"11":1,"12":0,"13":1,"14":1,"15":0,"16":1,"17":1,"18":1,"19":0,"20":0,"21":0,"22":1,"23":1,"24":0,"25":1,"26":1,"27":2,"28":2,"29":0,"30":2,"31":2,"32":1,"33":1,"34":0,"35":0,"36":0,"37":1,"38":1,"39":0,"40":1,"41":1,"42":0,"43":1,"44":1,"45":1,"46":0,"47":0,"48":0,"49":1,"50":1,"51":0,"52":1,"53":1,"54":3,"55":3,"56":0,"57":3,"58":3,"59":1,"60":1,"61":0,"62":0,"63":0,"64":1,"65":1,"66":0,"67":1,"68":0,"69":1,"70":1,"71":1,"72":0,"73":0,"74":0,"75":1,"76":1,"77":1,"78":1,"79":1,"80":1,"81":0,"82":0,"83":0,"84":1,"85":1,"86":1,"87":1,"88":1,"89":1,"90":0,"91":1,"92":1,"93":1,"94":1,"95":1,"96":1,"97":1,"98":0,"99":0,"100":0,"101":1,"102":1,"103":1,"104":1,"105":1,"106":1,"107":0,"108":1,"109":1,"110":1,"111":1,"112":1,"113":1,"114":1,"115":1,"116":1,"117":1,"118":0,"119":0,"120":0,"121":1,"122":1,"123":0,"124":1,"125":0,"126":1,"127":1,"128":1,"129":0,"130":0,"131":0,"132":1,"133":1,"134":0,"135":1,"136":0,"137":1,"138":1,"139":0,"140":0,"141":0,"142":0,"143":0,"144":1,"145":1,"146":1,"147":0,"148":0,"149":0,"150":1,"151":1,"152":0,"153":1,"154":0,"155":1,"156":1,"157":1,"158":0,"159":0,"160":0,"161":6},"f":{"0":1,"1":1,"2":1,"3":1,"4":1,"5":1,"6":1,"7":1,"8":1,"9":1,"10":1},"b":{"0":[0,1],"1":[0,1],"2":[1,0],"3":[0,1],"4":[0,2],"5":[1,0],"6":[1,1],"7":[0,1],"8":[0,1],"9":[1,0],"10":[0,1],"11":[0,3],"12":[1,0],"13":[1,1],"14":[0,1],"15":[0,1],"16":[1,0],"17":[1,0],"18":[1,1],"19":[1,1],"20":[1,1],"21":[0,1],"22":[1,0],"23":[1,1],"24":[1,0],"25":[1,1],"26":[1,1],"27":[0,1],"28":[1,0],"29":[1,0],"30":[1,1],"31":[1,0],"32":[0,1],"33":[0,1],"34":[1,0],"35":[0,1],"36":[0,1],"37":[0,1],"38":[0,0],"39":[0,0],"40":[1,0],"41":[0,1],"42":[0,1],"43":[1,0]},"_coverageSchema":"1a1c01bbd47fc00a2c39e90264f33305004495a9","hash":"081ce7ee252594d740f067270e5dfc4e4f9bc8cb"}
,"/Users/mac/nibbs/api/v1/controllers/user.js": {"path":"/Users/mac/nibbs/api/v1/controllers/user.js","statementMap":{"0":{"start":{"line":1,"column":17},"end":{"line":1,"column":36}},"1":{"start":{"line":2,"column":15},"end":{"line":2,"column":47}},"2":{"start":{"line":3,"column":17},"end":{"line":3,"column":36}},"3":{"start":{"line":5,"column":15},"end":{"line":5,"column":37}},"4":{"start":{"line":6,"column":16},"end":{"line":6,"column":42}},"5":{"start":{"line":7,"column":17},"end":{"line":7,"column":55}},"6":{"start":{"line":8,"column":18},"end":{"line":8,"column":37}},"7":{"start":{"line":9,"column":11},"end":{"line":9,"column":42}},"8":{"start":{"line":10,"column":13},"end":{"line":10,"column":46}},"9":{"start":{"line":11,"column":19},"end":{"line":11,"column":43}},"10":{"start":{"line":12,"column":18},"end":{"line":12,"column":59}},"11":{"start":{"line":13,"column":18},"end":{"line":13,"column":59}},"12":{"start":{"line":14,"column":23},"end":{"line":14,"column":70}},"13":{"start":{"line":15,"column":29},"end":{"line":15,"column":83}},"14":{"start":{"line":17,"column":59},"end":{"line":17,"column":94}},"15":{"start":{"line":18,"column":18},"end":{"line":18,"column":59}},"16":{"start":{"line":31,"column":4},"end":{"line":65,"column":5}},"17":{"start":{"line":32,"column":22},"end":{"line":32,"column":46}},"18":{"start":{"line":33,"column":6},"end":{"line":38,"column":7}},"19":{"start":{"line":34,"column":8},"end":{"line":37,"column":11}},"20":{"start":{"line":39,"column":23},"end":{"line":39,"column":25}},"21":{"start":{"line":40,"column":6},"end":{"line":59,"column":7}},"22":{"start":{"line":42,"column":26},"end":{"line":42,"column":62}},"23":{"start":{"line":43,"column":8},"end":{"line":45,"column":9}},"24":{"start":{"line":44,"column":10},"end":{"line":44,"column":19}},"25":{"start":{"line":46,"column":22},"end":{"line":46,"column":42}},"26":{"start":{"line":47,"column":8},"end":{"line":57,"column":11}},"27":{"start":{"line":58,"column":8},"end":{"line":58,"column":32}},"28":{"start":{"line":60,"column":6},"end":{"line":61,"column":92}},"29":{"start":{"line":63,"column":6},"end":{"line":63,"column":25}},"30":{"start":{"line":64,"column":6},"end":{"line":64,"column":25}},"31":{"start":{"line":68,"column":4},"end":{"line":143,"column":5}},"32":{"start":{"line":69,"column":6},"end":{"line":71,"column":7}},"33":{"start":{"line":70,"column":8},"end":{"line":70,"column":81}},"34":{"start":{"line":72,"column":6},"end":{"line":72,"column":48}},"35":{"start":{"line":73,"column":17},"end":{"line":73,"column":32}},"36":{"start":{"line":74,"column":24},"end":{"line":74,"column":83}},"37":{"start":{"line":75,"column":15},"end":{"line":75,"column":21}},"38":{"start":{"line":76,"column":6},"end":{"line":78,"column":7}},"39":{"start":{"line":77,"column":8},"end":{"line":77,"column":30}},"40":{"start":{"line":79,"column":22},"end":{"line":79,"column":65}},"41":{"start":{"line":80,"column":6},"end":{"line":85,"column":7}},"42":{"start":{"line":81,"column":8},"end":{"line":84,"column":11}},"43":{"start":{"line":86,"column":24},"end":{"line":86,"column":81}},"44":{"start":{"line":87,"column":6},"end":{"line":92,"column":7}},"45":{"start":{"line":88,"column":8},"end":{"line":91,"column":11}},"46":{"start":{"line":93,"column":18},"end":{"line":93,"column":20}},"47":{"start":{"line":94,"column":6},"end":{"line":113,"column":7}},"48":{"start":{"line":95,"column":23},"end":{"line":95,"column":35}},"49":{"start":{"line":97,"column":8},"end":{"line":97,"column":38}},"50":{"start":{"line":98,"column":8},"end":{"line":106,"column":9}},"51":{"start":{"line":99,"column":10},"end":{"line":105,"column":11}},"52":{"start":{"line":100,"column":31},"end":{"line":100,"column":63}},"53":{"start":{"line":101,"column":12},"end":{"line":103,"column":13}},"54":{"start":{"line":102,"column":14},"end":{"line":102,"column":23}},"55":{"start":{"line":104,"column":12},"end":{"line":104,"column":42}},"56":{"start":{"line":107,"column":19},"end":{"line":107,"column":57}},"57":{"start":{"line":108,"column":8},"end":{"line":108,"column":43}},"58":{"start":{"line":109,"column":8},"end":{"line":111,"column":9}},"59":{"start":{"line":110,"column":10},"end":{"line":110,"column":19}},"60":{"start":{"line":112,"column":8},"end":{"line":112,"column":30}},"61":{"start":{"line":114,"column":6},"end":{"line":116,"column":7}},"62":{"start":{"line":115,"column":8},"end":{"line":115,"column":80}},"63":{"start":{"line":117,"column":6},"end":{"line":117,"column":32}},"64":{"start":{"line":118,"column":6},"end":{"line":129,"column":7}},"65":{"start":{"line":119,"column":25},"end":{"line":119,"column":125}},"66":{"start":{"line":120,"column":8},"end":{"line":127,"column":9}},"67":{"start":{"line":121,"column":30},"end":{"line":125,"column":12}},"68":{"start":{"line":126,"column":10},"end":{"line":126,"column":129}},"69":{"start":{"line":128,"column":8},"end":{"line":128,"column":75}},"70":{"start":{"line":130,"column":25},"end":{"line":130,"column":90}},"71":{"start":{"line":131,"column":6},"end":{"line":138,"column":7}},"72":{"start":{"line":132,"column":28},"end":{"line":136,"column":10}},"73":{"start":{"line":137,"column":8},"end":{"line":137,"column":129}},"74":{"start":{"line":139,"column":6},"end":{"line":139,"column":73}},"75":{"start":{"line":141,"column":6},"end":{"line":141,"column":25}},"76":{"start":{"line":142,"column":6},"end":{"line":142,"column":25}},"77":{"start":{"line":146,"column":4},"end":{"line":191,"column":5}},"78":{"start":{"line":147,"column":6},"end":{"line":149,"column":7}},"79":{"start":{"line":148,"column":8},"end":{"line":148,"column":81}},"80":{"start":{"line":150,"column":6},"end":{"line":150,"column":48}},"81":{"start":{"line":151,"column":17},"end":{"line":151,"column":32}},"82":{"start":{"line":152,"column":22},"end":{"line":152,"column":54}},"83":{"start":{"line":153,"column":18},"end":{"line":153,"column":20}},"84":{"start":{"line":154,"column":6},"end":{"line":173,"column":7}},"85":{"start":{"line":155,"column":23},"end":{"line":155,"column":35}},"86":{"start":{"line":157,"column":8},"end":{"line":157,"column":38}},"87":{"start":{"line":158,"column":8},"end":{"line":166,"column":9}},"88":{"start":{"line":159,"column":10},"end":{"line":165,"column":11}},"89":{"start":{"line":160,"column":31},"end":{"line":160,"column":63}},"90":{"start":{"line":161,"column":12},"end":{"line":163,"column":13}},"91":{"start":{"line":162,"column":14},"end":{"line":162,"column":23}},"92":{"start":{"line":164,"column":12},"end":{"line":164,"column":42}},"93":{"start":{"line":167,"column":19},"end":{"line":167,"column":57}},"94":{"start":{"line":168,"column":8},"end":{"line":168,"column":43}},"95":{"start":{"line":169,"column":8},"end":{"line":171,"column":9}},"96":{"start":{"line":170,"column":10},"end":{"line":170,"column":19}},"97":{"start":{"line":172,"column":8},"end":{"line":172,"column":30}},"98":{"start":{"line":174,"column":6},"end":{"line":176,"column":7}},"99":{"start":{"line":175,"column":8},"end":{"line":175,"column":80}},"100":{"start":{"line":177,"column":23},"end":{"line":177,"column":57}},"101":{"start":{"line":178,"column":25},"end":{"line":178,"column":105}},"102":{"start":{"line":179,"column":6},"end":{"line":186,"column":7}},"103":{"start":{"line":180,"column":28},"end":{"line":184,"column":10}},"104":{"start":{"line":185,"column":8},"end":{"line":185,"column":137}},"105":{"start":{"line":187,"column":6},"end":{"line":187,"column":80}},"106":{"start":{"line":189,"column":6},"end":{"line":189,"column":25}},"107":{"start":{"line":190,"column":6},"end":{"line":190,"column":25}},"108":{"start":{"line":194,"column":4},"end":{"line":220,"column":5}},"109":{"start":{"line":195,"column":27},"end":{"line":195,"column":58}},"110":{"start":{"line":196,"column":26},"end":{"line":196,"column":55}},"111":{"start":{"line":197,"column":19},"end":{"line":197,"column":49}},"112":{"start":{"line":199,"column":25},"end":{"line":199,"column":61}},"113":{"start":{"line":200,"column":20},"end":{"line":200,"column":90}},"114":{"start":{"line":201,"column":25},"end":{"line":201,"column":61}},"115":{"start":{"line":203,"column":6},"end":{"line":215,"column":7}},"116":{"start":{"line":204,"column":32},"end":{"line":213,"column":9}},"117":{"start":{"line":214,"column":8},"end":{"line":214,"column":91}},"118":{"start":{"line":216,"column":6},"end":{"line":216,"column":95}},"119":{"start":{"line":218,"column":6},"end":{"line":218,"column":25}},"120":{"start":{"line":219,"column":6},"end":{"line":219,"column":25}},"121":{"start":{"line":223,"column":4},"end":{"line":247,"column":5}},"122":{"start":{"line":224,"column":6},"end":{"line":226,"column":7}},"123":{"start":{"line":225,"column":8},"end":{"line":225,"column":94}},"124":{"start":{"line":228,"column":6},"end":{"line":230,"column":7}},"125":{"start":{"line":229,"column":8},"end":{"line":229,"column":69}},"126":{"start":{"line":232,"column":17},"end":{"line":232,"column":62}},"127":{"start":{"line":233,"column":6},"end":{"line":239,"column":7}},"128":{"start":{"line":234,"column":8},"end":{"line":238,"column":11}},"129":{"start":{"line":240,"column":6},"end":{"line":243,"column":9}},"130":{"start":{"line":245,"column":6},"end":{"line":245,"column":25}},"131":{"start":{"line":246,"column":6},"end":{"line":246,"column":25}},"132":{"start":{"line":250,"column":4},"end":{"line":267,"column":5}},"133":{"start":{"line":251,"column":24},"end":{"line":251,"column":39}},"134":{"start":{"line":252,"column":17},"end":{"line":252,"column":63}},"135":{"start":{"line":253,"column":6},"end":{"line":259,"column":7}},"136":{"start":{"line":254,"column":8},"end":{"line":258,"column":11}},"137":{"start":{"line":260,"column":6},"end":{"line":263,"column":9}},"138":{"start":{"line":265,"column":6},"end":{"line":265,"column":25}},"139":{"start":{"line":266,"column":6},"end":{"line":266,"column":25}},"140":{"start":{"line":270,"column":4},"end":{"line":305,"column":5}},"141":{"start":{"line":271,"column":24},"end":{"line":271,"column":39}},"142":{"start":{"line":272,"column":19},"end":{"line":272,"column":27}},"143":{"start":{"line":273,"column":6},"end":{"line":284,"column":7}},"144":{"start":{"line":274,"column":24},"end":{"line":274,"column":67}},"145":{"start":{"line":275,"column":8},"end":{"line":283,"column":9}},"146":{"start":{"line":276,"column":28},"end":{"line":276,"column":71}},"147":{"start":{"line":277,"column":10},"end":{"line":282,"column":11}},"148":{"start":{"line":278,"column":12},"end":{"line":281,"column":15}},"149":{"start":{"line":285,"column":6},"end":{"line":285,"column":56}},"150":{"start":{"line":286,"column":24},"end":{"line":286,"column":97}},"151":{"start":{"line":287,"column":6},"end":{"line":297,"column":7}},"152":{"start":{"line":288,"column":28},"end":{"line":291,"column":10}},"153":{"start":{"line":292,"column":8},"end":{"line":296,"column":11}},"154":{"start":{"line":298,"column":6},"end":{"line":301,"column":9}},"155":{"start":{"line":303,"column":6},"end":{"line":303,"column":25}},"156":{"start":{"line":304,"column":6},"end":{"line":304,"column":25}},"157":{"start":{"line":308,"column":4},"end":{"line":345,"column":5}},"158":{"start":{"line":309,"column":6},"end":{"line":311,"column":7}},"159":{"start":{"line":310,"column":8},"end":{"line":310,"column":94}},"160":{"start":{"line":313,"column":6},"end":{"line":315,"column":7}},"161":{"start":{"line":314,"column":8},"end":{"line":314,"column":80}},"162":{"start":{"line":316,"column":19},"end":{"line":316,"column":27}},"163":{"start":{"line":317,"column":6},"end":{"line":328,"column":7}},"164":{"start":{"line":318,"column":24},"end":{"line":318,"column":69}},"165":{"start":{"line":319,"column":8},"end":{"line":327,"column":9}},"166":{"start":{"line":320,"column":28},"end":{"line":320,"column":71}},"167":{"start":{"line":321,"column":10},"end":{"line":326,"column":11}},"168":{"start":{"line":322,"column":12},"end":{"line":325,"column":15}},"169":{"start":{"line":330,"column":24},"end":{"line":330,"column":99}},"170":{"start":{"line":331,"column":6},"end":{"line":337,"column":7}},"171":{"start":{"line":332,"column":8},"end":{"line":336,"column":11}},"172":{"start":{"line":338,"column":6},"end":{"line":341,"column":9}},"173":{"start":{"line":343,"column":6},"end":{"line":343,"column":25}},"174":{"start":{"line":344,"column":6},"end":{"line":344,"column":25}},"175":{"start":{"line":348,"column":4},"end":{"line":374,"column":5}},"176":{"start":{"line":349,"column":6},"end":{"line":351,"column":7}},"177":{"start":{"line":350,"column":8},"end":{"line":350,"column":94}},"178":{"start":{"line":353,"column":6},"end":{"line":355,"column":7}},"179":{"start":{"line":354,"column":8},"end":{"line":354,"column":69}},"180":{"start":{"line":356,"column":6},"end":{"line":358,"column":7}},"181":{"start":{"line":357,"column":8},"end":{"line":357,"column":71}},"182":{"start":{"line":359,"column":24},"end":{"line":359,"column":114}},"183":{"start":{"line":360,"column":6},"end":{"line":366,"column":7}},"184":{"start":{"line":361,"column":8},"end":{"line":365,"column":11}},"185":{"start":{"line":367,"column":6},"end":{"line":370,"column":9}},"186":{"start":{"line":372,"column":6},"end":{"line":372,"column":25}},"187":{"start":{"line":373,"column":6},"end":{"line":373,"column":25}},"188":{"start":{"line":377,"column":4},"end":{"line":397,"column":5}},"189":{"start":{"line":378,"column":18},"end":{"line":378,"column":33}},"190":{"start":{"line":379,"column":6},"end":{"line":381,"column":7}},"191":{"start":{"line":380,"column":8},"end":{"line":380,"column":90}},"192":{"start":{"line":382,"column":24},"end":{"line":382,"column":128}},"193":{"start":{"line":383,"column":6},"end":{"line":389,"column":7}},"194":{"start":{"line":384,"column":8},"end":{"line":388,"column":11}},"195":{"start":{"line":390,"column":6},"end":{"line":393,"column":9}},"196":{"start":{"line":395,"column":6},"end":{"line":395,"column":25}},"197":{"start":{"line":396,"column":6},"end":{"line":396,"column":25}},"198":{"start":{"line":400,"column":4},"end":{"line":423,"column":5}},"199":{"start":{"line":401,"column":6},"end":{"line":403,"column":7}},"200":{"start":{"line":402,"column":8},"end":{"line":402,"column":94}},"201":{"start":{"line":405,"column":6},"end":{"line":407,"column":7}},"202":{"start":{"line":406,"column":8},"end":{"line":406,"column":69}},"203":{"start":{"line":408,"column":24},"end":{"line":408,"column":91}},"204":{"start":{"line":409,"column":6},"end":{"line":415,"column":7}},"205":{"start":{"line":410,"column":8},"end":{"line":414,"column":11}},"206":{"start":{"line":416,"column":6},"end":{"line":419,"column":9}},"207":{"start":{"line":421,"column":6},"end":{"line":421,"column":25}},"208":{"start":{"line":422,"column":6},"end":{"line":422,"column":25}},"209":{"start":{"line":426,"column":4},"end":{"line":452,"column":5}},"210":{"start":{"line":427,"column":27},"end":{"line":427,"column":58}},"211":{"start":{"line":428,"column":26},"end":{"line":428,"column":55}},"212":{"start":{"line":429,"column":19},"end":{"line":429,"column":49}},"213":{"start":{"line":431,"column":25},"end":{"line":431,"column":79}},"214":{"start":{"line":432,"column":20},"end":{"line":432,"column":108}},"215":{"start":{"line":433,"column":25},"end":{"line":433,"column":61}},"216":{"start":{"line":435,"column":6},"end":{"line":447,"column":7}},"217":{"start":{"line":436,"column":32},"end":{"line":445,"column":9}},"218":{"start":{"line":446,"column":8},"end":{"line":446,"column":99}},"219":{"start":{"line":448,"column":6},"end":{"line":448,"column":103}},"220":{"start":{"line":450,"column":6},"en
[...]
,"/Users/mac/nibbs/api/v1/routes/document.js": {"path":"/Users/mac/nibbs/api/v1/routes/document.js","statementMap":{"0":{"start":{"line":2,"column":0},"end":{"line":2,"column":27}},"1":{"start":{"line":3,"column":16},"end":{"line":3,"column":34}},"2":{"start":{"line":6,"column":15},"end":{"line":6,"column":31}},"3":{"start":{"line":7,"column":21},"end":{"line":7,"column":64}},"4":{"start":{"line":11,"column":27},"end":{"line":11,"column":61}},"5":{"start":{"line":14,"column":0},"end":{"line":14,"column":72}},"6":{"start":{"line":15,"column":0},"end":{"line":15,"column":66}},"7":{"start":{"line":16,"column":0},"end":{"line":16,"column":65}},"8":{"start":{"line":17,"column":0},"end":{"line":17,"column":81}},"9":{"start":{"line":18,"column":0},"end":{"line":18,"column":24}}},"fnMap":{},"branchMap":{},"s":{"0":6,"1":6,"2":6,"3":6,"4":6,"5":6,"6":6,"7":6,"8":6,"9":6},"f":{},"b":{},"_coverageSchema":"1a1c01bbd47fc00a2c39e90264f33305004495a9","hash":"0273fedec00238d356b96d380a4ff4a530d0c45d"}
,"/Users/mac/nibbs/api/v1/routes/administrators/invite.js": {"path":"/Users/mac/nibbs/api/v1/routes/administrators/invite.js","statementMap":{"0":{"start":{"line":2,"column":0},"end":{"line":2,"column":27}},"1":{"start":{"line":3,"column":16},"end":{"line":3,"column":34}},"2":{"start":{"line":6,"column":15},"end":{"line":6,"column":31}},"3":{"start":{"line":9,"column":34},"end":{"line":9,"column":80}},"4":{"start":{"line":11,"column":23},"end":{"line":11,"column":56}},"5":{"start":{"line":12,"column":0},"end":{"line":12,"column":62}},"6":{"start":{"line":13,"column":0},"end":{"line":13,"column":57}},"7":{"start":{"line":14,"column":0},"end":{"line":14,"column":24}}},"fnMap":{},"branchMap":{},"s":{"0":6,"1":6,"2":6,"3":6,"4":6,"5":6,"6":6,"7":6},"f":{},"b":{},"_coverageSchema":"1a1c01bbd47fc00a2c39e90264f33305004495a9","hash":"408a79099af42c6c8cdcd31e6fbecf6af24f5514"}
,"/Users/mac/nibbs/api/v1/routes/administrators/recipient.js": {"path":"/Users/mac/nibbs/api/v1/routes/administrators/recipient.js","statementMap":{"0":{"start":{"line":2,"column":0},"end":{"line":2,"column":27}},"1":{"start":{"line":3,"column":16},"end":{"line":3,"column":34}},"2":{"start":{"line":6,"column":15},"end":{"line":6,"column":31}},"3":{"start":{"line":9,"column":34},"end":{"line":9,"column":80}},"4":{"start":{"line":11,"column":28},"end":{"line":11,"column":67}},"5":{"start":{"line":12,"column":0},"end":{"line":12,"column":46}},"6":{"start":{"line":13,"column":0},"end":{"line":13,"column":53}},"7":{"start":{"line":14,"column":0},"end":{"line":14,"column":58}},"8":{"start":{"line":15,"column":0},"end":{"line":15,"column":83}},"9":{"start":{"line":16,"column":0},"end":{"line":16,"column":64}},"10":{"start":{"line":17,"column":0},"end":{"line":17,"column":80}},"11":{"start":{"line":18,"column":0},"end":{"line":18,"column":52}},"12":{"start":{"line":19,"column":0},"end":{"line":19,"column":74}},"13":{"start":{"line":20,"column":0},"end":{"line":20,"column":79}},"14":{"start":{"line":21,"column":0},"end":{"line":21,"column":73}},"15":{"start":{"line":22,"column":0},"end":{"line":22,"column":82}},"16":{"start":{"line":24,"column":0},"end":{"line":24,"column":24}}},"fnMap":{},"branchMap":{},"s":{"0":6,"1":6,"2":6,"3":6,"4":6,"5":6,"6":6,"7":6,"8":6,"9":6,"10":6,"11":6,"12":6,"13":6,"14":6,"15":6,"16":6},"f":{},"b":{},"_coverageSchema":"1a1c01bbd47fc00a2c39e90264f33305004495a9","hash":"e5eacaecda9ee0eb87a02daf05e6d269f14c25b7"}
,"/Users/mac/nibbs/api/v1/routes/administrators/users.js": {"path":"/Users/mac/nibbs/api/v1/routes/administrators/users.js","statementMap":{"0":{"start":{"line":2,"column":0},"end":{"line":2,"column":27}},"1":{"start":{"line":3,"column":16},"end":{"line":3,"column":34}},"2":{"start":{"line":5,"column":15},"end":{"line":5,"column":31}},"3":{"start":{"line":8,"column":22},"end":{"line":8,"column":68}},"4":{"start":{"line":11,"column":23},"end":{"line":11,"column":62}},"5":{"start":{"line":13,"column":0},"end":{"line":13,"column":45}},"6":{"start":{"line":14,"column":0},"end":{"line":14,"column":52}},"7":{"start":{"line":15,"column":0},"end":{"line":15,"column":63}},"8":{"start":{"line":16,"column":0},"end":{"line":16,"column":63}},"9":{"start":{"line":17,"column":0},"end":{"line":17,"column":52}},"10":{"start":{"line":18,"column":0},"end":{"line":18,"column":57}},"11":{"start":{"line":19,"column":0},"end":{"line":19,"column":72}},"12":{"start":{"line":20,"column":0},"end":{"line":20,"column":68}},"13":{"start":{"line":21,"column":0},"end":{"line":21,"column":66}},"14":{"start":{"line":23,"column":0},"end":{"line":23,"column":24}}},"fnMap":{},"branchMap":{},"s":{"0":6,"1":6,"2":6,"3":6,"4":6,"5":6,"6":6,"7":6,"8":6,"9":6,"10":6,"11":6,"12":6,"13":6,"14":6},"f":{},"b":{},"_coverageSchema":"1a1c01bbd47fc00a2c39e90264f33305004495a9","hash":"9688e0050935fa03604366d28f4643c13e764a17"}
,"/Users/mac/nibbs/api/v1/routes/users/invite.js": {"path":"/Users/mac/nibbs/api/v1/routes/users/invite.js","statementMap":{"0":{"start":{"line":2,"column":0},"end":{"line":2,"column":27}},"1":{"start":{"line":3,"column":16},"end":{"line":3,"column":34}},"2":{"start":{"line":6,"column":15},"end":{"line":6,"column":31}},"3":{"start":{"line":9,"column":52},"end":{"line":9,"column":98}},"4":{"start":{"line":11,"column":23},"end":{"line":11,"column":56}},"5":{"start":{"line":12,"column":0},"end":{"line":12,"column":74}},"6":{"start":{"line":13,"column":0},"end":{"line":13,"column":24}}},"fnMap":{},"branchMap":{},"s":{"0":6,"1":6,"2":6,"3":6,"4":6,"5":6,"6":6},"f":{},"b":{},"_coverageSchema":"1a1c01bbd47fc00a2c39e90264f33305004495a9","hash":"8a95418974c8a6e3596831441245037c21c4323a"}
,"/Users/mac/nibbs/api/v1/routes/users/users.js": {"path":"/Users/mac/nibbs/api/v1/routes/users/users.js","statementMap":{"0":{"start":{"line":2,"column":0},"end":{"line":2,"column":27}},"1":{"start":{"line":3,"column":16},"end":{"line":3,"column":34}},"2":{"start":{"line":5,"column":15},"end":{"line":5,"column":31}},"3":{"start":{"line":8,"column":21},"end":{"line":8,"column":67}},"4":{"start":{"line":11,"column":23},"end":{"line":11,"column":62}},"5":{"start":{"line":13,"column":0},"end":{"line":13,"column":54}},"6":{"start":{"line":14,"column":0},"end":{"line":14,"column":55}},"7":{"start":{"line":15,"column":0},"end":{"line":15,"column":71}},"8":{"start":{"line":16,"column":0},"end":{"line":16,"column":81}},"9":{"start":{"line":17,"column":0},"end":{"line":17,"column":24}}},"fnMap":{},"branchMap":{},"s":{"0":6,"1":6,"2":6,"3":6,"4":6,"5":6,"6":6,"7":6,"8":6,"9":6},"f":{},"b":{},"_coverageSchema":"1a1c01bbd47fc00a2c39e90264f33305004495a9","hash":"2ee86d99c879786f6917418332bd3d2d8cbc02b0"}
,"/Users/mac/nibbs/middlewares/verify_auth.js": {"path":"/Users/mac/nibbs/middlewares/verify_auth.js","statementMap":{"0":{"start":{"line":1,"column":15},"end":{"line":1,"column":37}},"1":{"start":{"line":2,"column":18},"end":{"line":2,"column":53}},"2":{"start":{"line":3,"column":15},"end":{"line":3,"column":32}},"3":{"start":{"line":4,"column":16},"end":{"line":4,"column":50}},"4":{"start":{"line":6,"column":17},"end":{"line":6,"column":49}},"5":{"start":{"line":8,"column":15},"end":{"line":81,"column":1}},"6":{"start":{"line":10,"column":16},"end":{"line":10,"column":43}},"7":{"start":{"line":11,"column":4},"end":{"line":13,"column":5}},"8":{"start":{"line":12,"column":6},"end":{"line":12,"column":114}},"9":{"start":{"line":15,"column":4},"end":{"line":19,"column":5}},"10":{"start":{"line":16,"column":6},"end":{"line":16,"column":43}},"11":{"start":{"line":18,"column":6},"end":{"line":18,"column":143}},"12":{"start":{"line":21,"column":4},"end":{"line":30,"column":5}},"13":{"start":{"line":22,"column":23},"end":{"line":22,"column":51}},"14":{"start":{"line":23,"column":6},"end":{"line":23,"column":38}},"15":{"start":{"line":24,"column":6},"end":{"line":26,"column":7}},"16":{"start":{"line":25,"column":8},"end":{"line":25,"column":143}},"17":{"start":{"line":27,"column":6},"end":{"line":27,"column":20}},"18":{"start":{"line":29,"column":6},"end":{"line":29,"column":25}},"19":{"start":{"line":33,"column":16},"end":{"line":33,"column":43}},"20":{"start":{"line":34,"column":4},"end":{"line":36,"column":5}},"21":{"start":{"line":35,"column":6},"end":{"line":35,"column":114}},"22":{"start":{"line":38,"column":4},"end":{"line":42,"column":5}},"23":{"start":{"line":39,"column":6},"end":{"line":39,"column":43}},"24":{"start":{"line":41,"column":6},"end":{"line":41,"column":143}},"25":{"start":{"line":44,"column":4},"end":{"line":53,"column":5}},"26":{"start":{"line":45,"column":23},"end":{"line":45,"column":51}},"27":{"start":{"line":46,"column":6},"end":{"line":46,"column":38}},"28":{"start":{"line":47,"column":6},"end":{"line":49,"column":7}},"29":{"start":{"line":48,"column":8},"end":{"line":48,"column":132}},"30":{"start":{"line":50,"column":6},"end":{"line":50,"column":20}},"31":{"start":{"line":52,"column":6},"end":{"line":52,"column":25}},"32":{"start":{"line":56,"column":16},"end":{"line":56,"column":43}},"33":{"start":{"line":57,"column":4},"end":{"line":59,"column":5}},"34":{"start":{"line":58,"column":6},"end":{"line":58,"column":114}},"35":{"start":{"line":61,"column":4},"end":{"line":65,"column":5}},"36":{"start":{"line":62,"column":6},"end":{"line":62,"column":43}},"37":{"start":{"line":64,"column":6},"end":{"line":64,"column":143}},"38":{"start":{"line":67,"column":4},"end":{"line":79,"column":5}},"39":{"start":{"line":68,"column":23},"end":{"line":68,"column":51}},"40":{"start":{"line":69,"column":6},"end":{"line":69,"column":39}},"41":{"start":{"line":72,"column":19},"end":{"line":72,"column":40}},"42":{"start":{"line":73,"column":6},"end":{"line":75,"column":7}},"43":{"start":{"line":74,"column":8},"end":{"line":74,"column":124}},"44":{"start":{"line":76,"column":6},"end":{"line":76,"column":20}},"45":{"start":{"line":78,"column":6},"end":{"line":78,"column":25}},"46":{"start":{"line":83,"column":0},"end":{"line":83,"column":24}}},"fnMap":{"0":{"name":"(anonymous_0)","decl":{"start":{"line":9,"column":2},"end":{"line":9,"column":3}},"loc":{"start":{"line":9,"column":29},"end":{"line":31,"column":3}},"line":9},"1":{"name":"(anonymous_1)","decl":{"start":{"line":32,"column":2},"end":{"line":32,"column":3}},"loc":{"start":{"line":32,"column":35},"end":{"line":54,"column":3}},"line":32},"2":{"name":"(anonymous_2)","decl":{"start":{"line":55,"column":2},"end":{"line":55,"column":3}},"loc":{"start":{"line":55,"column":30},"end":{"line":80,"column":3}},"line":55}},"branchMap":{"0":{"loc":{"start":{"line":11,"column":4},"end":{"line":13,"column":5}},"type":"if","locations":[{"start":{"line":11,"column":4},"end":{"line":13,"column":5}},{"start":{"line":11,"column":4},"end":{"line":13,"column":5}}],"line":11},"1":{"loc":{"start":{"line":15,"column":4},"end":{"line":19,"column":5}},"type":"if","locations":[{"start":{"line":15,"column":4},"end":{"line":19,"column":5}},{"start":{"line":15,"column":4},"end":{"line":19,"column":5}}],"line":15},"2":{"loc":{"start":{"line":24,"column":6},"end":{"line":26,"column":7}},"type":"if","locations":[{"start":{"line":24,"column":6},"end":{"line":26,"column":7}},{"start":{"line":24,"column":6},"end":{"line":26,"column":7}}],"line":24},"3":{"loc":{"start":{"line":34,"column":4},"end":{"line":36,"column":5}},"type":"if","locations":[{"start":{"line":34,"column":4},"end":{"line":36,"column":5}},{"start":{"line":34,"column":4},"end":{"line":36,"column":5}}],"line":34},"4":{"loc":{"start":{"line":38,"column":4},"end":{"line":42,"column":5}},"type":"if","locations":[{"start":{"line":38,"column":4},"end":{"line":42,"column":5}},{"start":{"line":38,"column":4},"end":{"line":42,"column":5}}],"line":38},"5":{"loc":{"start":{"line":47,"column":6},"end":{"line":49,"column":7}},"type":"if","locations":[{"start":{"line":47,"column":6},"end":{"line":49,"column":7}},{"start":{"line":47,"column":6},"end":{"line":49,"column":7}}],"line":47},"6":{"loc":{"start":{"line":57,"column":4},"end":{"line":59,"column":5}},"type":"if","locations":[{"start":{"line":57,"column":4},"end":{"line":59,"column":5}},{"start":{"line":57,"column":4},"end":{"line":59,"column":5}}],"line":57},"7":{"loc":{"start":{"line":61,"column":4},"end":{"line":65,"column":5}},"type":"if","locations":[{"start":{"line":61,"column":4},"end":{"line":65,"column":5}},{"start":{"line":61,"column":4},"end":{"line":65,"column":5}}],"line":61},"8":{"loc":{"start":{"line":73,"column":6},"end":{"line":75,"column":7}},"type":"if","locations":[{"start":{"line":73,"column":6},"end":{"line":75,"column":7}},{"start":{"line":73,"column":6},"end":{"line":75,"column":7}}],"line":73},"9":{"loc":{"start":{"line":73,"column":10},"end":{"line":73,"column":68}},"type":"binary-expr","locations":[{"start":{"line":73,"column":11},"end":{"line":73,"column":35}},{"start":{"line":73,"column":41},"end":{"line":73,"column":67}}],"line":73}},"s":{"0":7,"1":7,"2":7,"3":7,"4":7,"5":7,"6":4,"7":4,"8":0,"9":4,"10":4,"11":0,"12":4,"13":4,"14":4,"15":4,"16":1,"17":3,"18":0,"19":2,"20":2,"21":0,"22":2,"23":2,"24":0,"25":2,"26":2,"27":2,"28":2,"29":0,"30":2,"31":0,"32":16,"33":16,"34":0,"35":16,"36":16,"37":0,"38":16,"39":16,"40":16,"41":16,"42":16,"43":0,"44":16,"45":0,"46":7},"f":{"0":4,"1":2,"2":16},"b":{"0":[0,4],"1":[4,0],"2":[1,3],"3":[0,2],"4":[2,0],"5":[0,2],"6":[0,16],"7":[16,0],"8":[0,16],"9":[16,0]},"_coverageSchema":"1a1c01bbd47fc00a2c39e90264f33305004495a9","hash":"f5a008106842c2a50adf7794c7b3763321e4cd28"}
,"/Users/mac/nibbs/utilities/tokeniztion.js": {"path":"/Users/mac/nibbs/utilities/tokeniztion.js","statementMap":{"0":{"start":{"line":2,"column":12},"end":{"line":2,"column":35}},"1":{"start":{"line":3,"column":0},"end":{"line":3,"column":27}},"2":{"start":{"line":15,"column":4},"end":{"line":18,"column":35}},"3":{"start":{"line":21,"column":4},"end":{"line":24,"column":35}},"4":{"start":{"line":32,"column":4},"end":{"line":32,"column":61}},"5":{"start":{"line":37,"column":0},"end":{"line":37,"column":41}}},"fnMap":{"0":{"name":"(anonymous_0)","decl":{"start":{"line":14,"column":2},"end":{"line":14,"column":3}},"loc":{"start":{"line":14,"column":36},"end":{"line":19,"column":3}},"line":14},"1":{"name":"(anonymous_1)","decl":{"start":{"line":20,"column":2},"end":{"line":20,"column":3}},"loc":{"start":{"line":20,"column":45},"end":{"line":25,"column":3}},"line":20},"2":{"name":"(anonymous_2)","decl":{"start":{"line":31,"column":2},"end":{"line":31,"column":3}},"loc":{"start":{"line":31,"column":32},"end":{"line":33,"column":3}},"line":31}},"branchMap":{},"s":{"0":7,"1":7,"2":15,"3":0,"4":30,"5":7},"f":{"0":15,"1":0,"2":30},"b":{},"_coverageSchema":"1a1c01bbd47fc00a2c39e90264f33305004495a9","hash":"b7b3df436f7739bf8cda3b4f8dff0d789e1f0463"}
,"/Users/mac/nibbs/validations/validate_accept_invite.js": {"path":"/Users/mac/nibbs/validations/validate_accept_invite.js","statementMap":{"0":{"start":{"line":1,"column":12},"end":{"line":1,"column":32}},"1":{"start":{"line":3,"column":17},"end":{"line":13,"column":1}},"2":{"start":{"line":4,"column":17},"end":{"line":9,"column":4}},"3":{"start":{"line":10,"column":2},"end":{"line":12,"column":5}},"4":{"start":{"line":15,"column":0},"end":{"line":15,"column":26}}},"fnMap":{"0":{"name":"(anonymous_0)","decl":{"start":{"line":3,"column":17},"end":{"line":3,"column":18}},"loc":{"start":{"line":3,"column":29},"end":{"line":13,"column":1}},"line":3}},"branchMap":{},"s":{"0":6,"1":6,"2":2,"3":2,"4":6},"f":{"0":2},"b":{},"_coverageSchema":"1a1c01bbd47fc00a2c39e90264f33305004495a9","hash":"7d1f6c92e143c60abcc03c256d0c134681b828eb"}
,"/Users/mac/nibbs/validations/validate_document_prepare.js": {"path":"/Users/mac/nibbs/validations/validate_document_prepare.js","statementMap":{"0":{"start":{"line":1,"column":12},"end":{"line":1,"column":32}},"1":{"start":{"line":3,"column":17},"end":{"line":14,"column":1}},"2":{"start":{"line":4,"column":17},"end":{"line":10,"column":4}},"3":{"start":{"line":11,"column":2},"end":{"line":13,"column":5}},"4":{"start":{"line":16,"column":0},"end":{"line":16,"column":26}}},"fnMap":{"0":{"name":"(anonymous_0)","decl":{"start":{"line":3,"column":17},"end":{"line":3,"column":18}},"loc":{"start":{"line":3,"column":29},"end":{"line":14,"column":1}},"line":3}},"branchMap":{},"s":{"0":6,"1":6,"2":0,"3":0,"4":6},"f":{"0":0},"b":{},"_coverageSchema":"1a1c01bbd47fc00a2c39e90264f33305004495a9","hash":"32795ab3fb158955f0ea7bd2376056a575af2842"}
,"/Users/mac/nibbs/validations/validate_document_sign.js": {"path":"/Users/mac/nibbs/validations/validate_document_sign.js","statementMap":{"0":{"start":{"line":1,"column":12},"end":{"line":1,"column":32}},"1":{"start":{"line":3,"column":17},"end":{"line":11,"column":1}},"2":{"start":{"line":4,"column":17},"end":{"line":7,"column":4}},"3":{"start":{"line":8,"column":2},"end":{"line":10,"column":5}},"4":{"start":{"line":13,"column":0},"end":{"line":13,"column":26}}},"fnMap":{"0":{"name":"(anonymous_0)","decl":{"start":{"line":3,"column":17},"end":{"line":3,"column":18}},"loc":{"start":{"line":3,"column":29},"end":{"line":11,"column":1}},"line":3}},"branchMap":{},"s":{"0":6,"1":6,"2":0,"3":0,"4":6},"f":{"0":0},"b":{},"_coverageSchema":"1a1c01bbd47fc00a2c39e90264f33305004495a9","hash":"cd607dec1dc09a8dc992189e4112b79794984def"}
,"/Users/mac/nibbs/validations/validate_invite.js": {"path":"/Users/mac/nibbs/validations/validate_invite.js","statementMap":{"0":{"start":{"line":1,"column":12},"end":{"line":1,"column":32}},"1":{"start":{"line":3,"column":17},"end":{"line":10,"column":1}},"2":{"start":{"line":4,"column":17},"end":{"line":6,"column":4}},"3":{"start":{"line":7,"column":2},"end":{"line":9,"column":5}},"4":{"start":{"line":12,"column":0},"end":{"line":12,"column":26}}},"fnMap":{"0":{"name":"(anonymous_0)","decl":{"start":{"line":3,"column":17},"end":{"line":3,"column":18}},"loc":{"start":{"line":3,"column":29},"end":{"line":10,"column":1}},"line":3}},"branchMap":{},"s":{"0":6,"1":6,"2":2,"3":2,"4":6},"f":{"0":2},"b":{},"_coverageSchema":"1a1c01bbd47fc00a2c39e90264f33305004495a9","hash":"faaf62257a754c3e1520771256d123fbb7075f6d"}
,"/Users/mac/nibbs/validations/validate_recipients.js": {"path":"/Users/mac/nibbs/validations/validate_recipients.js","statementMap":{"0":{"start":{"line":1,"column":12},"end":{"line":1,"column":32}},"1":{"start":{"line":3,"column":17},"end":{"line":11,"column":1}},"2":{"start":{"line":4,"column":17},"end":{"line":7,"column":4}},"3":{"start":{"line":8,"column":2},"end":{"line":10,"column":5}},"4":{"start":{"line":13,"column":0},"end":{"line":13,"column":26}}},"fnMap":{"0":{"name":"(anonymous_0)","decl":{"start":{"line":3,"column":17},"end":{"line":3,"column":18}},"loc":{"start":{"line":3,"column":29},"end":{"line":11,"column":1}},"line":3}},"branchMap":{},"s":{"0":6,"1":6,"2":1,"3":1,"4":6},"f":{"0":1},"b":{},"_coverageSchema":"1a1c01bbd47fc00a2c39e90264f33305004495a9","hash":"5aa90a1d1a8f4405ae2733c6c68ce6c28e8d2644"}
,"/Users/mac/nibbs/validations/validate_reg.js": {"path":"/Users/mac/nibbs/validations/validate_reg.js","statementMap":{"0":{"start":{"line":1,"column":12},"end":{"line":1,"column":32}},"1":{"start":{"line":3,"column":17},"end":{"line":12,"column":1}},"2":{"start":{"line":4,"column":17},"end":{"line":8,"column":4}},"3":{"start":{"line":9,"column":2},"end":{"line":11,"column":5}},"4":{"start":{"line":14,"column":0},"end":{"line":14,"column":26}}},"fnMap":{"0":{"name":"(anonymous_0)","decl":{"start":{"line":3,"column":17},"end":{"line":3,"column":18}},"loc":{"start":{"line":3,"column":29},"end":{"line":12,"column":1}},"line":3}},"branchMap":{},"s":{"0":6,"1":6,"2":11,"3":11,"4":6},"f":{"0":11},"b":{},"_coverageSchema":"1a1c01bbd47fc00a2c39e90264f33305004495a9","hash":"17ea760a563f0215f3f8f754e16a4d98ab6a81c1"}
}
