{"/Users/mac/nibbs/app.js": {"path":"/Users/mac/nibbs/app.js","statementMap":{"0":{"start":{"line":2,"column":12},"end":{"line":2,"column":36}},"1":{"start":{"line":3,"column":13},"end":{"line":3,"column":28}},"2":{"start":{"line":4,"column":19},"end":{"line":4,"column":48}},"3":{"start":{"line":5,"column":16},"end":{"line":5,"column":34}},"4":{"start":{"line":6,"column":19},"end":{"line":6,"column":41}},"5":{"start":{"line":7,"column":15},"end":{"line":7,"column":32}},"6":{"start":{"line":8,"column":23},"end":{"line":8,"column":49}},"7":{"start":{"line":9,"column":13},"end":{"line":9,"column":28}},"8":{"start":{"line":10,"column":12},"end":{"line":10,"column":21}},"9":{"start":{"line":14,"column":0},"end":{"line":14,"column":23}},"10":{"start":{"line":15,"column":0},"end":{"line":15,"column":50}},"11":{"start":{"line":16,"column":0},"end":{"line":16,"column":27}},"12":{"start":{"line":17,"column":0},"end":{"line":17,"column":23}},"13":{"start":{"line":18,"column":0},"end":{"line":18,"column":26}},"14":{"start":{"line":19,"column":0},"end":{"line":23,"column":4}},"15":{"start":{"line":31,"column":19},"end":{"line":31,"column":60}},"16":{"start":{"line":34,"column":24},"end":{"line":34,"column":71}},"17":{"start":{"line":35,"column":19},"end":{"line":35,"column":57}},"18":{"start":{"line":37,"column":26},"end":{"line":37,"column":74}},"19":{"start":{"line":38,"column":25},"end":{"line":38,"column":64}},"20":{"start":{"line":40,"column":0},"end":{"line":40,"column":29}},"21":{"start":{"line":41,"column":0},"end":{"line":41,"column":30}},"22":{"start":{"line":42,"column":0},"end":{"line":42,"column":41}},"23":{"start":{"line":43,"column":0},"end":{"line":43,"column":43}},"24":{"start":{"line":44,"column":0},"end":{"line":44,"column":44}},"25":{"start":{"line":45,"column":16},"end":{"line":45,"column":35}},"26":{"start":{"line":46,"column":23},"end":{"line":46,"column":51}},"27":{"start":{"line":49,"column":0},"end":{"line":54,"column":3}},"28":{"start":{"line":55,"column":10},"end":{"line":55,"column":29}},"29":{"start":{"line":57,"column":0},"end":{"line":57,"column":64}},"30":{"start":{"line":58,"column":0},"end":{"line":60,"column":4}},"31":{"start":{"line":59,"column":2},"end":{"line":59,"column":33}},"32":{"start":{"line":62,"column":0},"end":{"line":62,"column":19}}},"fnMap":{"0":{"name":"(anonymous_0)","decl":{"start":{"line":58,"column":17},"end":{"line":58,"column":18}},"loc":{"start":{"line":58,"column":21},"end":{"line":60,"column":1}},"line":58}},"branchMap":{"0":{"loc":{"start":{"line":2,"column":12},"end":{"line":2,"column":36}},"type":"binary-expr","locations":[{"start":{"line":2,"column":12},"end":{"line":2,"column":28}},{"start":{"line":2,"column":32},"end":{"line":2,"column":36}}],"line":2}},"s":{"0":3,"1":3,"2":3,"3":3,"4":3,"5":3,"6":3,"7":3,"8":3,"9":3,"10":3,"11":3,"12":3,"13":3,"14":3,"15":3,"16":3,"17":3,"18":3,"19":3,"20":3,"21":3,"22":3,"23":3,"24":3,"25":3,"26":3,"27":3,"28":3,"29":3,"30":3,"31":3,"32":3},"f":{"0":3},"b":{"0":[3,3]},"_coverageSchema":"1a1c01bbd47fc00a2c39e90264f33305004495a9","hash":"5634d73323c4531cb9671018bda4e796e5571117"}
,"/Users/mac/nibbs/api/v1/controllers/authentication.js": {"path":"/Users/mac/nibbs/api/v1/controllers/authentication.js","statementMap":{"0":{"start":{"line":1,"column":17},"end":{"line":1,"column":36}},"1":{"start":{"line":2,"column":15},"end":{"line":2,"column":47}},"2":{"start":{"line":3,"column":15},"end":{"line":3,"column":37}},"3":{"start":{"line":4,"column":16},"end":{"line":4,"column":42}},"4":{"start":{"line":5,"column":17},"end":{"line":5,"column":55}},"5":{"start":{"line":6,"column":20},"end":{"line":6,"column":64}},"6":{"start":{"line":7,"column":18},"end":{"line":7,"column":59}},"7":{"start":{"line":8,"column":11},"end":{"line":8,"column":42}},"8":{"start":{"line":9,"column":59},"end":{"line":9,"column":94}},"9":{"start":{"line":24,"column":4},"end":{"line":76,"column":5}},"10":{"start":{"line":25,"column":22},"end":{"line":25,"column":43}},"11":{"start":{"line":26,"column":6},"end":{"line":31,"column":7}},"12":{"start":{"line":27,"column":8},"end":{"line":30,"column":11}},"13":{"start":{"line":32,"column":22},"end":{"line":39,"column":7}},"14":{"start":{"line":41,"column":24},"end":{"line":48,"column":7}},"15":{"start":{"line":49,"column":6},"end":{"line":49,"column":52}},"16":{"start":{"line":50,"column":6},"end":{"line":52,"column":7}},"17":{"start":{"line":51,"column":8},"end":{"line":51,"column":76}},"18":{"start":{"line":53,"column":19},"end":{"line":53,"column":24}},"19":{"start":{"line":54,"column":17},"end":{"line":54,"column":41}},"20":{"start":{"line":55,"column":24},"end":{"line":55,"column":116}},"21":{"start":{"line":56,"column":6},"end":{"line":56,"column":43}},"22":{"start":{"line":57,"column":6},"end":{"line":60,"column":7}},"23":{"start":{"line":58,"column":8},"end":{"line":58,"column":22}},"24":{"start":{"line":59,"column":8},"end":{"line":59,"column":28}},"25":{"start":{"line":61,"column":6},"end":{"line":61,"column":37}},"26":{"start":{"line":62,"column":26},"end":{"line":66,"column":8}},"27":{"start":{"line":67,"column":6},"end":{"line":67,"column":33}},"28":{"start":{"line":68,"column":6},"end":{"line":72,"column":9}},"29":{"start":{"line":74,"column":6},"end":{"line":74,"column":25}},"30":{"start":{"line":75,"column":6},"end":{"line":75,"column":25}},"31":{"start":{"line":79,"column":0},"end":{"line":79,"column":41}}},"fnMap":{"0":{"name":"(anonymous_0)","decl":{"start":{"line":23,"column":2},"end":{"line":23,"column":3}},"loc":{"start":{"line":23,"column":37},"end":{"line":77,"column":3}},"line":23}},"branchMap":{"0":{"loc":{"start":{"line":26,"column":6},"end":{"line":31,"column":7}},"type":"if","locations":[{"start":{"line":26,"column":6},"end":{"line":31,"column":7}},{"start":{"line":26,"column":6},"end":{"line":31,"column":7}}],"line":26},"1":{"loc":{"start":{"line":43,"column":17},"end":{"line":43,"column":37}},"type":"binary-expr","locations":[{"start":{"line":43,"column":17},"end":{"line":43,"column":31}},{"start":{"line":43,"column":35},"end":{"line":43,"column":37}}],"line":43},"2":{"loc":{"start":{"line":50,"column":6},"end":{"line":52,"column":7}},"type":"if","locations":[{"start":{"line":50,"column":6},"end":{"line":52,"column":7}},{"start":{"line":50,"column":6},"end":{"line":52,"column":7}}],"line":50},"3":{"loc":{"start":{"line":57,"column":6},"end":{"line":60,"column":7}},"type":"if","locations":[{"start":{"line":57,"column":6},"end":{"line":60,"column":7}},{"start":{"line":57,"column":6},"end":{"line":60,"column":7}}],"line":57},"4":{"loc":{"start":{"line":64,"column":16},"end":{"line":64,"column":42}},"type":"binary-expr","locations":[{"start":{"line":64,"column":16},"end":{"line":64,"column":29}},{"start":{"line":64,"column":33},"end":{"line":64,"column":42}}],"line":64}},"s":{"0":3,"1":3,"2":3,"3":3,"4":3,"5":3,"6":3,"7":3,"8":3,"9":8,"10":8,"11":8,"12":1,"13":7,"14":7,"15":7,"16":7,"17":0,"18":7,"19":7,"20":7,"21":7,"22":7,"23":3,"24":3,"25":7,"26":7,"27":7,"28":7,"29":0,"30":0,"31":3},"f":{"0":8},"b":{"0":[1,7],"1":[7,0],"2":[0,7],"3":[3,4],"4":[7,4]},"_coverageSchema":"1a1c01bbd47fc00a2c39e90264f33305004495a9","hash":"be77a15b5d0f8c2de39c2d1fa68eebb82acbb305"}
,"/Users/mac/nibbs/api/v1/controllers/user.js": {"path":"/Users/mac/nibbs/api/v1/controllers/user.js","statementMap":{"0":{"start":{"line":1,"column":17},"end":{"line":1,"column":36}},"1":{"start":{"line":2,"column":15},"end":{"line":2,"column":47}},"2":{"start":{"line":3,"column":15},"end":{"line":3,"column":37}},"3":{"start":{"line":4,"column":16},"end":{"line":4,"column":42}},"4":{"start":{"line":5,"column":17},"end":{"line":5,"column":55}},"5":{"start":{"line":6,"column":11},"end":{"line":6,"column":42}},"6":{"start":{"line":7,"column":13},"end":{"line":7,"column":46}},"7":{"start":{"line":8,"column":19},"end":{"line":8,"column":43}},"8":{"start":{"line":9,"column":18},"end":{"line":9,"column":59}},"9":{"start":{"line":10,"column":18},"end":{"line":10,"column":59}},"10":{"start":{"line":11,"column":23},"end":{"line":11,"column":70}},"11":{"start":{"line":12,"column":29},"end":{"line":12,"column":83}},"12":{"start":{"line":14,"column":59},"end":{"line":14,"column":94}},"13":{"start":{"line":27,"column":4},"end":{"line":49,"column":5}},"14":{"start":{"line":28,"column":22},"end":{"line":28,"column":46}},"15":{"start":{"line":29,"column":6},"end":{"line":34,"column":7}},"16":{"start":{"line":30,"column":8},"end":{"line":33,"column":11}},"17":{"start":{"line":35,"column":23},"end":{"line":35,"column":25}},"18":{"start":{"line":36,"column":6},"end":{"line":44,"column":7}},"19":{"start":{"line":38,"column":26},"end":{"line":38,"column":64}},"20":{"start":{"line":39,"column":8},"end":{"line":41,"column":9}},"21":{"start":{"line":40,"column":10},"end":{"line":40,"column":19}},"22":{"start":{"line":42,"column":22},"end":{"line":42,"column":44}},"23":{"start":{"line":43,"column":8},"end":{"line":43,"column":32}},"24":{"start":{"line":45,"column":6},"end":{"line":45,"column":104}},"25":{"start":{"line":47,"column":6},"end":{"line":47,"column":25}},"26":{"start":{"line":48,"column":6},"end":{"line":48,"column":25}},"27":{"start":{"line":52,"column":4},"end":{"line":118,"column":5}},"28":{"start":{"line":53,"column":6},"end":{"line":55,"column":7}},"29":{"start":{"line":54,"column":8},"end":{"line":54,"column":81}},"30":{"start":{"line":56,"column":6},"end":{"line":56,"column":48}},"31":{"start":{"line":57,"column":17},"end":{"line":57,"column":32}},"32":{"start":{"line":58,"column":24},"end":{"line":58,"column":65}},"33":{"start":{"line":59,"column":15},"end":{"line":59,"column":21}},"34":{"start":{"line":60,"column":6},"end":{"line":62,"column":7}},"35":{"start":{"line":61,"column":8},"end":{"line":61,"column":30}},"36":{"start":{"line":63,"column":22},"end":{"line":63,"column":65}},"37":{"start":{"line":64,"column":6},"end":{"line":69,"column":7}},"38":{"start":{"line":65,"column":8},"end":{"line":68,"column":11}},"39":{"start":{"line":70,"column":24},"end":{"line":70,"column":63}},"40":{"start":{"line":71,"column":6},"end":{"line":76,"column":7}},"41":{"start":{"line":72,"column":8},"end":{"line":75,"column":11}},"42":{"start":{"line":77,"column":18},"end":{"line":77,"column":20}},"43":{"start":{"line":78,"column":6},"end":{"line":98,"column":7}},"44":{"start":{"line":79,"column":23},"end":{"line":79,"column":35}},"45":{"start":{"line":81,"column":8},"end":{"line":81,"column":38}},"46":{"start":{"line":82,"column":8},"end":{"line":91,"column":9}},"47":{"start":{"line":83,"column":10},"end":{"line":90,"column":11}},"48":{"start":{"line":84,"column":23},"end":{"line":84,"column":55}},"49":{"start":{"line":85,"column":12},"end":{"line":85,"column":47}},"50":{"start":{"line":86,"column":12},"end":{"line":88,"column":13}},"51":{"start":{"line":87,"column":14},"end":{"line":87,"column":23}},"52":{"start":{"line":89,"column":12},"end":{"line":89,"column":34}},"53":{"start":{"line":92,"column":19},"end":{"line":92,"column":57}},"54":{"start":{"line":93,"column":8},"end":{"line":93,"column":43}},"55":{"start":{"line":94,"column":8},"end":{"line":96,"column":9}},"56":{"start":{"line":95,"column":10},"end":{"line":95,"column":19}},"57":{"start":{"line":97,"column":8},"end":{"line":97,"column":30}},"58":{"start":{"line":99,"column":6},"end":{"line":101,"column":7}},"59":{"start":{"line":100,"column":8},"end":{"line":100,"column":80}},"60":{"start":{"line":102,"column":25},"end":{"line":102,"column":132}},"61":{"start":{"line":103,"column":6},"end":{"line":105,"column":7}},"62":{"start":{"line":104,"column":8},"end":{"line":104,"column":56}},"63":{"start":{"line":106,"column":6},"end":{"line":113,"column":7}},"64":{"start":{"line":107,"column":28},"end":{"line":111,"column":10}},"65":{"start":{"line":112,"column":8},"end":{"line":112,"column":129}},"66":{"start":{"line":114,"column":6},"end":{"line":114,"column":73}},"67":{"start":{"line":116,"column":6},"end":{"line":116,"column":25}},"68":{"start":{"line":117,"column":6},"end":{"line":117,"column":25}},"69":{"start":{"line":121,"column":4},"end":{"line":147,"column":5}},"70":{"start":{"line":122,"column":27},"end":{"line":122,"column":58}},"71":{"start":{"line":123,"column":26},"end":{"line":123,"column":55}},"72":{"start":{"line":124,"column":19},"end":{"line":124,"column":45}},"73":{"start":{"line":126,"column":25},"end":{"line":126,"column":61}},"74":{"start":{"line":127,"column":20},"end":{"line":127,"column":90}},"75":{"start":{"line":128,"column":25},"end":{"line":128,"column":61}},"76":{"start":{"line":130,"column":6},"end":{"line":142,"column":7}},"77":{"start":{"line":131,"column":32},"end":{"line":140,"column":9}},"78":{"start":{"line":141,"column":8},"end":{"line":141,"column":91}},"79":{"start":{"line":143,"column":6},"end":{"line":143,"column":95}},"80":{"start":{"line":145,"column":6},"end":{"line":145,"column":25}},"81":{"start":{"line":146,"column":6},"end":{"line":146,"column":25}},"82":{"start":{"line":150,"column":4},"end":{"line":174,"column":5}},"83":{"start":{"line":151,"column":6},"end":{"line":153,"column":7}},"84":{"start":{"line":152,"column":8},"end":{"line":152,"column":94}},"85":{"start":{"line":155,"column":6},"end":{"line":157,"column":7}},"86":{"start":{"line":156,"column":8},"end":{"line":156,"column":69}},"87":{"start":{"line":159,"column":17},"end":{"line":159,"column":62}},"88":{"start":{"line":160,"column":6},"end":{"line":166,"column":7}},"89":{"start":{"line":161,"column":8},"end":{"line":165,"column":11}},"90":{"start":{"line":167,"column":6},"end":{"line":170,"column":9}},"91":{"start":{"line":172,"column":6},"end":{"line":172,"column":25}},"92":{"start":{"line":173,"column":6},"end":{"line":173,"column":25}},"93":{"start":{"line":177,"column":4},"end":{"line":194,"column":5}},"94":{"start":{"line":178,"column":24},"end":{"line":178,"column":39}},"95":{"start":{"line":179,"column":17},"end":{"line":179,"column":63}},"96":{"start":{"line":180,"column":6},"end":{"line":186,"column":7}},"97":{"start":{"line":181,"column":8},"end":{"line":185,"column":11}},"98":{"start":{"line":187,"column":6},"end":{"line":190,"column":9}},"99":{"start":{"line":192,"column":6},"end":{"line":192,"column":25}},"100":{"start":{"line":193,"column":6},"end":{"line":193,"column":25}},"101":{"start":{"line":197,"column":4},"end":{"line":232,"column":5}},"102":{"start":{"line":198,"column":24},"end":{"line":198,"column":39}},"103":{"start":{"line":199,"column":19},"end":{"line":199,"column":27}},"104":{"start":{"line":200,"column":6},"end":{"line":211,"column":7}},"105":{"start":{"line":201,"column":24},"end":{"line":201,"column":67}},"106":{"start":{"line":202,"column":8},"end":{"line":210,"column":9}},"107":{"start":{"line":203,"column":28},"end":{"line":203,"column":71}},"108":{"start":{"line":204,"column":10},"end":{"line":209,"column":11}},"109":{"start":{"line":205,"column":12},"end":{"line":208,"column":15}},"110":{"start":{"line":212,"column":6},"end":{"line":212,"column":56}},"111":{"start":{"line":213,"column":24},"end":{"line":213,"column":97}},"112":{"start":{"line":214,"column":6},"end":{"line":224,"column":7}},"113":{"start":{"line":215,"column":28},"end":{"line":218,"column":10}},"114":{"start":{"line":219,"column":8},"end":{"line":223,"column":11}},"115":{"start":{"line":225,"column":6},"end":{"line":228,"column":9}},"116":{"start":{"line":230,"column":6},"end":{"line":230,"column":25}},"117":{"start":{"line":231,"column":6},"end":{"line":231,"column":25}},"118":{"start":{"line":235,"column":4},"end":{"line":272,"column":5}},"119":{"start":{"line":236,"column":6},"end":{"line":238,"column":7}},"120":{"start":{"line":237,"column":8},"end":{"line":237,"column":94}},"121":{"start":{"line":240,"column":6},"end":{"line":242,"column":7}},"122":{"start":{"line":241,"column":8},"end":{"line":241,"column":69}},"123":{"start":{"line":243,"column":19},"end":{"line":243,"column":27}},"124":{"start":{"line":244,"column":6},"end":{"line":255,"column":7}},"125":{"start":{"line":245,"column":24},"end":{"line":245,"column":67}},"126":{"start":{"line":246,"column":8},"end":{"line":254,"column":9}},"127":{"start":{"line":247,"column":28},"end":{"line":247,"column":71}},"128":{"start":{"line":248,"column":10},"end":{"line":253,"column":11}},"129":{"start":{"line":249,"column":12},"end":{"line":252,"column":15}},"130":{"start":{"line":257,"column":24},"end":{"line":257,"column":99}},"131":{"start":{"line":258,"column":6},"end":{"line":264,"column":7}},"132":{"start":{"line":259,"column":8},"end":{"line":263,"column":11}},"133":{"start":{"line":265,"column":6},"end":{"line":268,"column":9}},"134":{"start":{"line":270,"column":6},"end":{"line":270,"column":25}},"135":{"start":{"line":271,"column":6},"end":{"line":271,"column":25}},"136":{"start":{"line":275,"column":4},"end":{"line":301,"column":5}},"137":{"start":{"line":276,"column":6},"end":{"line":278,"column":7}},"138":{"start":{"line":277,"column":8},"end":{"line":277,"column":94}},"139":{"start":{"line":280,"column":6},"end":{"line":282,"column":7}},"140":{"start":{"line":281,"column":8},"end":{"line":281,"column":69}},"141":{"start":{"line":283,"column":6},"end":{"line":285,"column":7}},"142":{"start":{"line":284,"column":8},"end":{"line":284,"column":71}},"143":{"start":{"line":286,"column":24},"end":{"line":286,"column":114}},"144":{"start":{"line":287,"column":6},"end":{"line":293,"column":7}},"145":{"start":{"line":288,"column":8},"end":{"line":292,"column":11}},"146":{"start":{"line":294,"column":6},"end":{"line":297,"column":9}},"147":{"start":{"line":299,"column":6},"end":{"line":299,"column":25}},"148":{"start":{"line":300,"column":6},"end":{"line":300,"column":25}},"149":{"start":{"line":304,"column":4},"end":{"line":327,"column":5}},"150":{"start":{"line":305,"column":6},"end":{"line":307,"column":7}},"151":{"start":{"line":306,"column":8},"end":{"line":306,"column":94}},"152":{"start":{"line":309,"column":6},"end":{"line":311,"column":7}},"153":{"start":{"line":310,"column":8},"end":{"line":310,"column":69}},"154":{"start":{"line":312,"column":24},"end":{"line":312,"column":91}},"155":{"start":{"line":313,"column":6},"end":{"line":319,"column":7}},"156":{"start":{"line":314,"column":8},"end":{"line":318,"column":11}},"157":{"start":{"line":320,"column":6},"end":{"line":323,"column":9}},"158":{"start":{"line":325,"column":6},"end":{"line":325,"column":25}},"159":{"start":{"line":326,"column":6},"end":{"line":326,"column":25}},"160":{"start":{"line":330,"column":4},"end":{"line":356,"column":5}},"161":{"start":{"line":331,"column":27},"end":{"line":331,"column":58}},"162":{"start":{"line":332,"column":26},"end":{"line":332,"column":55}},"163":{"start":{"line":333,"column":19},"end":{"line":333,"column":45}},"164":{"start":{"line":335,"column":25},"end":{"line":335,"column":63}},"165":{"start":{"line":336,"column":20},"end":{"line":336,"column":92}},"166":{"start":{"line":337,"column":25},"end":{"line":337,"column":61}},"167":{"start":{"line":339,"column":6},"end":{"line":351,"column":7}},"168":{"start":{"line":340,"column":32},"end":{"line":349,"column":9}},"169":{"start":{"line":350,"column":8},"end":{"line":350,"column":99}},"170":{"start":{"line":352,"column":6},"end":{"line":352,"column":103}},"171":{"start":{"line":354,"column":6},"end":{"line":354,"column":25}},"172":{"start":{"line":355,"column":6},"end":{"line":355,"column":25}},"173":{"start":{"line":359,"column":4},"end":{"line":396,"column":5}},"174":{"start":{"line":360,"column":27},"end":{"line":360,"column":58}},"175":{"start":{"line":361,"column":26},"end":{"line":361,"column":55}},"176":{"start":{"line":362,"column":19},"end":{"line":362,"column":45}},"177":{"start":{"line":363,"column":21},"end":{"line":363,"column":37}},"178":{"start":{"line":364,"column":25},"end":{"line":370,"column":25}},"179":{"start":{"line":371,"column":20},"end":{"line":377,"column":59}},"180":{"start":{"line":378,"column":25},"end":{"line":378,"column":61}},"181":{"start":{"line":379,"column":6},"end":{"line":391,"column":7}},"182":{"start":{"line":380,"column":32},"end":{"line":389,"column":9}},"183":{"start":{"line":390,"column":8},"end":{"line":390,"column":91}},"184":{"start":{"line":392,"column":6},"end":{"line":392,"column":95}},"185":{"start":{"line":394,"column":6},"end":{"line":394,"column":25}},"186":{"start":{"line":395,"column":6},"end":{"line":395,"column":25}},"187":{"start":{"line":399,"column":4},"end":{"line":429,"column":5}},"188":{"start":{"line":400,"column":27},"end":{"line":400,"column":58}},"189":{"start":{"line":401,"column":26},"end":{"line":401,"column":55}},"190":{"start":{"line":402,"column":19},"end":{"line":402,"column":45}},"191":{"start":{"line":403,"column":6},"end":{"line":403,"column":28}},"192":{"start":{"line":404,"column":6},"end":{"line":404,"column":29}},"193":{"start":{"line":405,"column":25},"end":{"line":407,"column":25}},"194":{"start":{"line":408,"column":20},"end":{"line":410,"column":59}},"195":{"start":{"line":411,"column":25},"end":{"line":411,"column":61}},"196":{"start":{"line":412,"column":6},"end":{"line":424,"column":7}},"197":{"start":{"line":413,"column":32},"end":{"line":422,"column":9}},"198":{"start":{"line":423,"column":8},"end":{"line":423,"column":91}},"199":{"start":{"line":425,"column":6},"end":{"line":425,"column":95}},"200":{"start":{"line":427,"column":6},"end":{"line":427,"column":25}},"201":{"start":{"line":428,"column":6},"end":{"line":428,"column":25}},"202":{"start":{"line":441,"column":2},"end":{"line":454,"column":3}},"203":{"start":{"line":442,"column":4},"end":{"line":442,"column":37}},"204":{"start":{"line":443,"column":21},"end":{"line":443,"column":53}},"205":{"start":{"line":444,"column":23},"end":{"line":449,"column":6}},"206":{"start":{"line":450,"column":4},"end":{"line":450,"column":52}},"207":{"start":{"line":452,"column":4},"end":{"line":452,"column":23}},"208":{"start":{"line":453,"column":4},"end":{"line":453,"column":17}},"209":{"start":{"line":456,"column":0},"end":{"line":456,"column":30}}},"fnMap":{"0":{"name":"(anonymous_0)","decl":{"start":{"line":26,"column":2},"end":{"line":26,"column":3}},"loc":{"start":{"line":26,"column":42},"end":{"line":50,"column":3}},"line":26},"1":{"name":"(anonymous_1)","decl":{"start":{"line":51,"column":2},"end":{"line":51,"column":3}},"loc":{"start":{"line":51,"column":46},"end":{"line":119,"column":3}},"line":51},"2":{"name":"(anonymous_2)","decl":{"start":{"line":120,"column":2},"end":{"line":120,"column":3}},"loc":{"start":{"line":120,"column":44},"end":{"line":148,"column":3}},"line":120},"3":{"name":"(anonymous_3)","decl":{"start":{"line":149,"column":2},"end":{"line":149,"column":3}},"loc":{"start":{"line":149,"column":49},"end":{"line":175,"column":3}},"line":149},"4":{"name":"(anonymous_4)","decl":{"start":{"line":176,"column":2},"end":{"line":176,"column":3}},"loc":{"start":{"line":176,"column":41},"end":{"line":195,"column":3}},"line":176},"5":{"name":"(anonymous_5)","decl":{"start":{"line":196,"column":2},"end":{"line":196,"column":3}},"loc":{"start":{"line":196,"column":42},"end":{"line":233,"column":3}},"line":196},"6":{"name":"(anonymous_6)","decl":{"start":{"line":234,"column":2},"end":{"line":234,"column":3}},"loc":{"start":{"line":234,"column":47},"end":{"line":273,"column":3}},"line":234},"7":{"name":"(anonymous_7)","decl":{"start":{"line":274,"column":2},"end":{"line":274,"column":3}},"loc":{"start":{"line":274,"column":46},"end":{"line":302,"column":3}},"line":274},"8":{"name":"(anonymous_8)","decl":{"start":{"line":303,"column":2},"end":{"line":303,"column":3}},"loc":{"start":{"line":303,"column":42},"end":{"line":328,"column":3}},"line":303},"9":{"name":"(anonymous_9)","decl":{"start":{"line":329,"column":2},"end":{"line":329,"column":3}},"loc":{"start":{"line":329,"column":48},"end":{"line":357,"column":3}},"line":329},"10":{"name":"(anonymous_10)","decl":{"start":{"line":358,"column":2},"end":{"line":358,"column":3}},"loc":{"start":{"line":358,"column":45},"end":{"line":397,"column":3}},"line":358},"11":{"name":"(anonymous_11)","decl":{"start":{"line":398,"column":2},"end":{"line":398,"column":3}},"loc":{"start":{"line":398,"column":45},"end":{"line":430,"column":3}},"line":398},"12":{"name":"uploadFile","decl":{"start":{"line":440,"column":15},"end":{"line":440,"column":25}},"loc":{"start":{"line":440,"column":37},"end":{"line":455,"column":1}},"line":440}},"branchMap":{"0":{"loc":{"start":{"line":29,"column":6},"end":{"line":34,"column":7}},"type":"if","locations":[{"start":{"line":29,"column":6},"end":{"line":34,"column":7}},{"start":{"line":29,"column":6},"end":{"line":34,"column":7}}],"line":29},"1":{"loc":{"start":{"line":39,"column":8},"end":{"line":41,"column":9}},"type":"if","locations":[{"start":{"line":39,"column":8},"end":{"line":41,"column":9}},{"start":{"line":39,"column":8},"end":{"line":41,"column":9}}],"line":39},"2":{"loc":{"start":{"line":53,"column":6},"end":{"line":55,"column":7}},"type":"if","locations":[{"start":{"line":53,"column":6},"end":{"line":55,"column":7}},{"start":{"line":53,"column":6},"end":{"line":55,"column":7}}],"line":53},"3":{"loc":{"start":{"line":53,"column":10},"end":{"line":53,"column":59}},"type":"binary-expr","locations":[{"start":{"line":53,"column":10},"end":{"line":53,"column":20}},{"start":{"line":53,"column":24},"end":{"line":53,"column":59}}],"line":53},"4":{"loc":{"start":{"line":60,"column":6},"end":{"line":62,"column":7}},"type":"if","locations":[{"start":{"line":60,"column":6},"end":{"line":62,"column":7}},{"start":{"line":60,"column":6},"end":{"line":62,"column":7}}],"line":60},"5":{"loc":{"start":{"line":64,"column":6},"end":{"line":69,"column":7}},"type":"if","locations":[{"start":{"line":64,"column":6},"end":{"line":69,"column":7}},{"start":{"line":64,"column":6},"end":{"line":69,"column":7}}],"line":64},"6":{"loc":{"start":{"line":71,"column":6},"end":{"line":76,"column":7}},"type":"if","locations":[{"start":{"line":71,"column":6},"end":{"line":76,"column":7}},{"start":{"line":71,"column":6},"end":{"line":76,"column":7}}],"line":71},"7":{"loc":{"start":{"line":82,"column":8},"end":{"line":91,"column":9}},"type":"if","locations":[{"start":{"line":82,"column":8},"end":{"line":91,"column":9}},{"start":{"line":82,"column":8},"end":{"line":91,"column":9}}],"line":82},"8":{"loc":{"start":{"line":86,"column":12},"end":{"line":88,"column":13}},"type":"if","locations":[{"start":{"line":86,"column":12},"end":{"line":88,"column":13}},{"start":{"line":86,"column":12},"end":{"line":88,"column":13}}],"line":86},"9":{"loc":{"start":{"line":94,"column":8},"end":{"line":96,"column":9}},"type":"if","locations":[{"start":{"line":94,"column":8},"end":{"line":96,"column":9}},{"start":{"line":94,"column":8},"end":{"line":96,"column":9}}],"line":94},"10":{"loc":{"start":{"line":99,"column":6},"end":{"line":101,"column":7}},"type":"if","locations":[{"start":{"line":99,"column":6},"end":{"line":101,"column":7}},{"start":{"line":99,"column":6},"end":{"line":101,"column":7}}],"line":99},"11":{"loc":{"start":{"line":103,"column":6},"end":{"line":105,"column":7}},"type":"if","locations":[{"start":{"line":103,"column":6},"end":{"line":105,"column":7}},{"start":{"line":103,"column":6},"end":{"line":105,"column":7}}],"line":103},"12":{"loc":{"start":{"line":106,"column":6},"end":{"line":113,"column":7}},"type":"if","locations":[{"start":{"line":106,"column":6},"end":{"line":113,"column":7}},{"start":{"line":106,"column":6},"end":{"line":113,"column":7}}],"line":106},"13":{"loc":{"start":{"line":122,"column":27},"end":{"line":122,"column":58}},"type":"binary-expr","locations":[{"start":{"line":122,"column":27},"end":{"line":122,"column":52}},{"start":{"line":122,"column":56},"end":{"line":122,"column":58}}],"line":122},"14":{"loc":{"start":{"line":123,"column":26},"end":{"line":123,"column":55}},"type":"binary-expr","locations":[{"start":{"line":123,"column":26},"end":{"line":123,"column":50}},{"start":{"line":123,"column":54},"end":{"line":123,"column":55}}],"line":123},"15":{"loc":{"start":{"line":130,"column":6},"end":{"line":142,"column":7}},"type":"if","locations":[{"start":{"line":130,"column":6},"end":{"line":142,"column":7}},{"start":{"line":130,"column":6},"end":{"line":142,"column":7}}],"line":130},"16":{"loc":{"start":{"line":130,"column":10},"end":{"line":130,"column":31}},"type":"binary-expr","locations":[{"start":{"line":130,"column":10},"end":{"line":130,"column":15}},{"start":{"line":130,"column":19},"end":{"line":130,"column":31}}],"line":130},"17":{"loc":{"start":{"line":137,"column":20},"end":{"line":137,"column":78}},"type":"cond-expr","locations":[{"start":{"line":137,"column":49},"end":{"line":137,"column":60}},{"start":{"line":137,"column":63},"end":{"line":137,"column":78}}],"line":137},"18":{"loc":{"start":{"line":151,"column":6},"end":{"line":153,"column":7}},"type":"if","locations":[{"start":{"line":151,"column":6},"end":{"line":153,"column":7}},{"start":{"line":151,"column":6},"end":{"line":153,"column":7}}],"line":151},"19":{"loc":{"start":{"line":155,"column":6},"end":{"line":157,"column":7}},"type":"if","locations":[{"start":{"line":155,"column":6},"end":{"line":157,"column":7}},{"start":{"line":155,"column":6},"end":{"line":157,"column":7}}],"line":155},"20":{"loc":{"start":{"line":160,"column":6},"end":{"line":166,"column":7}},"type":"if","locations":[{"start":{"line":160,"column":6},"end":{"line":166,"column":7}},{"start":{"line":160,"column":6},"end":{"line":166,"column":7}}],"line":160},"21":{"loc":{"start":{"line":180,"column":6},"end":{"line":186,"column":7}},"type":"if","locations":[{"start":{"line":180,"column":6},"end":{"line":186,"column":7}},{"start":{"line":180,"column":6},"end":{"line":186,"column":7}}],"line":180},"22":{"loc":{"start":{"line":200,"column":6},"end":{"line":211,"column":7}},"type":"if","locations":[{"start":{"line":200,"column":6},"end":{"line":211,"column":7}},{"start":{"line":200,"column":6},"end":{"line":211,"column":7}}],"line":200},"23":{"loc":{"start":{"line":202,"column":8},"end":{"line":210,"column":9}},"type":"if","locations":[{"start":{"line":202,"column":8},"end":{"line":210,"column":9}},{"start":{"line":202,"column":8},"end":{"line":210,"column":9}}],"line":202},"24":{"loc":{"start":{"line":204,"column":10},"end":{"line":209,"column":11}},"type":"if","locations":[{"start":{"line":204,"column":10},"end":{"line":209,"column":11}},{"start":{"line":204,"column":10},"end":{"line":209,"column":11}}],"line":204},"25":{"loc":{"start":{"line":214,"column":6},"end":{"line":224,"column":7}},"type":"if","locations":[{"start":{"line":214,"column":6},"end":{"line":224,"column":7}},{"start":{"line":214,"column":6},"end":{"line":224,"column":7}}],"line":214},"26":{"loc":{"start":{"line":236,"column":6},"end":{"line":238,"column":7}},"type":"if","locations":[{"start":{"line":236,"column":6},"end":{"line":238,"column":7}},{"start":{"line":236,"column":6},"end":{"line":238,"column":7}}],"line":236},"27":{"loc":{"start":{"line":240,"column":6},"end":{"line":242,"column":7}},"type":"if","locations":[{"start":{"line":240,"column":6},"end":{"line":242,"column":7}},{"start":{"line":240,"column":6},"end":{"line":242,"column":7}}],"line":240},"28":{"loc":{"start":{"line":244,"column":6},"end":{"line":255,"column":7}},"type":"if","locations":[{"start":{"line":244,"column":6},"end":{"line":255,"column":7}},{"start":{"line":244,"column":6},"end":{"line":255,"column":7}}],"line":244},"29":{"loc":{"start":{"line":246,"column":8},"end":{"line":254,"column":9}},"type":"if","locations":[{"start":{"line":246,"column":8},"end":{"line":254,"column":9}},{"start":{"line":246,"column":8},"end":{"line":254,"column":9}}],"line":246},"30":{"loc":{"start":{"line":248,"column":10},"end":{"line":253,"column":11}},"type":"if","locations":[{"start":{"line":248,"column":10},"end":{"line":253,"column":11}},{"start":{"line":248,"column":10},"end":{"line":253,"column":11}}],"line":248},"31":{"loc":{"start":{"line":258,"column":6},"end":{"line":264,"column":7}},"type":"if","locations":[{"start":{"line":258,"column":6},"end":{"line":264,"column":7}},{"start":{"line":258,"column":6},"end":{"line":264,"column":7}}],"line":258},"32":{"loc":{"start":{"line":276,"column":6},"end":{"line":278,"column":7}},"type":"if","locations":[{"start":{"line":276,"column":6},"end":{"line":278,"column":7}},{"start":{"line":276,"column":6},"end":{"line":278,"column":7}}],"line":276},"33":{"loc":{"start":{"line":280,"column":6},"end":{"line":282,"column":7}},"type":"if","locations":[{"start":{"line":280,"column":6},"end":{"line":282,"column":7}},{"start":{"line":280,"column":6},"end":{"line":282,"column":7}}],"line":280},"34":{"loc":{"start":{"line":283,"column":6},"end":{"line":285,"column":7}},"type":"if","locations":[{"start":{"line":283,"column":6},"end":{"line":285,"column":7}},{"start":{"line":283,"column":6},"end":{"line":285,"column":7}}],"line":283},"35":{"loc":{"start":{"line":287,"column":6},"end":{"line":293,"column":7}},"type":"if","locations":[{"start":{"line":287,"column":6},"end":{"line":293,"column":7}},{"start":{"line":287,"column":6},"end":{"line":293,"column":7}}],"line":287},"36":{"loc":{"start":{"line":305,"column":6},"end":{"line":307,"column":7}},"type":"if","locations":[{"start":{"line":305,"column":6},"end":{"line":307,"column":7}},{"start":{"line":305,"column":6},"end":{"line":307,"column":7}}],"line":305},"37":{"loc":{"start":{"line":309,"column":6},"end":{"line":311,"column":7}},"type":"if","locations":[{"start":{"line":309,"column":6},"end":{"line":311,"column":7}},{"start":{"line":309,"column":6},"end":{"line":311,"column":7}}],"line":309},"38":{"loc":{"start":{"line":313,"column":6},"end":{"line":319,"column":7}},"type":"if","locations":[{"start":{"line":313,"column":6},"end":{"line":319,"column":7}},{"start":{"line":313,"column":6},"end":{"line":319,"column":7}}],"line":313},"39":{"loc":{"start":{"line":331,"column":27},"end":{"line":331,"column":58}},"type":"binary-expr","locations":[{"start":{"line":331,"column":27},"end":{"line":331,"column":52}},{"start":{"line":331,"column":56},"end":{"line":331,"column":58}}],"line":331},"40":{"loc":{"start":{"line":332,"column":26},"end":{"line":332,"column":55}},"type":"binary-expr","locations":[{"start":{"line":332,"column":26},"end":{"line":332,"column":50}},{"start":{"line":332,"column":54},"end":{"line":332,"column":55}}],"line":332},"41":{"loc":{"start":{"line":339,"column":6},"end":{"line":351,"column":7}},"type":"if","locations":[{"start":{"line":339,"column":6},"end":{"line":351,"column":7}},{"start":{"line":339,"column":6},"end":{"line":351,"column":7}}],"line":339},"42":{"loc":{"start":{"line":339,"column":10},"end":{"line":339,"column":31}},"type":"binary-expr","locations":[{"start":{"line":339,"column":10},"end":{"line":339,"column":15}},{"start":{"line":339,"column":19},"end":{"line":339,"column":31}}],"line":339},"43":{"loc":{"start":{"line":346,"column":20},"end":{"line":346,"column":78}},"type":"cond-expr","locations":[{"start":{"line":346,"column":49},"end":{"line":346,"column":60}},{"start":{"line":346,"column":63},"end":{"line":346,"column":78}}],"line":346},"44":{"loc":{"start":{"line":360,"column":27},"end":{"line":360,"column":58}},"type":"binary-expr","locations":[{"start":{"line":360,"column":27},"end":{"line":360,"column":52}},{"start":{"line":360,"column":56},"end":{"line":360,"column":58}}],"line":360},"45":{"loc":{"start":{"line":361,"column":26},"end":{"line":361,"column":55}},"type":"binary-expr","locations":[{"start":{"line":361,"column":26},"end":{"line":361,"column":50}},{"start":{"line":361,"column":54},"end":{"line":361,"column":55}}],"line":361},"46":{"loc":{"start":{"line":379,"column":6},"end":{"line":391,"column":7}},"type":"if","locations":[{"start":{"line":379,"column":6},"end":{"line":391,"column":7}},{"start":{"line":379,"column":6},"end":{"line":391,"column":7}}],"line":379},"47":{"loc":{"start":{"line":379,"column":10},"end":{"line":379,"column":31}},"type":"binary-expr","locations":[{"start":{"line":379,"column":10},"end":{"line":379,"column":15}},{"start":{"line":379,"column":19},"end":{"line":379,"column":31}}],"line":379},"48":{"loc":{"start":{"line":386,"column":20},"end":{"line":386,"column":78}},"type":"cond-expr","locations":[{"start":{"line":386,"column":49},"end":{"line":386,"column":60}},{"start":{"line":386,"column":63},"end":{"line":386,"column":78}}],"line":386},"49":{"loc":{"start":{"line":400,"column":27},"end":{"line":400,"column":58}},"type":"binary-expr","locations":[{"start":{"line":400,"column":27},"end":{"line":400,"column":52}},{"start":{"line":400,"column":56},"end":{"line":400,"column":58}}],"line":400},"50":{"loc":{"start":{"line":401,"column":26},"end":{"line":401,"column":55}},"type":"binary-expr","locations":[{"start":{"line":401,"column":26},"end":{"line":401,"column":50}},{"start":{"line":401,"column":54},"end":{"line":401,"column":55}}],"line":401},"51":{"loc":{"start":{"line":412,"column":6},"end":{"line":424,"column":7}},"type":"if","locations":[{"start":{"line":412,"column":6},"end":{"line":424,"column":7}},{"start":{"line":412,"column":6},"end":{"line":424,"column":7}}],"line":412},"52":{"loc":{"start":{"line":412,"column":10},"end":{"line":412,"column":31}},"type":"binary-expr","locations":[{"start":{"line":412,"column":10},"end":{"line":412,"column":15}},{"start":{"line":412,"column":19},"end":{"line":412,"column":31}}],"line":412},"53":{"loc":{"start":{"line":419,"column":20},"end":{"line":419,"column":78}},"type":"cond-expr","locations":[{"start":{"line":419,"column":49},"end":{"line":419,"column":60}},{"start":{"line":419,"column":63},"end":{"line":419,"column":78}}],"line":419}},"s":{"0":3,"1":3,"2":3,"3":3,"4":3,"5":3,"6":3,"7":3,"8":3,"9":3,"10":3,"11":3,"12":3,"13":0,"14":0,"15":0,"16":0,"17":0,"18":0,"19":0,"20":0,"21":0,"22":0,"23":0,"24":0,"25":0,"26":0,"27":2,"28":2,"29":0,"30":2,"31":2,"32":2,"33":2,"34":2,"35":1,"36":2,"37":2,"38":0,"39":2,"40":2,"41":0,"42":2,"43":2,"44":2,"45":2,"46":2,"47":0,"48":0,"49":0,"50":0,"51":0,"52":0,"53":2,"54":2,"55":2,"56":0,"57":2,"58":2,"59":0,"60":2,"61":2,"62":1,"63":2,"64":2,"65":2,"66":0,"67":0,"68":0,"69":0,"70":0,"71":0,"72":0,"73":0,"74":0,"75":0,"76":0,"77":0,"78":0,"79":0,"80":0,"81":0,"82":0,"83":0,"84":0,"85":0,"86":0,"87":0,"88":0,"89":0,"90":0,"91":0,"92":0,"93":0,"94":0,"95":0,"96":0,"97":0,"98":0,"99":0,"100":0,"101":1,"102":1,"103":1,"104":1,"105":0,"106":0,"107":0,"108":0,"109":0,"110":1,"111":1,"112":1,"113":1,"114":1,"115":0,"116":0,"117":0,"118":0,"119":0,"120":0,"121":0,"122":0,"123":0,"124":0,"125":0,"126":0,"127":0,"128":0,"129":0,"130":0,"131":0,"132":0,"133":0,"134":0,"135":0,"136":0,"137":0,"138":0,"139":0,"140":0,"141":0,"142":0,"143":0,"144":0,"145":0,"146":0,"147":0,"148":0,"149":0,"150":0,"151":0,"152":0,"153":0,"154":0,"155":0,"156":0,"157":0,"158":0,"159":0,"160":0,"161":0,"162":0,"163":0,"164":0,"165":0,"166":0,"167":0,"168":0,"169":0,"170":0,"171":0,"172":0,"173":0,"174":0,"175":0,"176":0,"177":0,"178":0,"179":0,"180":0,"181":0,"182":0,"183":0,"184":0,"185":0,"186":0,"187":0,"188":0,"189":0,"190":0,"191":0,"192":0,"193":0,"194":0,"195":0,"196":0,"197":0,"198":0,"199":0,"200":0,"201":0,"202":2,"203":2,"204":2,"205":2,"206":2,"207":0,"208":0,"209":3},"f":{"0":0,"1":2,"2":0,"3":0,"4":0,"5":1,"6":0,"7":0,"8":0,"9":0,"10":0,"11":0,"12":2},"b":{"0":[0,0],"1":[0,0],"2":[0,2],"3":[2,2],"4":[1,1],"5":[0,2],"6":[0,2],"7":[0,2],"8":[0,0],"9":[0,2],"10":[0,2],"11":[1,1],"12":[2,0],"13":[0,0],"14":[0,0],"15":[0,0],"16":[0,0],"17":[0,0],"18":[0,0],"19":[0,0],"20":[0,0],"21":[0,0],"22":[0,1],"23":[0,0],"24":[0,0],"25":[1,0],"26":[0,0],"27":[0,0],"28":[0,0],"29":[0,0],"30":[0,0],"31":[0,0],"32":[0,0],"33":[0,0],"34":[0,0],"35":[0,0],"36":[0,0],"37":[0,0],"38":[0,0],"39":[0,0],"40":[0,0],"41":[0,0],"42":[0,0],"43":[0,0],"44":[0,0],"45":[0,0],"46":[0,0],"47":[0,0],"48":[0,0],"49":[0,0],"50":[0,0],"51":[0,0],"52":[0,0],"53":[0,0]},"_coverageSchema":"1a1c01bbd47fc00a2c39e90264f33305004495a9","hash":"c811d6241a7d1825d47988817d1f3cf6390dabc8"}
,"/Users/mac/nibbs/api/v1/routes/authentication.js": {"path":"/Users/mac/nibbs/api/v1/routes/authentication.js","statementMap":{"0":{"start":{"line":2,"column":0},"end":{"line":2,"column":27}},"1":{"start":{"line":3,"column":16},"end":{"line":3,"column":34}},"2":{"start":{"line":6,"column":15},"end":{"line":6,"column":31}},"3":{"start":{"line":11,"column":33},"end":{"line":11,"column":73}},"4":{"start":{"line":14,"column":0},"end":{"line":14,"column":54}},"5":{"start":{"line":16,"column":0},"end":{"line":16,"column":24}}},"fnMap":{},"branchMap":{},"s":{"0":3,"1":3,"2":3,"3":3,"4":3,"5":3},"f":{},"b":{},"_coverageSchema":"1a1c01bbd47fc00a2c39e90264f33305004495a9","hash":"7c6db5e9b8faf29c244e852df24c271f972dd59f"}
,"/Users/mac/nibbs/api/v1/routes/administrators/invite.js": {"path":"/Users/mac/nibbs/api/v1/routes/administrators/invite.js","statementMap":{"0":{"start":{"line":2,"column":0},"end":{"line":2,"column":27}},"1":{"start":{"line":3,"column":16},"end":{"line":3,"column":34}},"2":{"start":{"line":6,"column":15},"end":{"line":6,"column":31}},"3":{"start":{"line":9,"column":34},"end":{"line":9,"column":80}},"4":{"start":{"line":11,"column":23},"end":{"line":11,"column":56}},"5":{"start":{"line":12,"column":0},"end":{"line":12,"column":62}},"6":{"start":{"line":13,"column":0},"end":{"line":13,"column":57}},"7":{"start":{"line":14,"column":0},"end":{"line":14,"column":24}}},"fnMap":{},"branchMap":{},"s":{"0":3,"1":3,"2":3,"3":3,"4":3,"5":3,"6":3,"7":3},"f":{},"b":{},"_coverageSchema":"1a1c01bbd47fc00a2c39e90264f33305004495a9","hash":"408a79099af42c6c8cdcd31e6fbecf6af24f5514"}
,"/Users/mac/nibbs/api/v1/routes/administrators/users.js": {"path":"/Users/mac/nibbs/api/v1/routes/administrators/users.js","statementMap":{"0":{"start":{"line":2,"column":0},"end":{"line":2,"column":27}},"1":{"start":{"line":3,"column":16},"end":{"line":3,"column":34}},"2":{"start":{"line":5,"column":15},"end":{"line":5,"column":31}},"3":{"start":{"line":8,"column":22},"end":{"line":8,"column":68}},"4":{"start":{"line":11,"column":23},"end":{"line":11,"column":62}},"5":{"start":{"line":13,"column":0},"end":{"line":13,"column":58}},"6":{"start":{"line":14,"column":0},"end":{"line":14,"column":65}},"7":{"start":{"line":15,"column":0},"end":{"line":15,"column":65}},"8":{"start":{"line":16,"column":0},"end":{"line":16,"column":70}},"9":{"start":{"line":17,"column":0},"end":{"line":17,"column":72}},"10":{"start":{"line":18,"column":0},"end":{"line":18,"column":68}},"11":{"start":{"line":19,"column":0},"end":{"line":19,"column":66}},"12":{"start":{"line":21,"column":0},"end":{"line":21,"column":24}}},"fnMap":{},"branchMap":{},"s":{"0":3,"1":3,"2":3,"3":3,"4":3,"5":3,"6":3,"7":3,"8":3,"9":3,"10":3,"11":3,"12":3},"f":{},"b":{},"_coverageSchema":"1a1c01bbd47fc00a2c39e90264f33305004495a9","hash":"45022809796bbf9a5e3a1f141e1298729a308d9d"}
,"/Users/mac/nibbs/api/v1/routes/users/invite.js": {"path":"/Users/mac/nibbs/api/v1/routes/users/invite.js","statementMap":{"0":{"start":{"line":2,"column":0},"end":{"line":2,"column":27}},"1":{"start":{"line":3,"column":16},"end":{"line":3,"column":34}},"2":{"start":{"line":6,"column":15},"end":{"line":6,"column":31}},"3":{"start":{"line":9,"column":52},"end":{"line":9,"column":98}},"4":{"start":{"line":11,"column":23},"end":{"line":11,"column":56}},"5":{"start":{"line":12,"column":0},"end":{"line":12,"column":74}},"6":{"start":{"line":13,"column":0},"end":{"line":13,"column":24}}},"fnMap":{},"branchMap":{},"s":{"0":3,"1":3,"2":3,"3":3,"4":3,"5":3,"6":3},"f":{},"b":{},"_coverageSchema":"1a1c01bbd47fc00a2c39e90264f33305004495a9","hash":"8a95418974c8a6e3596831441245037c21c4323a"}
,"/Users/mac/nibbs/api/v1/routes/users/users.js": {"path":"/Users/mac/nibbs/api/v1/routes/users/users.js","statementMap":{"0":{"start":{"line":2,"column":0},"end":{"line":2,"column":27}},"1":{"start":{"line":3,"column":16},"end":{"line":3,"column":34}},"2":{"start":{"line":5,"column":15},"end":{"line":5,"column":31}},"3":{"start":{"line":8,"column":21},"end":{"line":8,"column":67}},"4":{"start":{"line":11,"column":23},"end":{"line":11,"column":62}},"5":{"start":{"line":13,"column":0},"end":{"line":13,"column":54}},"6":{"start":{"line":14,"column":0},"end":{"line":14,"column":55}},"7":{"start":{"line":16,"column":0},"end":{"line":16,"column":24}}},"fnMap":{},"branchMap":{},"s":{"0":3,"1":3,"2":3,"3":3,"4":3,"5":3,"6":3,"7":3},"f":{},"b":{},"_coverageSchema":"1a1c01bbd47fc00a2c39e90264f33305004495a9","hash":"a09e22b1f58d983a9186689366a693fed4c6c331"}
,"/Users/mac/nibbs/config/development.js": {"path":"/Users/mac/nibbs/config/development.js","statementMap":{"0":{"start":{"line":1,"column":0},"end":{"line":1,"column":27}},"1":{"start":{"line":2,"column":18},"end":{"line":6,"column":1}},"2":{"start":{"line":8,"column":0},"end":{"line":8,"column":27}}},"fnMap":{},"branchMap":{"0":{"loc":{"start":{"line":3,"column":10},"end":{"line":3,"column":34}},"type":"binary-expr","locations":[{"start":{"line":3,"column":10},"end":{"line":3,"column":26}},{"start":{"line":3,"column":30},"end":{"line":3,"column":34}}],"line":3}},"s":{"0":3,"1":3,"2":3},"f":{},"b":{"0":[3,0]},"_coverageSchema":"1a1c01bbd47fc00a2c39e90264f33305004495a9","hash":"50e7982499318e430ddba82b7700da49292cf37b"}
,"/Users/mac/nibbs/config/index.js": {"path":"/Users/mac/nibbs/config/index.js","statementMap":{"0":{"start":{"line":1,"column":0},"end":{"line":1,"column":27}},"1":{"start":{"line":2,"column":20},"end":{"line":2,"column":44}},"2":{"start":{"line":3,"column":16},"end":{"line":3,"column":36}},"3":{"start":{"line":4,"column":13},"end":{"line":4,"column":31}},"4":{"start":{"line":5,"column":19},"end":{"line":5,"column":42}},"5":{"start":{"line":6,"column":12},"end":{"line":6,"column":29}},"6":{"start":{"line":7,"column":24},"end":{"line":7,"column":26}},"7":{"start":{"line":8,"column":13},"end":{"line":12,"column":1}},"8":{"start":{"line":14,"column":20},"end":{"line":14,"column":43}},"9":{"start":{"line":16,"column":0},"end":{"line":28,"column":1}},"10":{"start":{"line":17,"column":4},"end":{"line":17,"column":54}},"11":{"start":{"line":18,"column":7},"end":{"line":28,"column":1}},"12":{"start":{"line":19,"column":4},"end":{"line":19,"column":50}},"13":{"start":{"line":20,"column":7},"end":{"line":28,"column":1}},"14":{"start":{"line":21,"column":4},"end":{"line":21,"column":53}},"15":{"start":{"line":23,"column":5},"end":{"line":28,"column":1}},"16":{"start":{"line":24,"column":4},"end":{"line":24,"column":47}},"17":{"start":{"line":26,"column":5},"end":{"line":28,"column":1}},"18":{"start":{"line":27,"column":4},"end":{"line":27,"column":46}},"19":{"start":{"line":29,"column":0},"end":{"line":29,"column":35}}},"fnMap":{},"branchMap":{"0":{"loc":{"start":{"line":16,"column":0},"end":{"line":28,"column":1}},"type":"if","locations":[{"start":{"line":16,"column":0},"end":{"line":28,"column":1}},{"start":{"line":16,"column":0},"end":{"line":28,"column":1}}],"line":16},"1":{"loc":{"start":{"line":18,"column":7},"end":{"line":28,"column":1}},"type":"if","locations":[{"start":{"line":18,"column":7},"end":{"line":28,"column":1}},{"start":{"line":18,"column":7},"end":{"line":28,"column":1}}],"line":18},"2":{"loc":{"start":{"line":20,"column":7},"end":{"line":28,"column":1}},"type":"if","locations":[{"start":{"line":20,"column":7},"end":{"line":28,"column":1}},{"start":{"line":20,"column":7},"end":{"line":28,"column":1}}],"line":20},"3":{"loc":{"start":{"line":23,"column":5},"end":{"line":28,"column":1}},"type":"if","locations":[{"start":{"line":23,"column":5},"end":{"line":28,"column":1}},{"start":{"line":23,"column":5},"end":{"line":28,"column":1}}],"line":23},"4":{"loc":{"start":{"line":26,"column":5},"end":{"line":28,"column":1}},"type":"if","locations":[{"start":{"line":26,"column":5},"end":{"line":28,"column":1}},{"start":{"line":26,"column":5},"end":{"line":28,"column":1}}],"line":26}},"s":{"0":3,"1":3,"2":3,"3":3,"4":3,"5":3,"6":3,"7":3,"8":3,"9":3,"10":0,"11":3,"12":0,"13":3,"14":0,"15":3,"16":0,"17":3,"18":3,"19":3},"f":{},"b":{"0":[0,3],"1":[0,3],"2":[0,3],"3":[0,3],"4":[3,0]},"_coverageSchema":"1a1c01bbd47fc00a2c39e90264f33305004495a9","hash":"8ee1da8edc44ef8909631dc42daa21d38700ef2c"}
,"/Users/mac/nibbs/config/local.js": {"path":"/Users/mac/nibbs/config/local.js","statementMap":{"0":{"start":{"line":1,"column":0},"end":{"line":1,"column":27}},"1":{"start":{"line":2,"column":20},"end":{"line":6,"column":1}},"2":{"start":{"line":8,"column":0},"end":{"line":8,"column":29}}},"fnMap":{},"branchMap":{"0":{"loc":{"start":{"line":3,"column":10},"end":{"line":3,"column":34}},"type":"binary-expr","locations":[{"start":{"line":3,"column":10},"end":{"line":3,"column":26}},{"start":{"line":3,"column":30},"end":{"line":3,"column":34}}],"line":3}},"s":{"0":3,"1":3,"2":3},"f":{},"b":{"0":[3,0]},"_coverageSchema":"1a1c01bbd47fc00a2c39e90264f33305004495a9","hash":"e6d4a654cfe5859492fbd5bdd510c4d43f78cca1"}
,"/Users/mac/nibbs/config/production.js": {"path":"/Users/mac/nibbs/config/production.js","statementMap":{"0":{"start":{"line":1,"column":0},"end":{"line":1,"column":27}},"1":{"start":{"line":2,"column":25},"end":{"line":6,"column":1}},"2":{"start":{"line":8,"column":0},"end":{"line":8,"column":34}}},"fnMap":{},"branchMap":{"0":{"loc":{"start":{"line":3,"column":10},"end":{"line":3,"column":34}},"type":"binary-expr","locations":[{"start":{"line":3,"column":10},"end":{"line":3,"column":26}},{"start":{"line":3,"column":30},"end":{"line":3,"column":34}}],"line":3}},"s":{"0":3,"1":3,"2":3},"f":{},"b":{"0":[3,0]},"_coverageSchema":"1a1c01bbd47fc00a2c39e90264f33305004495a9","hash":"3cfd5d5326d45e97d345ad6bd2670de747b563ea"}
,"/Users/mac/nibbs/config/staging.js": {"path":"/Users/mac/nibbs/config/staging.js","statementMap":{"0":{"start":{"line":1,"column":0},"end":{"line":1,"column":27}},"1":{"start":{"line":2,"column":18},"end":{"line":6,"column":1}},"2":{"start":{"line":8,"column":0},"end":{"line":8,"column":27}}},"fnMap":{},"branchMap":{"0":{"loc":{"start":{"line":3,"column":10},"end":{"line":3,"column":34}},"type":"binary-expr","locations":[{"start":{"line":3,"column":10},"end":{"line":3,"column":26}},{"start":{"line":3,"column":30},"end":{"line":3,"column":34}}],"line":3}},"s":{"0":3,"1":3,"2":3},"f":{},"b":{"0":[3,0]},"_coverageSchema":"1a1c01bbd47fc00a2c39e90264f33305004495a9","hash":"d885b17c0f79f9aec5c5399b94a93ea44f6f8b93"}
,"/Users/mac/nibbs/middlewares/verify_auth.js": {"path":"/Users/mac/nibbs/middlewares/verify_auth.js","statementMap":{"0":{"start":{"line":1,"column":15},"end":{"line":1,"column":37}},"1":{"start":{"line":2,"column":18},"end":{"line":2,"column":53}},"2":{"start":{"line":3,"column":15},"end":{"line":3,"column":32}},"3":{"start":{"line":4,"column":16},"end":{"line":4,"column":50}},"4":{"start":{"line":6,"column":17},"end":{"line":6,"column":49}},"5":{"start":{"line":8,"column":15},"end":{"line":81,"column":1}},"6":{"start":{"line":10,"column":16},"end":{"line":10,"column":43}},"7":{"start":{"line":11,"column":4},"end":{"line":13,"column":5}},"8":{"start":{"line":12,"column":6},"end":{"line":12,"column":114}},"9":{"start":{"line":15,"column":4},"end":{"line":19,"column":5}},"10":{"start":{"line":16,"column":6},"end":{"line":16,"column":43}},"11":{"start":{"line":18,"column":6},"end":{"line":18,"column":143}},"12":{"start":{"line":21,"column":4},"end":{"line":30,"column":5}},"13":{"start":{"line":22,"column":23},"end":{"line":22,"column":51}},"14":{"start":{"line":23,"column":6},"end":{"line":23,"column":38}},"15":{"start":{"line":24,"column":6},"end":{"line":26,"column":7}},"16":{"start":{"line":25,"column":8},"end":{"line":25,"column":143}},"17":{"start":{"line":27,"column":6},"end":{"line":27,"column":20}},"18":{"start":{"line":29,"column":6},"end":{"line":29,"column":25}},"19":{"start":{"line":33,"column":16},"end":{"line":33,"column":43}},"20":{"start":{"line":34,"column":4},"end":{"line":36,"column":5}},"21":{"start":{"line":35,"column":6},"end":{"line":35,"column":114}},"22":{"start":{"line":38,"column":4},"end":{"line":42,"column":5}},"23":{"start":{"line":39,"column":6},"end":{"line":39,"column":43}},"24":{"start":{"line":41,"column":6},"end":{"line":41,"column":143}},"25":{"start":{"line":44,"column":4},"end":{"line":53,"column":5}},"26":{"start":{"line":45,"column":23},"end":{"line":45,"column":51}},"27":{"start":{"line":46,"column":6},"end":{"line":46,"column":38}},"28":{"start":{"line":47,"column":6},"end":{"line":49,"column":7}},"29":{"start":{"line":48,"column":8},"end":{"line":48,"column":132}},"30":{"start":{"line":50,"column":6},"end":{"line":50,"column":20}},"31":{"start":{"line":52,"column":6},"end":{"line":52,"column":25}},"32":{"start":{"line":56,"column":16},"end":{"line":56,"column":43}},"33":{"start":{"line":57,"column":4},"end":{"line":59,"column":5}},"34":{"start":{"line":58,"column":6},"end":{"line":58,"column":114}},"35":{"start":{"line":61,"column":4},"end":{"line":65,"column":5}},"36":{"start":{"line":62,"column":6},"end":{"line":62,"column":43}},"37":{"start":{"line":64,"column":6},"end":{"line":64,"column":143}},"38":{"start":{"line":67,"column":4},"end":{"line":79,"column":5}},"39":{"start":{"line":68,"column":23},"end":{"line":68,"column":51}},"40":{"start":{"line":69,"column":6},"end":{"line":69,"column":39}},"41":{"start":{"line":72,"column":19},"end":{"line":72,"column":40}},"42":{"start":{"line":73,"column":6},"end":{"line":75,"column":7}},"43":{"start":{"line":74,"column":8},"end":{"line":74,"column":124}},"44":{"start":{"line":76,"column":6},"end":{"line":76,"column":20}},"45":{"start":{"line":78,"column":6},"end":{"line":78,"column":25}},"46":{"start":{"line":83,"column":0},"end":{"line":83,"column":24}}},"fnMap":{"0":{"name":"(anonymous_0)","decl":{"start":{"line":9,"column":2},"end":{"line":9,"column":3}},"loc":{"start":{"line":9,"column":29},"end":{"line":31,"column":3}},"line":9},"1":{"name":"(anonymous_1)","decl":{"start":{"line":32,"column":2},"end":{"line":32,"column":3}},"loc":{"start":{"line":32,"column":35},"end":{"line":54,"column":3}},"line":32},"2":{"name":"(anonymous_2)","decl":{"start":{"line":55,"column":2},"end":{"line":55,"column":3}},"loc":{"start":{"line":55,"column":30},"end":{"line":80,"column":3}},"line":55}},"branchMap":{"0":{"loc":{"start":{"line":11,"column":4},"end":{"line":13,"column":5}},"type":"if","locations":[{"start":{"line":11,"column":4},"end":{"line":13,"column":5}},{"start":{"line":11,"column":4},"end":{"line":13,"column":5}}],"line":11},"1":{"loc":{"start":{"line":15,"column":4},"end":{"line":19,"column":5}},"type":"if","locations":[{"start":{"line":15,"column":4},"end":{"line":19,"column":5}},{"start":{"line":15,"column":4},"end":{"line":19,"column":5}}],"line":15},"2":{"loc":{"start":{"line":24,"column":6},"end":{"line":26,"column":7}},"type":"if","locations":[{"start":{"line":24,"column":6},"end":{"line":26,"column":7}},{"start":{"line":24,"column":6},"end":{"line":26,"column":7}}],"line":24},"3":{"loc":{"start":{"line":34,"column":4},"end":{"line":36,"column":5}},"type":"if","locations":[{"start":{"line":34,"column":4},"end":{"line":36,"column":5}},{"start":{"line":34,"column":4},"end":{"line":36,"column":5}}],"line":34},"4":{"loc":{"start":{"line":38,"column":4},"end":{"line":42,"column":5}},"type":"if","locations":[{"start":{"line":38,"column":4},"end":{"line":42,"column":5}},{"start":{"line":38,"column":4},"end":{"line":42,"column":5}}],"line":38},"5":{"loc":{"start":{"line":47,"column":6},"end":{"line":49,"column":7}},"type":"if","locations":[{"start":{"line":47,"column":6},"end":{"line":49,"column":7}},{"start":{"line":47,"column":6},"end":{"line":49,"column":7}}],"line":47},"6":{"loc":{"start":{"line":57,"column":4},"end":{"line":59,"column":5}},"type":"if","locations":[{"start":{"line":57,"column":4},"end":{"line":59,"column":5}},{"start":{"line":57,"column":4},"end":{"line":59,"column":5}}],"line":57},"7":{"loc":{"start":{"line":61,"column":4},"end":{"line":65,"column":5}},"type":"if","locations":[{"start":{"line":61,"column":4},"end":{"line":65,"column":5}},{"start":{"line":61,"column":4},"end":{"line":65,"column":5}}],"line":61},"8":{"loc":{"start":{"line":73,"column":6},"end":{"line":75,"column":7}},"type":"if","locations":[{"start":{"line":73,"column":6},"end":{"line":75,"column":7}},{"start":{"line":73,"column":6},"end":{"line":75,"column":7}}],"line":73},"9":{"loc":{"start":{"line":73,"column":10},"end":{"line":73,"column":68}},"type":"binary-expr","locations":[{"start":{"line":73,"column":11},"end":{"line":73,"column":35}},{"start":{"line":73,"column":41},"end":{"line":73,"column":67}}],"line":73}},"s":{"0":4,"1":4,"2":4,"3":4,"4":4,"5":4,"6":2,"7":2,"8":0,"9":2,"10":2,"11":0,"12":2,"13":2,"14":2,"15":2,"16":1,"17":1,"18":0,"19":2,"20":2,"21":0,"22":2,"23":2,"24":0,"25":2,"26":2,"27":2,"28":2,"29":0,"30":2,"31":0,"32":0,"33":0,"34":0,"35":0,"36":0,"37":0,"38":0,"39":0,"40":0,"41":0,"42":0,"43":0,"44":0,"45":0,"46":4},"f":{"0":2,"1":2,"2":0},"b":{"0":[0,2],"1":[2,0],"2":[1,1],"3":[0,2],"4":[2,0],"5":[0,2],"6":[0,0],"7":[0,0],"8":[0,0],"9":[0,0]},"_coverageSchema":"1a1c01bbd47fc00a2c39e90264f33305004495a9","hash":"f5a008106842c2a50adf7794c7b3763321e4cd28"}
,"/Users/mac/nibbs/models/invite.js": {"path":"/Users/mac/nibbs/models/invite.js","statementMap":{"0":{"start":{"line":1,"column":17},"end":{"line":1,"column":36}},"1":{"start":{"line":2,"column":15},"end":{"line":2,"column":39}},"2":{"start":{"line":3,"column":15},"end":{"line":3,"column":32}},"3":{"start":{"line":4,"column":19},"end":{"line":21,"column":2}},"4":{"start":{"line":24,"column":0},"end":{"line":24,"column":55}}},"fnMap":{},"branchMap":{},"s":{"0":3,"1":3,"2":3,"3":3,"4":3},"f":{},"b":{},"_coverageSchema":"1a1c01bbd47fc00a2c39e90264f33305004495a9","hash":"a5790b58f1f202cddac114e5e9ac04c643ffa24b"}
,"/Users/mac/nibbs/models/user.js": {"path":"/Users/mac/nibbs/models/user.js","statementMap":{"0":{"start":{"line":1,"column":17},"end":{"line":1,"column":36}},"1":{"start":{"line":2,"column":15},"end":{"line":2,"column":39}},"2":{"start":{"line":3,"column":15},"end":{"line":3,"column":32}},"3":{"start":{"line":4,"column":17},"end":{"line":36,"column":2}},"4":{"start":{"line":39,"column":0},"end":{"line":39,"column":51}}},"fnMap":{},"branchMap":{},"s":{"0":3,"1":3,"2":3,"3":3,"4":3},"f":{},"b":{},"_coverageSchema":"1a1c01bbd47fc00a2c39e90264f33305004495a9","hash":"09f4c061de4699e08b7fd503f1b93ee870fc429e"}
,"/Users/mac/nibbs/services/Notification.js": {"path":"/Users/mac/nibbs/services/Notification.js","statementMap":{"0":{"start":{"line":2,"column":0},"end":{"line":2,"column":27}},"1":{"start":{"line":3,"column":19},"end":{"line":3,"column":40}},"2":{"start":{"line":4,"column":13},"end":{"line":4,"column":39}},"3":{"start":{"line":5,"column":10},"end":{"line":5,"column":50}},"4":{"start":{"line":6,"column":18},"end":{"line":56,"column":1}},"5":{"start":{"line":7,"column":4},"end":{"line":55,"column":5}},"6":{"start":{"line":8,"column":8},"end":{"line":8,"column":43}},"7":{"start":{"line":9,"column":33},"end":{"line":20,"column":9}},"8":{"start":{"line":21,"column":22},"end":{"line":30,"column":9}},"9":{"start":{"line":31,"column":8},"end":{"line":31,"column":48}},"10":{"start":{"line":32,"column":28},"end":{"line":32,"column":72}},"11":{"start":{"line":33,"column":8},"end":{"line":33,"column":49}},"12":{"start":{"line":34,"column":8},"end":{"line":34,"column":48}},"13":{"start":{"line":35,"column":8},"end":{"line":35,"column":55}},"14":{"start":{"line":36,"column":29},"end":{"line":47,"column":9}},"15":{"start":{"line":48,"column":8},"end":{"line":48,"column":39}},"16":{"start":{"line":49,"column":18},"end":{"line":49,"column":58}},"17":{"start":{"line":50,"column":8},"end":{"line":50,"column":38}},"18":{"start":{"line":51,"column":8},"end":{"line":51,"column":14}},"19":{"start":{"line":54,"column":8},"end":{"line":54,"column":46}},"20":{"start":{"line":58,"column":0},"end":{"line":58,"column":27}}},"fnMap":{"0":{"name":"(anonymous_0)","decl":{"start":{"line":6,"column":18},"end":{"line":6,"column":19}},"loc":{"start":{"line":6,"column":113},"end":{"line":56,"column":1}},"line":6}},"branchMap":{"0":{"loc":{"start":{"line":6,"column":25},"end":{"line":6,"column":108}},"type":"default-arg","locations":[{"start":{"line":6,"column":33},"end":{"line":6,"column":108}}],"line":6},"1":{"loc":{"start":{"line":38,"column":22},"end":{"line":38,"column":49}},"type":"binary-expr","locations":[{"start":{"line":38,"column":22},"end":{"line":38,"column":34}},{"start":{"line":38,"column":38},"end":{"line":38,"column":49}}],"line":38},"2":{"loc":{"start":{"line":42,"column":21},"end":{"line":42,"column":71}},"type":"binary-expr","locations":[{"start":{"line":42,"column":21},"end":{"line":42,"column":36}},{"start":{"line":42,"column":40},"end":{"line":42,"column":71}}],"line":42},"3":{"loc":{"start":{"line":43,"column":17},"end":{"line":43,"column":172}},"type":"cond-expr","locations":[{"start":{"line":43,"column":45},"end":{"line":43,"column":99}},{"start":{"line":43,"column":102},"end":{"line":43,"column":172}}],"line":43},"4":{"loc":{"start":{"line":44,"column":20},"end":{"line":44,"column":170}},"type":"cond-expr","locations":[{"start":{"line":44,"column":105},"end":{"line":44,"column":120}},{"start":{"line":44,"column":121},"end":{"line":44,"column":170}}],"line":44},"5":{"loc":{"start":{"line":44,"column":20},"end":{"line":44,"column":102}},"type":"binary-expr","locations":[{"start":{"line":44,"column":20},"end":{"line":44,"column":61}},{"start":{"line":44,"column":65},"end":{"line":44,"column":102}}],"line":44},"6":{"loc":{"start":{"line":46,"column":21},"end":{"line":46,"column":231}},"type":"cond-expr","locations":[{"start":{"line":46,"column":106},"end":{"line":46,"column":118}},{"start":{"line":46,"column":120},"end":{"line":46,"column":231}}],"line":46},"7":{"loc":{"start":{"line":46,"column":21},"end":{"line":46,"column":103}},"type":"binary-expr","locations":[{"start":{"line":46,"column":21},"end":{"line":46,"column":62}},{"start":{"line":46,"column":66},"end":{"line":46,"column":103}}],"line":46}},"s":{"0":3,"1":3,"2":3,"3":3,"4":3,"5":0,"6":0,"7":0,"8":0,"9":0,"10":0,"11":0,"12":0,"13":0,"14":0,"15":0,"16":0,"17":0,"18":0,"19":0,"20":3},"f":{"0":0},"b":{"0":[0],"1":[0,0],"2":[0,0],"3":[0,0],"4":[0,0],"5":[0,0],"6":[0,0],"7":[0,0]},"_coverageSchema":"1a1c01bbd47fc00a2c39e90264f33305004495a9","hash":"674cf692f7421492b43e730744324868ea930ab5"}
,"/Users/mac/nibbs/tests/helpers.js": {"path":"/Users/mac/nibbs/tests/helpers.js","statementMap":{"0":{"start":{"line":1,"column":16},"end":{"line":1,"column":36}},"1":{"start":{"line":2,"column":12},"end":{"line":2,"column":29}},"2":{"start":{"line":3,"column":14},"end":{"line":3,"column":40}},"3":{"start":{"line":4,"column":12},"end":{"line":4,"column":33}},"4":{"start":{"line":5,"column":0},"end":{"line":13,"column":2}},"5":{"start":{"line":6,"column":22},"end":{"line":6,"column":44}},"6":{"start":{"line":7,"column":2},"end":{"line":7,"column":25}},"7":{"start":{"line":8,"column":2},"end":{"line":8,"column":48}},"8":{"start":{"line":9,"column":2},"end":{"line":11,"column":3}},"9":{"start":{"line":10,"column":4},"end":{"line":10,"column":57}},"10":{"start":{"line":12,"column":2},"end":{"line":12,"column":21}},"11":{"start":{"line":14,"column":0},"end":{"line":21,"column":2}},"12":{"start":{"line":15,"column":22},"end":{"line":15,"column":44}},"13":{"start":{"line":16,"column":2},"end":{"line":16,"column":35}},"14":{"start":{"line":17,"column":2},"end":{"line":19,"column":3}},"15":{"start":{"line":18,"column":4},"end":{"line":18,"column":57}},"16":{"start":{"line":20,"column":2},"end":{"line":20,"column":21}},"17":{"start":{"line":22,"column":0},"end":{"line":30,"column":2}},"18":{"start":{"line":23,"column":22},"end":{"line":23,"column":43}},"19":{"start":{"line":24,"column":2},"end":{"line":24,"column":27}},"20":{"start":{"line":25,"column":2},"end":{"line":25,"column":48}},"21":{"start":{"line":26,"column":2},"end":{"line":28,"column":3}},"22":{"start":{"line":27,"column":4},"end":{"line":27,"column":57}},"23":{"start":{"line":29,"column":2},"end":{"line":29,"column":21}},"24":{"start":{"line":31,"column":0},"end":{"line":39,"column":2}},"25":{"start":{"line":32,"column":22},"end":{"line":32,"column":46}},"26":{"start":{"line":33,"column":2},"end":{"line":33,"column":25}},"27":{"start":{"line":34,"column":2},"end":{"line":34,"column":48}},"28":{"start":{"line":35,"column":2},"end":{"line":37,"column":3}},"29":{"start":{"line":36,"column":4},"end":{"line":36,"column":57}},"30":{"start":{"line":38,"column":2},"end":{"line":38,"column":21}},"31":{"start":{"line":40,"column":0},"end":{"line":48,"column":2}},"32":{"start":{"line":41,"column":22},"end":{"line":41,"column":43}},"33":{"start":{"line":42,"column":2},"end":{"line":42,"column":25}},"34":{"start":{"line":43,"column":2},"end":{"line":43,"column":48}},"35":{"start":{"line":44,"column":2},"end":{"line":46,"column":3}},"36":{"start":{"line":45,"column":4},"end":{"line":45,"column":57}},"37":{"start":{"line":47,"column":2},"end":{"line":47,"column":21}}},"fnMap":{"0":{"name":"(anonymous_0)","decl":{"start":{"line":5,"column":15},"end":{"line":5,"column":16}},"loc":{"start":{"line":5,"column":43},"end":{"line":13,"column":1}},"line":5},"1":{"name":"(anonymous_1)","decl":{"start":{"line":14,"column":23},"end":{"line":14,"column":24}},"loc":{"start":{"line":14,"column":51},"end":{"line":21,"column":1}},"line":14},"2":{"name":"(anonymous_2)","decl":{"start":{"line":22,"column":14},"end":{"line":22,"column":15}},"loc":{"start":{"line":22,"column":43},"end":{"line":30,"column":1}},"line":22},"3":{"name":"(anonymous_3)","decl":{"start":{"line":31,"column":17},"end":{"line":31,"column":18}},"loc":{"start":{"line":31,"column":45},"end":{"line":39,"column":1}},"line":31},"4":{"name":"(anonymous_4)","decl":{"start":{"line":40,"column":14},"end":{"line":40,"column":15}},"loc":{"start":{"line":40,"column":42},"end":{"line":48,"column":1}},"line":40}},"branchMap":{"0":{"loc":{"start":{"line":9,"column":2},"end":{"line":11,"column":3}},"type":"if","locations":[{"start":{"line":9,"column":2},"end":{"line":11,"column":3}},{"start":{"line":9,"column":2},"end":{"line":11,"column":3}}],"line":9},"1":{"loc":{"start":{"line":9,"column":6},"end":{"line":9,"column":45}},"type":"binary-expr","locations":[{"start":{"line":9,"column":6},"end":{"line":9,"column":21}},{"start":{"line":9,"column":25},"end":{"line":9,"column":45}}],"line":9},"2":{"loc":{"start":{"line":17,"column":2},"end":{"line":19,"column":3}},"type":"if","locations":[{"start":{"line":17,"column":2},"end":{"line":19,"column":3}},{"start":{"line":17,"column":2},"end":{"line":19,"column":3}}],"line":17},"3":{"loc":{"start":{"line":17,"column":6},"end":{"line":17,"column":45}},"type":"binary-expr","locations":[{"start":{"line":17,"column":6},"end":{"line":17,"column":21}},{"start":{"line":17,"column":25},"end":{"line":17,"column":45}}],"line":17},"4":{"loc":{"start":{"line":26,"column":2},"end":{"line":28,"column":3}},"type":"if","locations":[{"start":{"line":26,"column":2},"end":{"line":28,"column":3}},{"start":{"line":26,"column":2},"end":{"line":28,"column":3}}],"line":26},"5":{"loc":{"start":{"line":26,"column":6},"end":{"line":26,"column":45}},"type":"binary-expr","locations":[{"start":{"line":26,"column":6},"end":{"line":26,"column":21}},{"start":{"line":26,"column":25},"end":{"line":26,"column":45}}],"line":26},"6":{"loc":{"start":{"line":35,"column":2},"end":{"line":37,"column":3}},"type":"if","locations":[{"start":{"line":35,"column":2},"end":{"line":37,"column":3}},{"start":{"line":35,"column":2},"end":{"line":37,"column":3}}],"line":35},"7":{"loc":{"start":{"line":35,"column":6},"end":{"line":35,"column":45}},"type":"binary-expr","locations":[{"start":{"line":35,"column":6},"end":{"line":35,"column":21}},{"start":{"line":35,"column":25},"end":{"line":35,"column":45}}],"line":35},"8":{"loc":{"start":{"line":44,"column":2},"end":{"line":46,"column":3}},"type":"if","locations":[{"start":{"line":44,"column":2},"end":{"line":46,"column":3}},{"start":{"line":44,"column":2},"end":{"line":46,"column":3}}],"line":44},"9":{"loc":{"start":{"line":44,"column":6},"end":{"line":44,"column":45}},"type":"binary-expr","locations":[{"start":{"line":44,"column":6},"end":{"line":44,"column":21}},{"start":{"line":44,"column":25},"end":{"line":44,"column":45}}],"line":44}},"s":{"0":3,"1":3,"2":3,"3":3,"4":3,"5":8,"6":8,"7":8,"8":8,"9":0,"10":8,"11":3,"12":2,"13":2,"14":2,"15":2,"16":2,"17":3,"18":0,"19":0,"20":0,"21":0,"22":0,"23":0,"24":3,"25":0,"26":0,"27":0,"28":0,"29":0,"30":0,"31":3,"32":2,"33":2,"34":2,"35":2,"36":2,"37":2},"f":{"0":8,"1":2,"2":0,"3":0,"4":2},"b":{"0":[0,8],"1":[8,0],"2":[2,0],"3":[2,2],"4":[0,0],"5":[0,0],"6":[0,0],"7":[0,0],"8":[2,0],"9":[2,2]},"_coverageSchema":"1a1c01bbd47fc00a2c39e90264f33305004495a9","hash":"89b1f6a054cd39fa1dc04a46eb4c3f871a2a7291"}
,"/Users/mac/nibbs/tests/Integration/test_data/auth_data/admin_data.js": {"path":"/Users/mac/nibbs/tests/Integration/test_data/auth_data/admin_data.js","statementMap":{"0":{"start":{"line":1,"column":15},"end":{"line":1,"column":34}},"1":{"start":{"line":2,"column":13},"end":{"line":2,"column":35}},"2":{"start":{"line":3,"column":0},"end":{"line":49,"column":2}}},"fnMap":{},"branchMap":{},"s":{"0":3,"1":3,"2":3},"f":{},"b":{},"_coverageSchema":"1a1c01bbd47fc00a2c39e90264f33305004495a9","hash":"8960957010856ad7f72d5eea33410ffa02980de7"}
,"/Users/mac/nibbs/tests/Integration/test_data/auth_data/user_data.js": {"path":"/Users/mac/nibbs/tests/Integration/test_data/auth_data/user_data.js","statementMap":{"0":{"start":{"line":1,"column":0},"end":{"line":65,"column":1}}},"fnMap":{},"branchMap":{},"s":{"0":0},"f":{},"b":{}}
,"/Users/mac/nibbs/tests/Integration/test_data/user_data/admin_data.js": {"path":"/Users/mac/nibbs/tests/Integration/test_data/user_data/admin_data.js","statementMap":{"0":{"start":{"line":1,"column":0},"end":{"line":22,"column":1}}},"fnMap":{},"branchMap":{},"s":{"0":0},"f":{},"b":{}}
,"/Users/mac/nibbs/tests/Integration/test_data/user_data/user_data.js": {"path":"/Users/mac/nibbs/tests/Integration/test_data/user_data/user_data.js","statementMap":{"0":{"start":{"line":1,"column":0},"end":{"line":7,"column":1}}},"fnMap":{},"branchMap":{},"s":{"0":0},"f":{},"b":{}}
,"/Users/mac/nibbs/utilities/response.js": {"path":"/Users/mac/nibbs/utilities/response.js","statementMap":{"0":{"start":{"line":1,"column":15},"end":{"line":1,"column":37}},"1":{"start":{"line":10,"column":4},"end":{"line":10,"column":74}},"2":{"start":{"line":17,"column":4},"end":{"line":17,"column":75}},"3":{"start":{"line":24,"column":4},"end":{"line":24,"column":89}},"4":{"start":{"line":28,"column":0},"end":{"line":28,"column":26}}},"fnMap":{"0":{"name":"(anonymous_0)","decl":{"start":{"line":9,"column":2},"end":{"line":9,"column":3}},"loc":{"start":{"line":9,"column":97},"end":{"line":11,"column":3}},"line":9},"1":{"name":"(anonymous_1)","decl":{"start":{"line":16,"column":2},"end":{"line":16,"column":3}},"loc":{"start":{"line":16,"column":100},"end":{"line":18,"column":3}},"line":16},"2":{"name":"(anonymous_2)","decl":{"start":{"line":23,"column":2},"end":{"line":23,"column":3}},"loc":{"start":{"line":23,"column":139},"end":{"line":25,"column":3}},"line":23}},"branchMap":{"0":{"loc":{"start":{"line":9,"column":27},"end":{"line":9,"column":49}},"type":"default-arg","locations":[{"start":{"line":9,"column":40},"end":{"line":9,"column":49}}],"line":9},"1":{"loc":{"start":{"line":9,"column":51},"end":{"line":9,"column":83}},"type":"default-arg","locations":[{"start":{"line":9,"column":61},"end":{"line":9,"column":83}}],"line":9},"2":{"loc":{"start":{"line":9,"column":85},"end":{"line":9,"column":94}},"type":"default-arg","locations":[{"start":{"line":9,"column":92},"end":{"line":9,"column":94}}],"line":9},"3":{"loc":{"start":{"line":16,"column":25},"end":{"line":16,"column":56}},"type":"default-arg","locations":[{"start":{"line":16,"column":38},"end":{"line":16,"column":56}}],"line":16},"4":{"loc":{"start":{"line":16,"column":58},"end":{"line":16,"column":86}},"type":"default-arg","locations":[{"start":{"line":16,"column":68},"end":{"line":16,"column":86}}],"line":16},"5":{"loc":{"start":{"line":16,"column":88},"end":{"line":16,"column":97}},"type":"default-arg","locations":[{"start":{"line":16,"column":95},"end":{"line":16,"column":97}}],"line":16},"6":{"loc":{"start":{"line":23,"column":30},"end":{"line":23,"column":71}},"type":"default-arg","locations":[{"start":{"line":23,"column":43},"end":{"line":23,"column":71}}],"line":23},"7":{"loc":{"start":{"line":23,"column":73},"end":{"line":23,"column":111}},"type":"default-arg","locations":[{"start":{"line":23,"column":83},"end":{"line":23,"column":111}}],"line":23},"8":{"loc":{"start":{"line":23,"column":113},"end":{"line":23,"column":122}},"type":"default-arg","locations":[{"start":{"line":23,"column":120},"end":{"line":23,"column":122}}],"line":23}},"s":{"0":4,"1":10,"2":2,"3":0,"4":4},"f":{"0":10,"1":2,"2":0},"b":{"0":[10],"1":[0],"2":[0],"3":[1],"4":[0],"5":[2],"6":[0],"7":[0],"8":[0]},"_coverageSchema":"1a1c01bbd47fc00a2c39e90264f33305004495a9","hash":"b585067ed95c6bd29cd63c0d645e9a7be15d36a2"}
,"/Users/mac/nibbs/utilities/tokeniztion.js": {"path":"/Users/mac/nibbs/utilities/tokeniztion.js","statementMap":{"0":{"start":{"line":2,"column":12},"end":{"line":2,"column":35}},"1":{"start":{"line":3,"column":0},"end":{"line":3,"column":27}},"2":{"start":{"line":15,"column":4},"end":{"line":18,"column":35}},"3":{"start":{"line":21,"column":4},"end":{"line":24,"column":35}},"4":{"start":{"line":32,"column":4},"end":{"line":32,"column":61}},"5":{"start":{"line":37,"column":0},"end":{"line":37,"column":41}}},"fnMap":{"0":{"name":"(anonymous_0)","decl":{"start":{"line":14,"column":2},"end":{"line":14,"column":3}},"loc":{"start":{"line":14,"column":36},"end":{"line":19,"column":3}},"line":14},"1":{"name":"(anonymous_1)","decl":{"start":{"line":20,"column":2},"end":{"line":20,"column":3}},"loc":{"start":{"line":20,"column":45},"end":{"line":25,"column":3}},"line":20},"2":{"name":"(anonymous_2)","decl":{"start":{"line":31,"column":2},"end":{"line":31,"column":3}},"loc":{"start":{"line":31,"column":32},"end":{"line":33,"column":3}},"line":31}},"branchMap":{},"s":{"0":4,"1":4,"2":11,"3":0,"4":12,"5":4},"f":{"0":11,"1":0,"2":12},"b":{},"_coverageSchema":"1a1c01bbd47fc00a2c39e90264f33305004495a9","hash":"b7b3df436f7739bf8cda3b4f8dff0d789e1f0463"}
,"/Users/mac/nibbs/utilities/utils.js": {"path":"/Users/mac/nibbs/utilities/utils.js","statementMap":{"0":{"start":{"line":2,"column":0},"end":{"line":2,"column":27}},"1":{"start":{"line":3,"column":14},"end":{"line":3,"column":35}},"2":{"start":{"line":4,"column":15},"end":{"line":4,"column":32}},"3":{"start":{"line":5,"column":15},"end":{"line":5,"column":43}},"4":{"start":{"line":6,"column":15},"end":{"line":6,"column":32}},"5":{"start":{"line":8,"column":24},"end":{"line":26,"column":1}},"6":{"start":{"line":15,"column":4},"end":{"line":15,"column":40}},"7":{"start":{"line":23,"column":4},"end":{"line":23,"column":120}},"8":{"start":{"line":28,"column":0},"end":{"line":28,"column":33}}},"fnMap":{"0":{"name":"(anonymous_0)","decl":{"start":{"line":14,"column":2},"end":{"line":14,"column":3}},"loc":{"start":{"line":14,"column":26},"end":{"line":16,"column":3}},"line":14},"1":{"name":"(anonymous_1)","decl":{"start":{"line":22,"column":2},"end":{"line":22,"column":3}},"loc":{"start":{"line":22,"column":23},"end":{"line":24,"column":3}},"line":22}},"branchMap":{},"s":{"0":3,"1":3,"2":3,"3":3,"4":3,"5":3,"6":0,"7":0,"8":3},"f":{"0":0,"1":0},"b":{},"_coverageSchema":"1a1c01bbd47fc00a2c39e90264f33305004495a9","hash":"12ff7d3307fa370f96edd9f7a3abd2741610424e"}
,"/Users/mac/nibbs/validations/validate_accept_invite.js": {"path":"/Users/mac/nibbs/validations/validate_accept_invite.js","statementMap":{"0":{"start":{"line":1,"column":12},"end":{"line":1,"column":32}},"1":{"start":{"line":3,"column":17},"end":{"line":13,"column":1}},"2":{"start":{"line":4,"column":17},"end":{"line":9,"column":4}},"3":{"start":{"line":10,"column":2},"end":{"line":12,"column":5}},"4":{"start":{"line":15,"column":0},"end":{"line":15,"column":26}}},"fnMap":{"0":{"name":"(anonymous_0)","decl":{"start":{"line":3,"column":17},"end":{"line":3,"column":18}},"loc":{"start":{"line":3,"column":29},"end":{"line":13,"column":1}},"line":3}},"branchMap":{},"s":{"0":3,"1":3,"2":2,"3":2,"4":3},"f":{"0":2},"b":{},"_coverageSchema":"1a1c01bbd47fc00a2c39e90264f33305004495a9","hash":"7d1f6c92e143c60abcc03c256d0c134681b828eb"}
,"/Users/mac/nibbs/validations/validate_invite.js": {"path":"/Users/mac/nibbs/validations/validate_invite.js","statementMap":{"0":{"start":{"line":1,"column":12},"end":{"line":1,"column":32}},"1":{"start":{"line":3,"column":17},"end":{"line":10,"column":1}},"2":{"start":{"line":4,"column":17},"end":{"line":6,"column":4}},"3":{"start":{"line":7,"column":2},"end":{"line":9,"column":5}},"4":{"start":{"line":12,"column":0},"end":{"line":12,"column":26}}},"fnMap":{"0":{"name":"(anonymous_0)","decl":{"start":{"line":3,"column":17},"end":{"line":3,"column":18}},"loc":{"start":{"line":3,"column":29},"end":{"line":10,"column":1}},"line":3}},"branchMap":{},"s":{"0":3,"1":3,"2":0,"3":0,"4":3},"f":{"0":0},"b":{},"_coverageSchema":"1a1c01bbd47fc00a2c39e90264f33305004495a9","hash":"faaf62257a754c3e1520771256d123fbb7075f6d"}
,"/Users/mac/nibbs/validations/validate_reg.js": {"path":"/Users/mac/nibbs/validations/validate_reg.js","statementMap":{"0":{"start":{"line":1,"column":12},"end":{"line":1,"column":32}},"1":{"start":{"line":3,"column":17},"end":{"line":11,"column":1}},"2":{"start":{"line":4,"column":17},"end":{"line":7,"column":4}},"3":{"start":{"line":8,"column":2},"end":{"line":10,"column":5}},"4":{"start":{"line":13,"column":0},"end":{"line":13,"column":26}}},"fnMap":{"0":{"name":"(anonymous_0)","decl":{"start":{"line":3,"column":17},"end":{"line":3,"column":18}},"loc":{"start":{"line":3,"column":29},"end":{"line":11,"column":1}},"line":3}},"branchMap":{},"s":{"0":3,"1":3,"2":8,"3":8,"4":3},"f":{"0":8},"b":{},"_coverageSchema":"1a1c01bbd47fc00a2c39e90264f33305004495a9","hash":"e2247643792bc7e6f3cdb1606664bdcc1d384257"}
}
