TN:
SF:api/v1/controllers/authentication.js
FN:25,(anonymous_0)
FN:92,(anonymous_1)
FN:115,(anonymous_2)
FN:135,(anonymous_3)
FNF:4
FNH:4
FNDA:11,(anonymous_0)
FNDA:1,(anonymous_1)
FNDA:1,(anonymous_2)
FNDA:1,(anonymous_3)
DA:1,6
DA:2,6
DA:3,6
DA:4,6
DA:5,6
DA:6,6
DA:7,6
DA:8,6
DA:9,6
DA:11,6
DA:26,11
DA:27,11
DA:28,11
DA:29,1
DA:34,10
DA:44,10
DA:54,10
DA:55,10
DA:56,0
DA:58,10
DA:59,10
DA:60,10
DA:61,10
DA:62,10
DA:63,7
DA:64,7
DA:66,10
DA:67,10
DA:72,10
DA:73,10
DA:79,0
DA:80,0
DA:93,1
DA:94,1
DA:95,0
DA:97,1
DA:98,1
DA:99,1
DA:101,0
DA:103,0
DA:116,1
DA:117,1
DA:118,1
DA:119,1
DA:121,0
DA:123,0
DA:136,1
DA:137,1
DA:138,1
DA:139,0
DA:141,1
DA:142,1
DA:143,1
DA:145,0
DA:147,0
DA:151,6
LF:56
LH:45
BRDA:28,0,0,1
BRDA:28,0,1,10
BRDA:46,1,0,10
BRDA:46,1,1,0
BRDA:55,2,0,0
BRDA:55,2,1,10
BRDA:62,3,0,7
BRDA:62,3,1,3
BRDA:69,4,0,10
BRDA:69,4,1,3
BRDA:94,5,0,0
BRDA:94,5,1,1
BRDA:98,6,0,1
BRDA:98,6,1,0
BRDA:118,7,0,1
BRDA:118,7,1,0
BRDA:138,8,0,0
BRDA:138,8,1,1
BRDA:142,9,0,1
BRDA:142,9,1,0
BRF:20
BRH:13
end_of_record
TN:
SF:api/v1/controllers/document.js
FN:26,(anonymous_0)
FN:107,(anonymous_1)
FN:149,(anonymous_2)
FN:318,(anonymous_3)
FN:377,(anonymous_4)
FN:413,uploadFile
FN:437,uploadSignature
FN:462,uploadSignedDoc
FN:484,checkSignatureAllSigned
FN:502,saveFile
FN:503,(anonymous_10)
FN:504,(anonymous_11)
FNF:12
FNH:0
FNDA:0,(anonymous_0)
FNDA:0,(anonymous_1)
FNDA:0,(anonymous_2)
FNDA:0,(anonymous_3)
FNDA:0,(anonymous_4)
FNDA:0,uploadFile
FNDA:0,uploadSignature
FNDA:0,uploadSignedDoc
FNDA:0,checkSignatureAllSigned
FNDA:0,saveFile
FNDA:0,(anonymous_10)
FNDA:0,(anonymous_11)
DA:1,6
DA:2,6
DA:3,6
DA:4,6
DA:5,6
DA:6,6
DA:7,6
DA:8,6
DA:9,6
DA:10,6
DA:11,6
DA:12,6
DA:13,6
DA:14,6
DA:15,6
DA:16,6
DA:17,6
DA:18,6
DA:19,6
DA:20,6
DA:21,6
DA:27,0
DA:28,0
DA:29,0
DA:31,0
DA:32,0
DA:33,0
DA:34,0
DA:35,0
DA:36,0
DA:38,0
DA:39,0
DA:41,0
DA:42,0
DA:43,0
DA:48,0
DA:49,0
DA:50,0
DA:51,0
DA:52,0
DA:53,0
DA:54,0
DA:55,0
DA:56,0
DA:58,0
DA:61,0
DA:62,0
DA:63,0
DA:64,0
DA:66,0
DA:68,0
DA:70,0
DA:71,0
DA:72,0
DA:73,0
DA:78,0
DA:79,0
DA:91,0
DA:96,0
DA:98,0
DA:103,0
DA:104,0
DA:108,0
DA:109,0
DA:110,0
DA:111,0
DA:112,0
DA:113,0
DA:115,0
DA:116,0
DA:117,0
DA:118,0
DA:119,0
DA:120,0
DA:122,0
DA:125,0
DA:126,0
DA:127,0
DA:128,0
DA:130,0
DA:132,0
DA:133,0
DA:135,0
DA:136,0
DA:140,0
DA:141,0
DA:142,0
DA:147,0
DA:148,0
DA:149,0
DA:150,0
DA:151,0
DA:156,0
DA:157,0
DA:158,0
DA:159,0
DA:160,0
DA:161,0
DA:162,0
DA:163,0
DA:164,0
DA:165,0
DA:166,0
DA:167,0
DA:168,0
DA:169,0
DA:170,0
DA:171,0
DA:173,0
DA:174,0
DA:180,0
DA:181,0
DA:182,0
DA:183,0
DA:184,0
DA:185,0
DA:186,0
DA:187,0
DA:188,0
DA:193,0
DA:198,0
DA:199,0
DA:204,0
DA:205,0
DA:206,0
DA:207,0
DA:208,0
DA:227,0
DA:228,0
DA:230,0
DA:235,0
DA:237,0
DA:238,0
DA:239,0
DA:240,0
DA:241,0
DA:242,0
DA:243,0
DA:244,0
DA:245,0
DA:246,0
DA:247,0
DA:253,0
DA:259,0
DA:260,0
DA:261,0
DA:262,0
DA:263,0
DA:264,0
DA:265,0
DA:266,0
DA:267,0
DA:272,0
DA:277,0
DA:278,0
DA:283,0
DA:284,0
DA:285,0
DA:286,0
DA:287,0
DA:306,0
DA:308,0
DA:314,0
DA:315,0
DA:319,0
DA:320,0
DA:321,0
DA:322,0
DA:323,0
DA:324,0
DA:325,0
DA:331,0
DA:336,0
DA:341,0
DA:346,0
DA:351,0
DA:353,0
DA:354,0
DA:369,0
DA:371,0
DA:373,0
DA:374,0
DA:378,0
DA:379,0
DA:380,0
DA:383,0
DA:384,0
DA:387,0
DA:388,0
DA:389,0
DA:395,0
DA:400,0
DA:401,0
DA:414,0
DA:415,0
DA:416,0
DA:417,0
DA:424,0
DA:426,0
DA:427,0
DA:438,0
DA:439,0
DA:440,0
DA:441,0
DA:448,0
DA:450,0
DA:451,0
DA:463,0
DA:464,0
DA:465,0
DA:470,0
DA:471,0
DA:473,0
DA:474,0
DA:485,0
DA:486,0
DA:487,0
DA:488,0
DA:491,0
DA:492,0
DA:503,0
DA:504,0
DA:505,0
DA:506,0
DA:507,0
DA:509,0
DA:510,0
DA:514,6
LF:228
LH:22
BRDA:28,0,0,0
BRDA:28,0,1,0
BRDA:28,1,0,0
BRDA:28,1,1,0
BRDA:35,2,0,0
BRDA:35,2,1,0
BRDA:38,3,0,0
BRDA:38,3,1,0
BRDA:42,4,0,0
BRDA:42,4,1,0
BRDA:51,5,0,0
BRDA:51,5,1,0
BRDA:55,6,0,0
BRDA:55,6,1,0
BRDA:63,7,0,0
BRDA:63,7,1,0
BRDA:70,8,0,0
BRDA:70,8,1,0
BRDA:75,9,0,0
BRDA:75,9,1,0
BRDA:110,10,0,0
BRDA:110,10,1,0
BRDA:110,11,0,0
BRDA:110,11,1,0
BRDA:116,12,0,0
BRDA:116,12,1,0
BRDA:119,13,0,0
BRDA:119,13,1,0
BRDA:127,14,0,0
BRDA:127,14,1,0
BRDA:132,15,0,0
BRDA:132,15,1,0
BRDA:141,16,0,0
BRDA:141,16,1,0
BRDA:150,17,0,0
BRDA:150,17,1,0
BRDA:161,18,0,0
BRDA:161,18,1,0
BRDA:170,19,0,0
BRDA:170,19,1,0
BRDA:173,20,0,0
BRDA:173,20,1,0
BRDA:187,21,0,0
BRDA:187,21,1,0
BRDA:198,22,0,0
BRDA:198,22,1,0
BRDA:204,23,0,0
BRDA:204,23,1,0
BRDA:243,24,0,0
BRDA:243,24,1,0
BRDA:244,25,0,0
BRDA:244,25,1,0
BRDA:266,26,0,0
BRDA:266,26,1,0
BRDA:277,27,0,0
BRDA:277,27,1,0
BRDA:283,28,0,0
BRDA:283,28,1,0
BRDA:320,29,0,0
BRDA:320,29,1,0
BRDA:321,30,0,0
BRDA:321,30,1,0
BRDA:353,31,0,0
BRDA:353,31,1,0
BRDA:353,32,0,0
BRDA:353,32,1,0
BRDA:365,33,0,0
BRDA:365,33,1,0
BRDA:379,34,0,0
BRDA:379,34,1,0
BRDA:383,35,0,0
BRDA:383,35,1,0
BRDA:388,36,0,0
BRDA:388,36,1,0
BRDA:487,37,0,0
BRDA:487,37,1,0
BRDA:492,38,0,0
BRDA:492,38,1,0
BRDA:505,39,0,0
BRDA:505,39,1,0
BRF:80
BRH:0
end_of_record
TN:
SF:api/v1/controllers/receipient.js
FN:21,(anonymous_0)
FN:51,(anonymous_1)
FN:84,(anonymous_2)
FN:106,(anonymous_3)
FN:132,(anonymous_4)
FN:158,(anonymous_5)
FN:181,(anonymous_6)
FN:218,(anonymous_7)
FN:260,(anonymous_8)
FN:287,(anonymous_9)
FN:326,(anonymous_10)
FNF:11
FNH:11
FNDA:1,(anonymous_0)
FNDA:1,(anonymous_1)
FNDA:1,(anonymous_2)
FNDA:1,(anonymous_3)
FNDA:1,(anonymous_4)
FNDA:1,(anonymous_5)
FNDA:1,(anonymous_6)
FNDA:1,(anonymous_7)
FNDA:1,(anonymous_8)
FNDA:1,(anonymous_9)
FNDA:1,(anonymous_10)
DA:1,6
DA:2,6
DA:3,6
DA:4,6
DA:5,6
DA:6,6
DA:7,6
DA:8,6
DA:9,6
DA:22,1
DA:23,1
DA:24,1
DA:25,0
DA:30,1
DA:31,1
DA:32,0
DA:34,1
DA:35,1
DA:36,1
DA:38,0
DA:40,0
DA:41,0
DA:52,1
DA:53,1
DA:54,0
DA:59,1
DA:60,1
DA:61,2
DA:62,2
DA:63,0
DA:65,2
DA:66,2
DA:68,1
DA:69,1
DA:71,0
DA:73,0
DA:74,0
DA:85,1
DA:86,1
DA:87,0
DA:92,1
DA:93,1
DA:94,0
DA:96,1
DA:97,1
DA:98,1
DA:100,0
DA:102,0
DA:103,0
DA:107,1
DA:108,1
DA:109,0
DA:114,1
DA:115,1
DA:116,3
DA:117,3
DA:118,0
DA:120,3
DA:121,3
DA:123,1
DA:124,1
DA:126,0
DA:128,0
DA:129,0
DA:133,1
DA:134,1
DA:135,0
DA:138,1
DA:139,0
DA:141,1
DA:142,1
DA:143,1
DA:149,0
DA:154,0
DA:155,0
DA:159,1
DA:164,1
DA:165,1
DA:168,1
DA:169,1
DA:173,1
DA:175,0
DA:177,0
DA:178,0
DA:182,1
DA:183,1
DA:184,1
DA:185,1
DA:186,1
DA:189,1
DA:190,0
DA:193,1
DA:195,1
DA:196,1
DA:197,1
DA:199,1
DA:200,1
DA:210,1
DA:212,0
DA:214,0
DA:215,0
DA:219,1
DA:220,1
DA:221,1
DA:222,1
DA:223,1
DA:226,1
DA:227,0
DA:229,1
DA:230,1
DA:231,1
DA:232,1
DA:237,1
DA:238,1
DA:239,1
DA:241,1
DA:242,1
DA:252,1
DA:254,0
DA:256,0
DA:257,0
DA:261,1
DA:262,1
DA:263,0
DA:266,1
DA:267,0
DA:270,1
DA:271,1
DA:272,1
DA:278,0
DA:283,0
DA:284,0
DA:288,1
DA:289,1
DA:290,0
DA:293,1
DA:294,0
DA:296,1
DA:297,1
DA:298,0
DA:299,0
DA:300,0
DA:301,0
DA:302,0
DA:309,1
DA:310,1
DA:311,1
DA:317,0
DA:322,0
DA:323,0
DA:327,1
DA:328,1
DA:329,0
DA:332,1
DA:333,0
DA:335,1
DA:336,1
DA:337,1
DA:343,0
DA:348,0
DA:349,0
DA:353,6
LF:162
LH:106
BRDA:24,0,0,0
BRDA:24,0,1,1
BRDA:31,1,0,0
BRDA:31,1,1,1
BRDA:35,2,0,1
BRDA:35,2,1,0
BRDA:53,3,0,0
BRDA:53,3,1,1
BRDA:62,4,0,0
BRDA:62,4,1,2
BRDA:68,5,0,1
BRDA:68,5,1,0
BRDA:68,6,0,1
BRDA:68,6,1,1
BRDA:86,7,0,0
BRDA:86,7,1,1
BRDA:93,8,0,0
BRDA:93,8,1,1
BRDA:97,9,0,1
BRDA:97,9,1,0
BRDA:108,10,0,0
BRDA:108,10,1,1
BRDA:117,11,0,0
BRDA:117,11,1,3
BRDA:123,12,0,1
BRDA:123,12,1,0
BRDA:123,13,0,1
BRDA:123,13,1,1
BRDA:134,14,0,0
BRDA:134,14,1,1
BRDA:138,15,0,0
BRDA:138,15,1,1
BRDA:142,16,0,1
BRDA:142,16,1,0
BRDA:168,17,0,1
BRDA:168,17,1,0
BRDA:168,18,0,1
BRDA:168,18,1,1
BRDA:183,19,0,1
BRDA:183,19,1,1
BRDA:184,20,0,1
BRDA:184,20,1,1
BRDA:189,21,0,0
BRDA:189,21,1,1
BRDA:199,22,0,1
BRDA:199,22,1,0
BRDA:199,23,0,1
BRDA:199,23,1,1
BRDA:206,24,0,1
BRDA:206,24,1,0
BRDA:220,25,0,1
BRDA:220,25,1,1
BRDA:221,26,0,1
BRDA:221,26,1,1
BRDA:226,27,0,0
BRDA:226,27,1,1
BRDA:231,28,0,1
BRDA:231,28,1,0
BRDA:241,29,0,1
BRDA:241,29,1,0
BRDA:241,30,0,1
BRDA:241,30,1,1
BRDA:248,31,0,1
BRDA:248,31,1,0
BRDA:262,32,0,0
BRDA:262,32,1,1
BRDA:266,33,0,0
BRDA:266,33,1,1
BRDA:271,34,0,1
BRDA:271,34,1,0
BRDA:289,35,0,0
BRDA:289,35,1,1
BRDA:293,36,0,0
BRDA:293,36,1,1
BRDA:297,37,0,0
BRDA:297,37,1,1
BRDA:299,38,0,0
BRDA:299,38,1,0
BRDA:301,39,0,0
BRDA:301,39,1,0
BRDA:310,40,0,1
BRDA:310,40,1,0
BRDA:328,41,0,0
BRDA:328,41,1,1
BRDA:332,42,0,0
BRDA:332,42,1,1
BRDA:336,43,0,1
BRDA:336,43,1,0
BRF:88
BRH:51
end_of_record
TN:
SF:api/v1/controllers/user.js
FN:30,(anonymous_0)
FN:67,(anonymous_1)
FN:145,(anonymous_2)
FN:193,(anonymous_3)
FN:222,(anonymous_4)
FN:249,(anonymous_5)
FN:269,(anonymous_6)
FN:307,(anonymous_7)
FN:347,(anonymous_8)
FN:376,(anonymous_9)
FN:399,(anonymous_10)
FN:425,(anonymous_11)
FN:454,(anonymous_12)
FN:627,(anonymous_13)
FNF:14
FNH:13
FNDA:2,(anonymous_0)
FNDA:2,(anonymous_1)
FNDA:1,(anonymous_2)
FNDA:1,(anonymous_3)
FNDA:1,(anonymous_4)
FNDA:0,(anonymous_5)
FNDA:1,(anonymous_6)
FNDA:1,(anonymous_7)
FNDA:1,(anonymous_8)
FNDA:1,(anonymous_9)
FNDA:1,(anonymous_10)
FNDA:1,(anonymous_11)
FNDA:1,(anonymous_12)
FNDA:1,(anonymous_13)
DA:1,6
DA:2,6
DA:3,6
DA:5,6
DA:6,6
DA:7,6
DA:8,6
DA:9,6
DA:10,6
DA:11,6
DA:12,6
DA:13,6
DA:14,6
DA:15,6
DA:17,6
DA:18,6
DA:31,2
DA:32,2
DA:33,2
DA:34,0
DA:39,2
DA:40,2
DA:42,4
DA:43,4
DA:44,2
DA:46,2
DA:47,2
DA:58,2
DA:60,2
DA:63,0
DA:64,0
DA:68,2
DA:69,2
DA:70,0
DA:72,2
DA:73,2
DA:74,2
DA:75,2
DA:76,2
DA:77,1
DA:79,2
DA:80,2
DA:81,0
DA:86,2
DA:87,2
DA:88,0
DA:93,2
DA:94,2
DA:95,2
DA:97,2
DA:98,2
DA:99,0
DA:100,0
DA:101,0
DA:102,0
DA:104,0
DA:107,2
DA:108,2
DA:109,2
DA:110,0
DA:112,2
DA:114,2
DA:115,0
DA:117,2
DA:118,2
DA:119,1
DA:120,1
DA:121,1
DA:126,1
DA:128,0
DA:130,1
DA:131,1
DA:132,1
DA:137,1
DA:139,0
DA:141,0
DA:142,0
DA:146,1
DA:147,1
DA:148,0
DA:150,1
DA:151,1
DA:152,1
DA:153,1
DA:154,1
DA:155,1
DA:157,1
DA:158,1
DA:159,0
DA:160,0
DA:161,0
DA:162,0
DA:164,0
DA:167,1
DA:168,1
DA:169,1
DA:170,0
DA:172,1
DA:174,1
DA:175,0
DA:177,1
DA:178,1
DA:179,1
DA:180,1
DA:185,1
DA:187,0
DA:189,0
DA:190,0
DA:194,1
DA:195,1
DA:196,1
DA:197,1
DA:199,1
DA:200,1
DA:201,1
DA:203,1
DA:204,1
DA:214,1
DA:216,0
DA:218,0
DA:219,0
DA:223,1
DA:224,1
DA:225,0
DA:228,1
DA:229,0
DA:232,1
DA:233,1
DA:234,1
DA:240,0
DA:245,0
DA:246,0
DA:250,0
DA:251,0
DA:252,0
DA:253,0
DA:254,0
DA:260,0
DA:265,0
DA:266,0
DA:270,1
DA:271,1
DA:272,1
DA:273,1
DA:274,0
DA:275,0
DA:276,0
DA:277,0
DA:278,0
DA:285,1
DA:286,1
DA:287,1
DA:288,1
DA:292,1
DA:298,0
DA:303,0
DA:304,0
DA:308,1
DA:309,1
DA:310,0
DA:313,1
DA:314,0
DA:316,1
DA:317,1
DA:318,0
DA:319,0
DA:320,0
DA:321,0
DA:322,0
DA:330,1
DA:331,1
DA:332,1
DA:338,0
DA:343,0
DA:344,0
DA:348,1
DA:349,1
DA:350,0
DA:353,1
DA:354,0
DA:356,1
DA:357,0
DA:359,1
DA:360,1
DA:361,1
DA:367,0
DA:372,0
DA:373,0
DA:377,1
DA:378,1
DA:379,1
DA:380,0
DA:382,1
DA:383,1
DA:384,1
DA:390,0
DA:395,0
DA:396,0
DA:400,1
DA:401,1
DA:402,0
DA:405,1
DA:406,0
DA:408,1
DA:409,1
DA:410,1
DA:416,0
DA:421,0
DA:422,0
DA:426,1
DA:427,1
DA:428,1
DA:429,1
DA:431,1
DA:432,1
DA:433,1
DA:435,1
DA:436,1
DA:446,1
DA:448,0
DA:450,0
DA:451,0
DA:455,1
DA:456,1
DA:457,1
DA:458,1
DA:459,1
DA:460,1
DA:462,1
DA:463,1
DA:465,1
DA:473,1
DA:481,1
DA:482,1
DA:483,1
DA:493,1
DA:495,0
DA:497,0
DA:498,0
DA:628,1
DA:629,1
DA:630,1
DA:631,1
DA:632,1
DA:633,1
DA:634,1
DA:637,1
DA:640,1
DA:641,1
DA:642,1
DA:652,1
DA:654,0
DA:656,0
DA:657,0
DA:687,6
LF:255
LH:169
BRDA:33,0,0,0
BRDA:33,0,1,2
BRDA:43,1,0,2
BRDA:43,1,1,2
BRDA:69,2,0,0
BRDA:69,2,1,2
BRDA:69,3,0,2
BRDA:69,3,1,2
BRDA:76,4,0,1
BRDA:76,4,1,1
BRDA:80,5,0,0
BRDA:80,5,1,2
BRDA:87,6,0,0
BRDA:87,6,1,2
BRDA:98,7,0,0
BRDA:98,7,1,2
BRDA:101,8,0,0
BRDA:101,8,1,0
BRDA:109,9,0,0
BRDA:109,9,1,2
BRDA:114,10,0,0
BRDA:114,10,1,2
BRDA:118,11,0,1
BRDA:118,11,1,1
BRDA:120,12,0,1
BRDA:120,12,1,0
BRDA:131,13,0,1
BRDA:131,13,1,0
BRDA:147,14,0,0
BRDA:147,14,1,1
BRDA:147,15,0,1
BRDA:147,15,1,1
BRDA:158,16,0,0
BRDA:158,16,1,1
BRDA:161,17,0,0
BRDA:161,17,1,0
BRDA:169,18,0,0
BRDA:169,18,1,1
BRDA:174,19,0,0
BRDA:174,19,1,1
BRDA:179,20,0,1
BRDA:179,20,1,0
BRDA:195,21,0,1
BRDA:195,21,1,1
BRDA:196,22,0,1
BRDA:196,22,1,1
BRDA:203,23,0,1
BRDA:203,23,1,0
BRDA:203,24,0,1
BRDA:203,24,1,1
BRDA:210,25,0,1
BRDA:210,25,1,0
BRDA:224,26,0,0
BRDA:224,26,1,1
BRDA:228,27,0,0
BRDA:228,27,1,1
BRDA:233,28,0,1
BRDA:233,28,1,0
BRDA:253,29,0,0
BRDA:253,29,1,0
BRDA:273,30,0,0
BRDA:273,30,1,1
BRDA:275,31,0,0
BRDA:275,31,1,0
BRDA:277,32,0,0
BRDA:277,32,1,0
BRDA:287,33,0,1
BRDA:287,33,1,0
BRDA:309,34,0,0
BRDA:309,34,1,1
BRDA:313,35,0,0
BRDA:313,35,1,1
BRDA:317,36,0,0
BRDA:317,36,1,1
BRDA:319,37,0,0
BRDA:319,37,1,0
BRDA:321,38,0,0
BRDA:321,38,1,0
BRDA:331,39,0,1
BRDA:331,39,1,0
BRDA:349,40,0,0
BRDA:349,40,1,1
BRDA:353,41,0,0
BRDA:353,41,1,1
BRDA:356,42,0,0
BRDA:356,42,1,1
BRDA:360,43,0,1
BRDA:360,43,1,0
BRDA:379,44,0,0
BRDA:379,44,1,1
BRDA:383,45,0,1
BRDA:383,45,1,0
BRDA:401,46,0,0
BRDA:401,46,1,1
BRDA:405,47,0,0
BRDA:405,47,1,1
BRDA:409,48,0,1
BRDA:409,48,1,0
BRDA:427,49,0,1
BRDA:427,49,1,1
BRDA:428,50,0,1
BRDA:428,50,1,1
BRDA:435,51,0,1
BRDA:435,51,1,0
BRDA:435,52,0,1
BRDA:435,52,1,1
BRDA:442,53,0,1
BRDA:442,53,1,0
BRDA:456,54,0,1
BRDA:456,54,1,1
BRDA:457,55,0,1
BRDA:457,55,1,1
BRDA:462,56,0,1
BRDA:462,56,1,0
BRDA:482,57,0,1
BRDA:482,57,1,0
BRDA:482,58,0,1
BRDA:482,58,1,1
BRDA:489,59,0,1
BRDA:489,59,1,0
BRDA:629,60,0,1
BRDA:629,60,1,1
BRDA:630,61,0,1
BRDA:630,61,1,1
BRDA:641,62,0,1
BRDA:641,62,1,0
BRDA:641,63,0,1
BRDA:641,63,1,1
BRDA:648,64,0,1
BRDA:648,64,1,0
BRF:130
BRH:75
end_of_record
TN:
SF:api/v1/routes/authentication.js
FNF:0
FNH:0
DA:2,6
DA:3,6
DA:6,6
DA:7,6
DA:11,6
DA:14,6
DA:15,6
DA:16,6
DA:17,6
DA:18,6
LF:10
LH:10
BRF:0
BRH:0
end_of_record
TN:
SF:api/v1/routes/document.js
FNF:0
FNH:0
DA:2,6
DA:3,6
DA:6,6
DA:7,6
DA:11,6
DA:14,6
DA:15,6
DA:16,6
DA:17,6
DA:18,6
LF:10
LH:10
BRF:0
BRH:0
end_of_record
TN:
SF:api/v1/routes/administrators/invite.js
FNF:0
FNH:0
DA:2,6
DA:3,6
DA:6,6
DA:9,6
DA:11,6
DA:12,6
DA:13,6
DA:14,6
LF:8
LH:8
BRF:0
BRH:0
end_of_record
TN:
SF:api/v1/routes/administrators/recipient.js
FNF:0
FNH:0
DA:2,6
DA:3,6
DA:6,6
DA:9,6
DA:11,6
DA:12,6
DA:13,6
DA:14,6
DA:15,6
DA:16,6
DA:17,6
DA:18,6
DA:19,6
DA:20,6
DA:21,6
DA:22,6
DA:24,6
LF:17
LH:17
BRF:0
BRH:0
end_of_record
TN:
SF:api/v1/routes/administrators/users.js
FNF:0
FNH:0
DA:2,6
DA:3,6
DA:5,6
DA:8,6
DA:11,6
DA:13,6
DA:14,6
DA:15,6
DA:16,6
DA:17,6
DA:18,6
DA:19,6
DA:20,6
DA:21,6
DA:23,6
LF:15
LH:15
BRF:0
BRH:0
end_of_record
TN:
SF:api/v1/routes/users/invite.js
FNF:0
FNH:0
DA:2,6
DA:3,6
DA:6,6
DA:9,6
DA:11,6
DA:12,6
DA:13,6
LF:7
LH:7
BRF:0
BRH:0
end_of_record
TN:
SF:api/v1/routes/users/users.js
FNF:0
FNH:0
DA:2,6
DA:3,6
DA:5,6
DA:8,6
DA:11,6
DA:13,6
DA:14,6
DA:15,6
DA:16,6
DA:17,6
LF:10
LH:10
BRF:0
BRH:0
end_of_record
TN:
SF:middlewares/verify_auth.js
FN:9,(anonymous_0)
FN:32,(anonymous_1)
FN:55,(anonymous_2)
FNF:3
FNH:3
FNDA:4,(anonymous_0)
FNDA:2,(anonymous_1)
FNDA:16,(anonymous_2)
DA:1,7
DA:2,7
DA:3,7
DA:4,7
DA:6,7
DA:8,7
DA:10,4
DA:11,4
DA:12,0
DA:15,4
DA:16,4
DA:18,0
DA:21,4
DA:22,4
DA:23,4
DA:24,4
DA:25,1
DA:27,3
DA:29,0
DA:33,2
DA:34,2
DA:35,0
DA:38,2
DA:39,2
DA:41,0
DA:44,2
DA:45,2
DA:46,2
DA:47,2
DA:48,0
DA:50,2
DA:52,0
DA:56,16
DA:57,16
DA:58,0
DA:61,16
DA:62,16
DA:64,0
DA:67,16
DA:68,16
DA:69,16
DA:72,16
DA:73,16
DA:74,0
DA:76,16
DA:78,0
DA:83,7
LF:47
LH:36
BRDA:11,0,0,0
BRDA:11,0,1,4
BRDA:15,1,0,4
BRDA:15,1,1,0
BRDA:24,2,0,1
BRDA:24,2,1,3
BRDA:34,3,0,0
BRDA:34,3,1,2
BRDA:38,4,0,2
BRDA:38,4,1,0
BRDA:47,5,0,0
BRDA:47,5,1,2
BRDA:57,6,0,0
BRDA:57,6,1,16
BRDA:61,7,0,16
BRDA:61,7,1,0
BRDA:73,8,0,0
BRDA:73,8,1,16
BRDA:73,9,0,16
BRDA:73,9,1,0
BRF:20
BRH:11
end_of_record
TN:
SF:utilities/tokeniztion.js
FN:14,(anonymous_0)
FN:20,(anonymous_1)
FN:31,(anonymous_2)
FNF:3
FNH:2
FNDA:15,(anonymous_0)
FNDA:0,(anonymous_1)
FNDA:30,(anonymous_2)
DA:2,7
DA:3,7
DA:15,15
DA:21,0
DA:32,30
DA:37,7
LF:6
LH:5
BRF:0
BRH:0
end_of_record
TN:
SF:validations/validate_accept_invite.js
FN:3,(anonymous_0)
FNF:1
FNH:1
FNDA:2,(anonymous_0)
DA:1,6
DA:3,6
DA:4,2
DA:10,2
DA:15,6
LF:5
LH:5
BRF:0
BRH:0
end_of_record
TN:
SF:validations/validate_document_prepare.js
FN:3,(anonymous_0)
FNF:1
FNH:0
FNDA:0,(anonymous_0)
DA:1,6
DA:3,6
DA:4,0
DA:11,0
DA:16,6
LF:5
LH:3
BRF:0
BRH:0
end_of_record
TN:
SF:validations/validate_document_sign.js
FN:3,(anonymous_0)
FNF:1
FNH:0
FNDA:0,(anonymous_0)
DA:1,6
DA:3,6
DA:4,0
DA:8,0
DA:13,6
LF:5
LH:3
BRF:0
BRH:0
end_of_record
TN:
SF:validations/validate_invite.js
FN:3,(anonymous_0)
FNF:1
FNH:1
FNDA:2,(anonymous_0)
DA:1,6
DA:3,6
DA:4,2
DA:7,2
DA:12,6
LF:5
LH:5
BRF:0
BRH:0
end_of_record
TN:
SF:validations/validate_recipients.js
FN:3,(anonymous_0)
FNF:1
FNH:1
FNDA:1,(anonymous_0)
DA:1,6
DA:3,6
DA:4,1
DA:8,1
DA:13,6
LF:5
LH:5
BRF:0
BRH:0
end_of_record
TN:
SF:validations/validate_reg.js
FN:3,(anonymous_0)
FNF:1
FNH:1
FNDA:11,(anonymous_0)
DA:1,6
DA:3,6
DA:4,11
DA:9,11
DA:14,6
LF:5
LH:5
BRF:0
BRH:0
end_of_record
