TN:
SF:app.js
FN:58,(anonymous_0)
FNF:1
FNH:1
FNDA:3,(anonymous_0)
DA:2,3
DA:3,3
DA:4,3
DA:5,3
DA:6,3
DA:7,3
DA:8,3
DA:9,3
DA:10,3
DA:14,3
DA:15,3
DA:16,3
DA:17,3
DA:18,3
DA:19,3
DA:31,3
DA:34,3
DA:35,3
DA:37,3
DA:38,3
DA:40,3
DA:41,3
DA:42,3
DA:43,3
DA:44,3
DA:45,3
DA:46,3
DA:49,3
DA:55,3
DA:57,3
DA:58,3
DA:59,3
DA:62,3
LF:33
LH:33
BRDA:2,0,0,3
BRDA:2,0,1,3
BRF:2
BRH:2
end_of_record
TN:
SF:api/v1/controllers/authentication.js
FN:23,(anonymous_0)
FNF:1
FNH:1
FNDA:8,(anonymous_0)
DA:1,3
DA:2,3
DA:3,3
DA:4,3
DA:5,3
DA:6,3
DA:7,3
DA:8,3
DA:9,3
DA:24,8
DA:25,8
DA:26,8
DA:27,1
DA:32,7
DA:41,7
DA:49,7
DA:50,7
DA:51,0
DA:53,7
DA:54,7
DA:55,7
DA:56,7
DA:57,7
DA:58,3
DA:59,3
DA:61,7
DA:62,7
DA:67,7
DA:68,7
DA:74,0
DA:75,0
DA:79,3
LF:32
LH:29
BRDA:26,0,0,1
BRDA:26,0,1,7
BRDA:43,1,0,7
BRDA:43,1,1,0
BRDA:50,2,0,0
BRDA:50,2,1,7
BRDA:57,3,0,3
BRDA:57,3,1,4
BRDA:64,4,0,7
BRDA:64,4,1,4
BRF:10
BRH:8
end_of_record
TN:
SF:api/v1/controllers/user.js
FN:26,(anonymous_0)
FN:51,(anonymous_1)
FN:120,(anonymous_2)
FN:149,(anonymous_3)
FN:176,(anonymous_4)
FN:196,(anonymous_5)
FN:234,(anonymous_6)
FN:274,(anonymous_7)
FN:303,(anonymous_8)
FN:329,(anonymous_9)
FN:358,(anonymous_10)
FN:398,(anonymous_11)
FN:440,uploadFile
FNF:13
FNH:3
FNDA:0,(anonymous_0)
FNDA:2,(anonymous_1)
FNDA:0,(anonymous_2)
FNDA:0,(anonymous_3)
FNDA:0,(anonymous_4)
FNDA:1,(anonymous_5)
FNDA:0,(anonymous_6)
FNDA:0,(anonymous_7)
FNDA:0,(anonymous_8)
FNDA:0,(anonymous_9)
FNDA:0,(anonymous_10)
FNDA:0,(anonymous_11)
FNDA:2,uploadFile
DA:1,3
DA:2,3
DA:3,3
DA:4,3
DA:5,3
DA:6,3
DA:7,3
DA:8,3
DA:9,3
DA:10,3
DA:11,3
DA:12,3
DA:14,3
DA:27,0
DA:28,0
DA:29,0
DA:30,0
DA:35,0
DA:36,0
DA:38,0
DA:39,0
DA:40,0
DA:42,0
DA:43,0
DA:45,0
DA:47,0
DA:48,0
DA:52,2
DA:53,2
DA:54,0
DA:56,2
DA:57,2
DA:58,2
DA:59,2
DA:60,2
DA:61,1
DA:63,2
DA:64,2
DA:65,0
DA:70,2
DA:71,2
DA:72,0
DA:77,2
DA:78,2
DA:79,2
DA:81,2
DA:82,2
DA:83,0
DA:84,0
DA:85,0
DA:86,0
DA:87,0
DA:89,0
DA:92,2
DA:93,2
DA:94,2
DA:95,0
DA:97,2
DA:99,2
DA:100,0
DA:102,2
DA:103,2
DA:104,1
DA:106,2
DA:107,2
DA:112,2
DA:114,0
DA:116,0
DA:117,0
DA:121,0
DA:122,0
DA:123,0
DA:124,0
DA:126,0
DA:127,0
DA:128,0
DA:130,0
DA:131,0
DA:141,0
DA:143,0
DA:145,0
DA:146,0
DA:150,0
DA:151,0
DA:152,0
DA:155,0
DA:156,0
DA:159,0
DA:160,0
DA:161,0
DA:167,0
DA:172,0
DA:173,0
DA:177,0
DA:178,0
DA:179,0
DA:180,0
DA:181,0
DA:187,0
DA:192,0
DA:193,0
DA:197,1
DA:198,1
DA:199,1
DA:200,1
DA:201,0
DA:202,0
DA:203,0
DA:204,0
DA:205,0
DA:212,1
DA:213,1
DA:214,1
DA:215,1
DA:219,1
DA:225,0
DA:230,0
DA:231,0
DA:235,0
DA:236,0
DA:237,0
DA:240,0
DA:241,0
DA:243,0
DA:244,0
DA:245,0
DA:246,0
DA:247,0
DA:248,0
DA:249,0
DA:257,0
DA:258,0
DA:259,0
DA:265,0
DA:270,0
DA:271,0
DA:275,0
DA:276,0
DA:277,0
DA:280,0
DA:281,0
DA:283,0
DA:284,0
DA:286,0
DA:287,0
DA:288,0
DA:294,0
DA:299,0
DA:300,0
DA:304,0
DA:305,0
DA:306,0
DA:309,0
DA:310,0
DA:312,0
DA:313,0
DA:314,0
DA:320,0
DA:325,0
DA:326,0
DA:330,0
DA:331,0
DA:332,0
DA:333,0
DA:335,0
DA:336,0
DA:337,0
DA:339,0
DA:340,0
DA:350,0
DA:352,0
DA:354,0
DA:355,0
DA:359,0
DA:360,0
DA:361,0
DA:362,0
DA:363,0
DA:364,0
DA:371,0
DA:378,0
DA:379,0
DA:380,0
DA:390,0
DA:392,0
DA:394,0
DA:395,0
DA:399,0
DA:400,0
DA:401,0
DA:402,0
DA:403,0
DA:404,0
DA:405,0
DA:408,0
DA:411,0
DA:412,0
DA:413,0
DA:423,0
DA:425,0
DA:427,0
DA:428,0
DA:441,2
DA:442,2
DA:443,2
DA:444,2
DA:450,2
DA:452,0
DA:453,0
DA:456,3
LF:210
LH:56
BRDA:29,0,0,0
BRDA:29,0,1,0
BRDA:39,1,0,0
BRDA:39,1,1,0
BRDA:53,2,0,0
BRDA:53,2,1,2
BRDA:53,3,0,2
BRDA:53,3,1,2
BRDA:60,4,0,1
BRDA:60,4,1,1
BRDA:64,5,0,0
BRDA:64,5,1,2
BRDA:71,6,0,0
BRDA:71,6,1,2
BRDA:82,7,0,0
BRDA:82,7,1,2
BRDA:86,8,0,0
BRDA:86,8,1,0
BRDA:94,9,0,0
BRDA:94,9,1,2
BRDA:99,10,0,0
BRDA:99,10,1,2
BRDA:103,11,0,1
BRDA:103,11,1,1
BRDA:106,12,0,2
BRDA:106,12,1,0
BRDA:122,13,0,0
BRDA:122,13,1,0
BRDA:123,14,0,0
BRDA:123,14,1,0
BRDA:130,15,0,0
BRDA:130,15,1,0
BRDA:130,16,0,0
BRDA:130,16,1,0
BRDA:137,17,0,0
BRDA:137,17,1,0
BRDA:151,18,0,0
BRDA:151,18,1,0
BRDA:155,19,0,0
BRDA:155,19,1,0
BRDA:160,20,0,0
BRDA:160,20,1,0
BRDA:180,21,0,0
BRDA:180,21,1,0
BRDA:200,22,0,0
BRDA:200,22,1,1
BRDA:202,23,0,0
BRDA:202,23,1,0
BRDA:204,24,0,0
BRDA:204,24,1,0
BRDA:214,25,0,1
BRDA:214,25,1,0
BRDA:236,26,0,0
BRDA:236,26,1,0
BRDA:240,27,0,0
BRDA:240,27,1,0
BRDA:244,28,0,0
BRDA:244,28,1,0
BRDA:246,29,0,0
BRDA:246,29,1,0
BRDA:248,30,0,0
BRDA:248,30,1,0
BRDA:258,31,0,0
BRDA:258,31,1,0
BRDA:276,32,0,0
BRDA:276,32,1,0
BRDA:280,33,0,0
BRDA:280,33,1,0
BRDA:283,34,0,0
BRDA:283,34,1,0
BRDA:287,35,0,0
BRDA:287,35,1,0
BRDA:305,36,0,0
BRDA:305,36,1,0
BRDA:309,37,0,0
BRDA:309,37,1,0
BRDA:313,38,0,0
BRDA:313,38,1,0
BRDA:331,39,0,0
BRDA:331,39,1,0
BRDA:332,40,0,0
BRDA:332,40,1,0
BRDA:339,41,0,0
BRDA:339,41,1,0
BRDA:339,42,0,0
BRDA:339,42,1,0
BRDA:346,43,0,0
BRDA:346,43,1,0
BRDA:360,44,0,0
BRDA:360,44,1,0
BRDA:361,45,0,0
BRDA:361,45,1,0
BRDA:379,46,0,0
BRDA:379,46,1,0
BRDA:379,47,0,0
BRDA:379,47,1,0
BRDA:386,48,0,0
BRDA:386,48,1,0
BRDA:400,49,0,0
BRDA:400,49,1,0
BRDA:401,50,0,0
BRDA:401,50,1,0
BRDA:412,51,0,0
BRDA:412,51,1,0
BRDA:412,52,0,0
BRDA:412,52,1,0
BRDA:419,53,0,0
BRDA:419,53,1,0
BRF:108
BRH:15
end_of_record
TN:
SF:api/v1/routes/authentication.js
FNF:0
FNH:0
DA:2,3
DA:3,3
DA:6,3
DA:11,3
DA:14,3
DA:16,3
LF:6
LH:6
BRF:0
BRH:0
end_of_record
TN:
SF:api/v1/routes/administrators/invite.js
FNF:0
FNH:0
DA:2,3
DA:3,3
DA:6,3
DA:9,3
DA:11,3
DA:12,3
DA:13,3
DA:14,3
LF:8
LH:8
BRF:0
BRH:0
end_of_record
TN:
SF:api/v1/routes/administrators/users.js
FNF:0
FNH:0
DA:2,3
DA:3,3
DA:5,3
DA:8,3
DA:11,3
DA:13,3
DA:14,3
DA:15,3
DA:16,3
DA:17,3
DA:18,3
DA:19,3
DA:21,3
LF:13
LH:13
BRF:0
BRH:0
end_of_record
TN:
SF:api/v1/routes/users/invite.js
FNF:0
FNH:0
DA:2,3
DA:3,3
DA:6,3
DA:9,3
DA:11,3
DA:12,3
DA:13,3
LF:7
LH:7
BRF:0
BRH:0
end_of_record
TN:
SF:api/v1/routes/users/users.js
FNF:0
FNH:0
DA:2,3
DA:3,3
DA:5,3
DA:8,3
DA:11,3
DA:13,3
DA:14,3
DA:16,3
LF:8
LH:8
BRF:0
BRH:0
end_of_record
TN:
SF:config/development.js
FNF:0
FNH:0
DA:1,3
DA:2,3
DA:8,3
LF:3
LH:3
BRDA:3,0,0,3
BRDA:3,0,1,0
BRF:2
BRH:1
end_of_record
TN:
SF:config/index.js
FNF:0
FNH:0
DA:1,3
DA:2,3
DA:3,3
DA:4,3
DA:5,3
DA:6,3
DA:7,3
DA:8,3
DA:14,3
DA:16,3
DA:17,0
DA:18,3
DA:19,0
DA:20,3
DA:21,0
DA:23,3
DA:24,0
DA:26,3
DA:27,3
DA:29,3
LF:20
LH:16
BRDA:16,0,0,0
BRDA:16,0,1,3
BRDA:18,1,0,0
BRDA:18,1,1,3
BRDA:20,2,0,0
BRDA:20,2,1,3
BRDA:23,3,0,0
BRDA:23,3,1,3
BRDA:26,4,0,3
BRDA:26,4,1,0
BRF:10
BRH:5
end_of_record
TN:
SF:config/local.js
FNF:0
FNH:0
DA:1,3
DA:2,3
DA:8,3
LF:3
LH:3
BRDA:3,0,0,3
BRDA:3,0,1,0
BRF:2
BRH:1
end_of_record
TN:
SF:config/production.js
FNF:0
FNH:0
DA:1,3
DA:2,3
DA:8,3
LF:3
LH:3
BRDA:3,0,0,3
BRDA:3,0,1,0
BRF:2
BRH:1
end_of_record
TN:
SF:config/staging.js
FNF:0
FNH:0
DA:1,3
DA:2,3
DA:8,3
LF:3
LH:3
BRDA:3,0,0,3
BRDA:3,0,1,0
BRF:2
BRH:1
end_of_record
TN:
SF:middlewares/verify_auth.js
FN:9,(anonymous_0)
FN:32,(anonymous_1)
FN:55,(anonymous_2)
FNF:3
FNH:2
FNDA:2,(anonymous_0)
FNDA:2,(anonymous_1)
FNDA:0,(anonymous_2)
DA:1,4
DA:2,4
DA:3,4
DA:4,4
DA:6,4
DA:8,4
DA:10,2
DA:11,2
DA:12,0
DA:15,2
DA:16,2
DA:18,0
DA:21,2
DA:22,2
DA:23,2
DA:24,2
DA:25,1
DA:27,1
DA:29,0
DA:33,2
DA:34,2
DA:35,0
DA:38,2
DA:39,2
DA:41,0
DA:44,2
DA:45,2
DA:46,2
DA:47,2
DA:48,0
DA:50,2
DA:52,0
DA:56,0
DA:57,0
DA:58,0
DA:61,0
DA:62,0
DA:64,0
DA:67,0
DA:68,0
DA:69,0
DA:72,0
DA:73,0
DA:74,0
DA:76,0
DA:78,0
DA:83,4
LF:47
LH:26
BRDA:11,0,0,0
BRDA:11,0,1,2
BRDA:15,1,0,2
BRDA:15,1,1,0
BRDA:24,2,0,1
BRDA:24,2,1,1
BRDA:34,3,0,0
BRDA:34,3,1,2
BRDA:38,4,0,2
BRDA:38,4,1,0
BRDA:47,5,0,0
BRDA:47,5,1,2
BRDA:57,6,0,0
BRDA:57,6,1,0
BRDA:61,7,0,0
BRDA:61,7,1,0
BRDA:73,8,0,0
BRDA:73,8,1,0
BRDA:73,9,0,0
BRDA:73,9,1,0
BRF:20
BRH:7
end_of_record
TN:
SF:models/invite.js
FNF:0
FNH:0
DA:1,3
DA:2,3
DA:3,3
DA:4,3
DA:24,3
LF:5
LH:5
BRF:0
BRH:0
end_of_record
TN:
SF:models/user.js
FNF:0
FNH:0
DA:1,3
DA:2,3
DA:3,3
DA:4,3
DA:39,3
LF:5
LH:5
BRF:0
BRH:0
end_of_record
TN:
SF:services/Notification.js
FN:6,(anonymous_0)
FNF:1
FNH:0
FNDA:0,(anonymous_0)
DA:2,3
DA:3,3
DA:4,3
DA:5,3
DA:6,3
DA:7,0
DA:8,0
DA:9,0
DA:21,0
DA:31,0
DA:32,0
DA:33,0
DA:34,0
DA:35,0
DA:36,0
DA:48,0
DA:49,0
DA:50,0
DA:51,0
DA:54,0
DA:58,3
LF:21
LH:6
BRDA:6,0,0,0
BRDA:38,1,0,0
BRDA:38,1,1,0
BRDA:42,2,0,0
BRDA:42,2,1,0
BRDA:43,3,0,0
BRDA:43,3,1,0
BRDA:44,4,0,0
BRDA:44,4,1,0
BRDA:44,5,0,0
BRDA:44,5,1,0
BRDA:46,6,0,0
BRDA:46,6,1,0
BRDA:46,7,0,0
BRDA:46,7,1,0
BRF:15
BRH:0
end_of_record
TN:
SF:tests/helpers.js
FN:5,(anonymous_0)
FN:14,(anonymous_1)
FN:22,(anonymous_2)
FN:31,(anonymous_3)
FN:40,(anonymous_4)
FNF:5
FNH:3
FNDA:8,(anonymous_0)
FNDA:2,(anonymous_1)
FNDA:0,(anonymous_2)
FNDA:0,(anonymous_3)
FNDA:2,(anonymous_4)
DA:1,3
DA:2,3
DA:3,3
DA:4,3
DA:5,3
DA:6,8
DA:7,8
DA:8,8
DA:9,8
DA:10,0
DA:12,8
DA:14,3
DA:15,2
DA:16,2
DA:17,2
DA:18,2
DA:20,2
DA:22,3
DA:23,0
DA:24,0
DA:25,0
DA:26,0
DA:27,0
DA:29,0
DA:31,3
DA:32,0
DA:33,0
DA:34,0
DA:35,0
DA:36,0
DA:38,0
DA:40,3
DA:41,2
DA:42,2
DA:43,2
DA:44,2
DA:45,2
DA:47,2
LF:38
LH:25
BRDA:9,0,0,0
BRDA:9,0,1,8
BRDA:9,1,0,8
BRDA:9,1,1,0
BRDA:17,2,0,2
BRDA:17,2,1,0
BRDA:17,3,0,2
BRDA:17,3,1,2
BRDA:26,4,0,0
BRDA:26,4,1,0
BRDA:26,5,0,0
BRDA:26,5,1,0
BRDA:35,6,0,0
BRDA:35,6,1,0
BRDA:35,7,0,0
BRDA:35,7,1,0
BRDA:44,8,0,2
BRDA:44,8,1,0
BRDA:44,9,0,2
BRDA:44,9,1,2
BRF:20
BRH:8
end_of_record
TN:
SF:tests/Integration/test_data/auth_data/admin_data.js
FNF:0
FNH:0
DA:1,3
DA:2,3
DA:3,3
LF:3
LH:3
BRF:0
BRH:0
end_of_record
TN:
SF:tests/Integration/test_data/auth_data/user_data.js
FNF:0
FNH:0
DA:1,0
LF:1
LH:0
BRF:0
BRH:0
end_of_record
TN:
SF:tests/Integration/test_data/user_data/admin_data.js
FNF:0
FNH:0
DA:1,0
LF:1
LH:0
BRF:0
BRH:0
end_of_record
TN:
SF:tests/Integration/test_data/user_data/user_data.js
FNF:0
FNH:0
DA:1,0
LF:1
LH:0
BRF:0
BRH:0
end_of_record
TN:
SF:utilities/response.js
FN:9,(anonymous_0)
FN:16,(anonymous_1)
FN:23,(anonymous_2)
FNF:3
FNH:2
FNDA:10,(anonymous_0)
FNDA:2,(anonymous_1)
FNDA:0,(anonymous_2)
DA:1,4
DA:10,10
DA:17,2
DA:24,0
DA:28,4
LF:5
LH:4
BRDA:9,0,0,10
BRDA:9,1,0,0
BRDA:9,2,0,0
BRDA:16,3,0,1
BRDA:16,4,0,0
BRDA:16,5,0,2
BRDA:23,6,0,0
BRDA:23,7,0,0
BRDA:23,8,0,0
BRF:9
BRH:3
end_of_record
TN:
SF:utilities/tokeniztion.js
FN:14,(anonymous_0)
FN:20,(anonymous_1)
FN:31,(anonymous_2)
FNF:3
FNH:2
FNDA:11,(anonymous_0)
FNDA:0,(anonymous_1)
FNDA:12,(anonymous_2)
DA:2,4
DA:3,4
DA:15,11
DA:21,0
DA:32,12
DA:37,4
LF:6
LH:5
BRF:0
BRH:0
end_of_record
TN:
SF:utilities/utils.js
FN:14,(anonymous_0)
FN:22,(anonymous_1)
FNF:2
FNH:0
FNDA:0,(anonymous_0)
FNDA:0,(anonymous_1)
DA:2,3
DA:3,3
DA:4,3
DA:5,3
DA:6,3
DA:8,3
DA:15,0
DA:23,0
DA:28,3
LF:9
LH:7
BRF:0
BRH:0
end_of_record
TN:
SF:validations/validate_accept_invite.js
FN:3,(anonymous_0)
FNF:1
FNH:1
FNDA:2,(anonymous_0)
DA:1,3
DA:3,3
DA:4,2
DA:10,2
DA:15,3
LF:5
LH:5
BRF:0
BRH:0
end_of_record
TN:
SF:validations/validate_invite.js
FN:3,(anonymous_0)
FNF:1
FNH:0
FNDA:0,(anonymous_0)
DA:1,3
DA:3,3
DA:4,0
DA:7,0
DA:12,3
LF:5
LH:3
BRF:0
BRH:0
end_of_record
TN:
SF:validations/validate_reg.js
FN:3,(anonymous_0)
FNF:1
FNH:1
FNDA:8,(anonymous_0)
DA:1,3
DA:3,3
DA:4,8
DA:8,8
DA:13,3
LF:5
LH:5
BRF:0
BRH:0
end_of_record
